Gene		GRCP	GLCP
ENSG00000006837		0.000e+00	0.000e+00
ENSG00000011083		0.000e+00	0.000e+00
ENSG00000013561		0.000e+00	0.000e+00
ENSG00000015479		0.000e+00	0.000e+00
ENSG00000016082		0.000e+00	0.000e+00
ENSG00000019582		0.000e+00	0.000e+00
ENSG00000027847		0.000e+00	0.000e+00
ENSG00000028310		0.000e+00	0.000e+00
ENSG00000031003		0.000e+00	0.000e+00
ENSG00000035499		0.000e+00	0.000e+00
ENSG00000037241		0.000e+00	0.000e+00
ENSG00000037280		0.000e+00	0.000e+00
ENSG00000037474		0.000e+00	0.000e+00
ENSG00000037749		0.000e+00	0.000e+00
ENSG00000038274		0.000e+00	0.000e+00
ENSG00000038382		0.000e+00	0.000e+00
ENSG00000038427		0.000e+00	0.000e+00
ENSG00000039123		0.000e+00	0.000e+00
ENSG00000039139		1.601e-02	1.619e-02
ENSG00000039319		0.000e+00	0.000e+00
ENSG00000039537		0.000e+00	0.000e+00
ENSG00000039560		0.000e+00	0.000e+00
ENSG00000039600		0.000e+00	0.000e+00
ENSG00000040275		0.000e+00	0.000e+00
ENSG00000043143		0.000e+00	0.000e+00
ENSG00000043462		0.000e+00	0.000e+00
ENSG00000044115		0.000e+00	0.000e+00
ENSG00000047188		0.000e+00	0.000e+00
ENSG00000048140		0.000e+00	0.000e+00
ENSG00000048162		0.000e+00	0.000e+00
ENSG00000049167		0.000e+00	0.000e+00
ENSG00000049192		0.000e+00	0.000e+00
ENSG00000049656		0.000e+00	0.000e+00
ENSG00000049860		0.000e+00	0.000e+00
ENSG00000049883		0.000e+00	0.000e+00
ENSG00000050748		0.000e+00	0.000e+00
ENSG00000050767		4.370e-01	5.140e-01
ENSG00000051596		0.000e+00	0.000e+00
ENSG00000053108		4.580e-03	6.571e-03
ENSG00000055147		0.000e+00	0.000e+00
ENSG00000055163		0.000e+00	0.000e+00
ENSG00000056097		0.000e+00	0.000e+00
ENSG00000058729		0.000e+00	0.000e+00
ENSG00000061455		0.000e+00	0.000e+00
ENSG00000062194		0.000e+00	0.000e+00
ENSG00000063438		0.000e+00	0.000e+00
ENSG00000064651		0.000e+00	0.000e+00
ENSG00000064652		0.000e+00	0.000e+00
ENSG00000064692		0.000e+00	0.000e+00
ENSG00000066230		0.000e+00	0.000e+00
ENSG00000066583		0.000e+00	0.000e+00
ENSG00000067113		0.000e+00	0.000e+00
ENSG00000067248		0.000e+00	0.000e+00
ENSG00000068796		0.000e+00	0.000e+00
ENSG00000069011		0.000e+00	0.000e+00
ENSG00000069020		0.000e+00	0.000e+00
ENSG00000070193		0.000e+00	0.000e+00
ENSG00000070614		0.000e+00	0.000e+00
ENSG00000070808		0.000e+00	0.000e+00
ENSG00000070814		0.000e+00	0.000e+00
ENSG00000071539		0.000e+00	0.000e+00
ENSG00000072364		0.000e+00	0.000e+00
ENSG00000072571		1.101e-01	2.471e-01
ENSG00000072682		0.000e+00	0.000e+00
ENSG00000072786		0.000e+00	0.000e+00
ENSG00000072803		0.000e+00	0.000e+00
ENSG00000073578		0.000e+00	0.000e+00
ENSG00000074276		0.000e+00	0.000e+00
ENSG00000074317		0.000e+00	0.000e+00
ENSG00000078295		1.593e-04	1.593e-04
ENSG00000078795		5.537e-06	5.537e-06
ENSG00000079215		0.000e+00	0.000e+00
ENSG00000080709		0.000e+00	0.000e+00
ENSG00000081059		0.000e+00	0.000e+00
ENSG00000081189		0.000e+00	0.000e+00
ENSG00000081791		0.000e+00	0.000e+00
ENSG00000081818		0.000e+00	0.000e+00
ENSG00000081842		0.000e+00	0.000e+00
ENSG00000081853		0.000e+00	0.000e+00
ENSG00000082068		0.000e+00	0.000e+00
ENSG00000082074		0.000e+00	0.000e+00
ENSG00000082196		0.000e+00	0.000e+00
ENSG00000082213		0.000e+00	0.000e+00
ENSG00000082515		0.000e+00	0.000e+00
ENSG00000082516		0.000e+00	0.000e+00
ENSG00000083312		0.000e+00	0.000e+00
ENSG00000083720		0.000e+00	0.000e+00
ENSG00000085231		0.000e+00	0.000e+00
ENSG00000085365		0.000e+00	0.000e+00
ENSG00000086189		0.000e+00	0.000e+00
ENSG00000086200		0.000e+00	0.000e+00
ENSG00000086570		0.000e+00	0.000e+00
ENSG00000086589		0.000e+00	0.000e+00
ENSG00000087116		0.000e+00	0.000e+00
ENSG00000087206		0.000e+00	0.000e+00
ENSG00000091009		0.000e+00	0.000e+00
ENSG00000091010		0.000e+00	0.000e+00
ENSG00000092421		0.000e+00	0.000e+00
ENSG00000094755		0.000e+00	0.000e+00
ENSG00000094880		0.000e+00	0.000e+00
ENSG00000095015		0.000e+00	0.000e+00
ENSG00000112851		0.000e+00	0.000e+00
ENSG00000112852		0.000e+00	0.000e+00
ENSG00000112855		0.000e+00	0.000e+00
ENSG00000112874		5.929e-02	1.424e-01
ENSG00000112877		0.000e+00	0.000e+00
ENSG00000112893		0.000e+00	0.000e+00
ENSG00000112902		0.000e+00	0.000e+00
ENSG00000112936		0.000e+00	0.000e+00
ENSG00000112941		0.000e+00	0.000e+00
ENSG00000112964		0.000e+00	0.000e+00
ENSG00000112972		0.000e+00	0.000e+00
ENSG00000112977		0.000e+00	0.000e+00
ENSG00000112981		0.000e+00	0.000e+00
ENSG00000112983		0.000e+00	0.000e+00
ENSG00000112984		0.000e+00	0.000e+00
ENSG00000112992		0.000e+00	0.000e+00
ENSG00000112996		0.000e+00	0.000e+00
ENSG00000113013		0.000e+00	0.000e+00
ENSG00000113048		0.000e+00	0.000e+00
ENSG00000113068		0.000e+00	0.000e+00
ENSG00000113070		0.000e+00	0.000e+00
ENSG00000113073		0.000e+00	0.000e+00
ENSG00000113083		0.000e+00	0.000e+00
ENSG00000113088		0.000e+00	0.000e+00
ENSG00000113108		0.000e+00	0.000e+00
ENSG00000113119		0.000e+00	0.000e+00
ENSG00000113140		0.000e+00	0.000e+00
ENSG00000113141		5.058e-05	7.088e-05
ENSG00000113161		0.000e+00	0.000e+00
ENSG00000113163		3.533e-01	4.055e-01
ENSG00000113194		0.000e+00	0.000e+00
ENSG00000113205		0.000e+00	0.000e+00
ENSG00000113209		0.000e+00	0.000e+00
ENSG00000113211		0.000e+00	0.000e+00
ENSG00000113212		0.000e+00	0.000e+00
ENSG00000113231		0.000e+00	0.000e+00
ENSG00000113240		0.000e+00	0.000e+00
ENSG00000113248		0.000e+00	0.000e+00
ENSG00000113249		0.000e+00	0.000e+00
ENSG00000113262		0.000e+00	0.000e+00
ENSG00000113263		0.000e+00	0.000e+00
ENSG00000113269		0.000e+00	0.000e+00
ENSG00000113272		0.000e+00	0.000e+00
ENSG00000113273		0.000e+00	0.000e+00
ENSG00000113282		0.000e+00	0.000e+00
ENSG00000113296		0.000e+00	0.000e+00
ENSG00000113300		0.000e+00	0.000e+00
ENSG00000113302		0.000e+00	0.000e+00
ENSG00000113303		0.000e+00	0.000e+00
ENSG00000113312		0.000e+00	0.000e+00
ENSG00000113318		8.064e-01	8.064e-01
ENSG00000113319		0.000e+00	0.000e+00
ENSG00000113328		0.000e+00	0.000e+00
ENSG00000113356		0.000e+00	0.000e+00
ENSG00000113360		0.000e+00	0.000e+00
ENSG00000113361		0.000e+00	0.000e+00
ENSG00000113368		0.000e+00	0.000e+00
ENSG00000113369		0.000e+00	0.000e+00
ENSG00000113384		0.000e+00	0.000e+00
ENSG00000113387		0.000e+00	0.000e+00
ENSG00000113389		0.000e+00	0.000e+00
ENSG00000113391		4.526e-01	5.209e-01
ENSG00000113396		0.000e+00	0.000e+00
ENSG00000113407		0.000e+00	0.000e+00
ENSG00000113441		0.000e+00	0.000e+00
ENSG00000113448		0.000e+00	0.000e+00
ENSG00000113456		0.000e+00	0.000e+00
ENSG00000113460		0.000e+00	0.000e+00
ENSG00000113494		8.285e-01	8.771e-01
ENSG00000113504		0.000e+00	0.000e+00
ENSG00000113522		0.000e+00	0.000e+00
ENSG00000113532		5.053e-03	5.093e-03
ENSG00000113552		0.000e+00	0.000e+00
ENSG00000113555		0.000e+00	0.000e+00
ENSG00000113558		9.956e-01	9.956e-01
ENSG00000113569		0.000e+00	0.000e+00
ENSG00000113575		0.000e+00	0.000e+00
ENSG00000113578		8.545e-01	9.043e-01
ENSG00000113580		0.000e+00	0.000e+00
ENSG00000113583		4.500e-01	9.781e-01
ENSG00000113593		0.000e+00	0.000e+00
ENSG00000113594		0.000e+00	0.000e+00
ENSG00000113595		0.000e+00	0.000e+00
ENSG00000113597		0.000e+00	0.000e+00
ENSG00000113600		9.249e-01	9.819e-01
ENSG00000113615		0.000e+00	0.000e+00
ENSG00000113621		0.000e+00	0.000e+00
ENSG00000113638		0.000e+00	0.000e+00
ENSG00000113643		0.000e+00	0.000e+00
ENSG00000113645		0.000e+00	0.000e+00
ENSG00000113648		0.000e+00	0.000e+00
ENSG00000113649		0.000e+00	0.000e+00
ENSG00000113657		3.744e-03	4.893e-03
ENSG00000113658		0.000e+00	0.000e+00
ENSG00000113712		0.000e+00	0.000e+00
ENSG00000113716		0.000e+00	0.000e+00
ENSG00000113719		0.000e+00	0.000e+00
ENSG00000113721		0.000e+00	0.000e+00
ENSG00000113722		0.000e+00	0.000e+00
ENSG00000113732		0.000e+00	0.000e+00
ENSG00000113734		0.000e+00	0.000e+00
ENSG00000113739		0.000e+00	0.000e+00
ENSG00000113742		0.000e+00	0.000e+00
ENSG00000113749		0.000e+00	0.000e+00
ENSG00000113758		0.000e+00	0.000e+00
ENSG00000113761		0.000e+00	0.000e+00
ENSG00000113763		0.000e+00	0.000e+00
ENSG00000118322		9.289e-01	9.484e-01
ENSG00000118985		7.925e-01	9.068e-01
ENSG00000119048		0.000e+00	0.000e+00
ENSG00000120129		0.000e+00	0.000e+00
ENSG00000120137		0.000e+00	0.000e+00
ENSG00000120149		9.957e-01	9.957e-01
ENSG00000120306		0.000e+00	0.000e+00
ENSG00000120314		0.000e+00	0.000e+00
ENSG00000120318		0.000e+00	0.000e+00
ENSG00000120322		0.000e+00	0.000e+00
ENSG00000120324		0.000e+00	0.000e+00
ENSG00000120327		0.000e+00	0.000e+00
ENSG00000120328		0.000e+00	0.000e+00
ENSG00000120329		0.000e+00	0.000e+00
ENSG00000120705		0.000e+00	0.000e+00
ENSG00000120708		0.000e+00	0.000e+00
ENSG00000120709		0.000e+00	0.000e+00
ENSG00000120725		0.000e+00	0.000e+00
ENSG00000120727		2.345e-01	2.345e-01
ENSG00000120729		0.000e+00	0.000e+00
ENSG00000120733		0.000e+00	0.000e+00
ENSG00000120738		0.000e+00	0.000e+00
ENSG00000122008		0.000e+00	0.000e+00
ENSG00000122012		0.000e+00	0.000e+00
ENSG00000122203		0.000e+00	0.000e+00
ENSG00000123213		0.000e+00	0.000e+00
ENSG00000123219		0.000e+00	0.000e+00
ENSG00000123643		0.000e+00	0.000e+00
ENSG00000124275		0.000e+00	0.000e+00
ENSG00000124279		0.000e+00	0.000e+00
ENSG00000125347		0.000e+00	0.000e+00
ENSG00000127022		2.759e-03	1.029e-02
ENSG00000127184		0.000e+00	0.000e+00
ENSG00000127743		0.000e+00	0.000e+00
ENSG00000129595		0.000e+00	0.000e+00
ENSG00000129596		0.000e+00	0.000e+00
ENSG00000129625		6.206e-05	8.675e-05
ENSG00000130449		0.000e+00	0.000e+00
ENSG00000131187		0.000e+00	0.000e+00
ENSG00000131188		0.000e+00	0.000e+00
ENSG00000131435		0.000e+00	0.000e+00
ENSG00000131437		0.000e+00	0.000e+00
ENSG00000131446		0.000e+00	0.000e+00
ENSG00000131459		0.000e+00	0.000e+00
ENSG00000131495		0.000e+00	0.000e+00
ENSG00000131503		0.000e+00	0.000e+00
ENSG00000131504		0.000e+00	0.000e+00
ENSG00000131507		8.913e-01	8.913e-01
ENSG00000131508		0.000e+00	0.000e+00
ENSG00000131711		0.000e+00	0.000e+00
ENSG00000131730		0.000e+00	0.000e+00
ENSG00000131732		0.000e+00	0.000e+00
ENSG00000131844		0.000e+00	0.000e+00
ENSG00000132356		0.000e+00	0.000e+00
ENSG00000132357		0.000e+00	0.000e+00
ENSG00000132563		0.000e+00	0.000e+00
ENSG00000132570		0.000e+00	0.000e+00
ENSG00000132837		0.000e+00	0.000e+00
ENSG00000132840		0.000e+00	0.000e+00
ENSG00000132842		0.000e+00	0.000e+00
ENSG00000132846		0.000e+00	0.000e+00
ENSG00000132911		0.000e+00	0.000e+00
ENSG00000132912		0.000e+00	0.000e+00
ENSG00000133302		0.000e+00	0.000e+00
ENSG00000133398		0.000e+00	0.000e+00
ENSG00000133401		0.000e+00	0.000e+00
ENSG00000133706		0.000e+00	0.000e+00
ENSG00000133710		0.000e+00	0.000e+00
ENSG00000133835		0.000e+00	0.000e+00
ENSG00000134056		0.000e+00	0.000e+00
ENSG00000134057		0.000e+00	0.000e+00
ENSG00000134058		0.000e+00	0.000e+00
ENSG00000134061		0.000e+00	0.000e+00
ENSG00000134352		0.000e+00	0.000e+00
ENSG00000134363		0.000e+00	0.000e+00
ENSG00000134480		0.000e+00	0.000e+00
ENSG00000134516		0.000e+00	0.000e+00
ENSG00000134970		0.000e+00	0.000e+00
ENSG00000134982		0.000e+00	0.000e+00
ENSG00000134986		3.417e-03	4.244e-03
ENSG00000134987		0.000e+00	0.000e+00
ENSG00000135074		0.000e+00	0.000e+00
ENSG00000135077		0.000e+00	0.000e+00
ENSG00000135083		0.000e+00	0.000e+00
ENSG00000138829		0.000e+00	0.000e+00
ENSG00000142319		0.000e+00	0.000e+00
ENSG00000145491		0.000e+00	0.000e+00
ENSG00000145494		0.000e+00	0.000e+00
ENSG00000145495		0.000e+00	0.000e+00
ENSG00000145506		6.218e-03	8.574e-03
ENSG00000145536		0.000e+00	0.000e+00
ENSG00000145545		0.000e+00	0.000e+00
ENSG00000145555		0.000e+00	0.000e+00
ENSG00000145569		9.984e-01	1.000e+00
ENSG00000145592		0.000e+00	0.000e+00
ENSG00000145604		0.000e+00	0.000e+00
ENSG00000145623		0.000e+00	0.000e+00
ENSG00000145632		3.559e-02	3.768e-02
ENSG00000145649		0.000e+00	0.000e+00
ENSG00000145675		0.000e+00	0.000e+00
ENSG00000145685		0.000e+00	0.000e+00
ENSG00000145687		0.000e+00	0.000e+00
ENSG00000145692		0.000e+00	0.000e+00
ENSG00000145700		0.000e+00	0.000e+00
ENSG00000145703		0.000e+00	0.000e+00
ENSG00000145708		0.000e+00	0.000e+00
ENSG00000145715		6.926e-01	8.380e-01
ENSG00000145721		0.000e+00	0.000e+00
ENSG00000145723		3.139e-01	3.673e-01
ENSG00000145725		0.000e+00	0.000e+00
ENSG00000145730		9.700e-01	9.994e-01
ENSG00000145734		0.000e+00	0.000e+00
ENSG00000145736		0.000e+00	0.000e+00
ENSG00000145740		0.000e+00	0.000e+00
ENSG00000145741		0.000e+00	0.000e+00
ENSG00000145743		0.000e+00	0.000e+00
ENSG00000145757		0.000e+00	0.000e+00
ENSG00000145777		0.000e+00	0.000e+00
ENSG00000145779		0.000e+00	0.000e+00
ENSG00000145780		0.000e+00	0.000e+00
ENSG00000145781		0.000e+00	0.000e+00
ENSG00000145782		1.819e-01	2.270e-01
ENSG00000145794		0.000e+00	0.000e+00
ENSG00000145817		0.000e+00	0.000e+00
ENSG00000145819		0.000e+00	0.000e+00
ENSG00000145824		0.000e+00	0.000e+00
ENSG00000145833		0.000e+00	0.000e+00
ENSG00000145850		0.000e+00	0.000e+00
ENSG00000145860		0.000e+00	0.000e+00
ENSG00000145861		0.000e+00	0.000e+00
ENSG00000145864		0.000e+00	0.000e+00
ENSG00000145868		0.000e+00	0.000e+00
ENSG00000145882		4.807e-02	7.118e-02
ENSG00000145901		0.000e+00	0.000e+00
ENSG00000145907		0.000e+00	0.000e+00
ENSG00000145908		0.000e+00	0.000e+00
ENSG00000145911		0.000e+00	0.000e+00
ENSG00000145912		0.000e+00	0.000e+00
ENSG00000145916		9.798e-01	9.861e-01
ENSG00000145919		0.000e+00	0.000e+00
ENSG00000145920		0.000e+00	0.000e+00
ENSG00000145934		9.943e-01	1.000e+00
ENSG00000145936		9.177e-01	9.363e-01
ENSG00000146001		0.000e+00	0.000e+00
ENSG00000146005		0.000e+00	0.000e+00
ENSG00000146006		3.285e-01	6.875e-01
ENSG00000146007		0.000e+00	0.000e+00
ENSG00000146013		0.000e+00	0.000e+00
ENSG00000146021		0.000e+00	0.000e+00
ENSG00000146054		0.000e+00	0.000e+00
ENSG00000146063		0.000e+00	0.000e+00
ENSG00000146066		0.000e+00	0.000e+00
ENSG00000146067		0.000e+00	0.000e+00
ENSG00000146083		0.000e+00	0.000e+00
ENSG00000146090		0.000e+00	0.000e+00
ENSG00000146094		0.000e+00	0.000e+00
ENSG00000150712		0.000e+00	0.000e+00
ENSG00000150753		0.000e+00	0.000e+00
ENSG00000150756		7.517e-02	9.168e-02
ENSG00000151292		0.000e+00	0.000e+00
ENSG00000151304		0.000e+00	0.000e+00
ENSG00000151388		0.000e+00	0.000e+00
ENSG00000151422		0.000e+00	0.000e+00
ENSG00000151876		0.000e+00	0.000e+00
ENSG00000151881		0.000e+00	0.000e+00
ENSG00000151882		0.000e+00	0.000e+00
ENSG00000151883		0.000e+00	0.000e+00
ENSG00000152348		0.000e+00	0.000e+00
ENSG00000152359		0.000e+00	0.000e+00
ENSG00000152377		0.000e+00	0.000e+00
ENSG00000152380		0.000e+00	0.000e+00
ENSG00000152409		0.000e+00	0.000e+00
ENSG00000152413		0.000e+00	0.000e+00
ENSG00000152422		0.000e+00	0.000e+00
ENSG00000152495		3.026e-02	5.601e-02
ENSG00000152503		0.000e+00	0.000e+00
ENSG00000152582		0.000e+00	0.000e+00
ENSG00000152611		0.000e+00	0.000e+00
ENSG00000152620		0.000e+00	0.000e+00
ENSG00000152669		0.000e+00	0.000e+00
ENSG00000152684		0.000e+00	0.000e+00
ENSG00000152700		0.000e+00	0.000e+00
ENSG00000152705		0.000e+00	0.000e+00
ENSG00000152931		7.717e-01	8.468e-01
ENSG00000152932		0.000e+00	0.000e+00
ENSG00000152939		0.000e+00	0.000e+00
ENSG00000152942		0.000e+00	0.000e+00
ENSG00000153006		9.927e-01	9.987e-01
ENSG00000153015		0.000e+00	0.000e+00
ENSG00000153037		0.000e+00	0.000e+00
ENSG00000153044		0.000e+00	0.000e+00
ENSG00000153071		0.000e+00	0.000e+00
ENSG00000153113		0.000e+00	0.000e+00
ENSG00000153140		0.000e+00	0.000e+00
ENSG00000153347		0.000e+00	0.000e+00
ENSG00000153395		0.000e+00	0.000e+00
ENSG00000153404		0.000e+00	0.000e+00
ENSG00000153914		0.000e+00	0.000e+00
ENSG00000153922		0.000e+00	0.000e+00
ENSG00000154122		0.000e+00	0.000e+00
ENSG00000154124		0.000e+00	0.000e+00
ENSG00000154153		8.393e-01	9.874e-01
ENSG00000155324		0.000e+00	0.000e+00
ENSG00000155329		0.000e+00	0.000e+00
ENSG00000155506		0.000e+00	0.000e+00
ENSG00000155508		0.000e+00	0.000e+00
ENSG00000155511		7.313e-01	9.573e-01
ENSG00000155542		0.000e+00	0.000e+00
ENSG00000155545		0.000e+00	0.000e+00
ENSG00000155846		0.000e+00	0.000e+00
ENSG00000155850		0.000e+00	0.000e+00
ENSG00000155858		0.000e+00	0.000e+00
ENSG00000155868		0.000e+00	0.000e+00
ENSG00000156427		0.000e+00	0.000e+00
ENSG00000156453		0.000e+00	0.000e+00
ENSG00000156463		0.000e+00	0.000e+00
ENSG00000156475		0.000e+00	0.000e+00
ENSG00000157107		0.000e+00	0.000e+00
ENSG00000157111		8.769e-01	8.769e-01
ENSG00000157510		0.000e+00	0.000e+00
ENSG00000158402		0.000e+00	0.000e+00
ENSG00000158458		0.000e+00	0.000e+00
ENSG00000158985		0.000e+00	0.000e+00
ENSG00000158987		0.000e+00	0.000e+00
ENSG00000160867		0.000e+00	0.000e+00
ENSG00000160883		0.000e+00	0.000e+00
ENSG00000161010		0.000e+00	0.000e+00
ENSG00000161011		0.000e+00	0.000e+00
ENSG00000161013		0.000e+00	0.000e+00
ENSG00000161021		0.000e+00	0.000e+00
ENSG00000161055		0.000e+00	0.000e+00
ENSG00000164151		0.000e+00	0.000e+00
ENSG00000164171		0.000e+00	0.000e+00
ENSG00000164172		1.477e-01	1.509e-01
ENSG00000164175		0.000e+00	0.000e+00
ENSG00000164176		0.000e+00	0.000e+00
ENSG00000164180		0.000e+00	0.000e+00
ENSG00000164181		9.537e-01	9.933e-01
ENSG00000164182		0.000e+00	0.000e+00
ENSG00000164185		0.000e+00	0.000e+00
ENSG00000164187		0.000e+00	0.000e+00
ENSG00000164188		0.000e+00	0.000e+00
ENSG00000164190		0.000e+00	0.000e+00
ENSG00000164197		0.000e+00	0.000e+00
ENSG00000164199		0.000e+00	0.000e+00
ENSG00000164209		0.000e+00	0.000e+00
ENSG00000164211		0.000e+00	0.000e+00
ENSG00000164219		6.493e-03	6.564e-03
ENSG00000164220		0.000e+00	0.000e+00
ENSG00000164221		0.000e+00	0.000e+00
ENSG00000164236		0.000e+00	0.000e+00
ENSG00000164237		2.043e-03	2.043e-03
ENSG00000164241		1.848e-02	2.332e-02
ENSG00000164244		9.896e-01	9.991e-01
ENSG00000164251		0.000e+00	0.000e+00
ENSG00000164252		0.000e+00	0.000e+00
ENSG00000164253		0.000e+00	0.000e+00
ENSG00000164258		0.000e+00	0.000e+00
ENSG00000164265		0.000e+00	0.000e+00
ENSG00000164266		0.000e+00	0.000e+00
ENSG00000164283		0.000e+00	0.000e+00
ENSG00000164284		0.000e+00	0.000e+00
ENSG00000164291		0.000e+00	0.000e+00
ENSG00000164292		9.949e-01	9.949e-01
ENSG00000164294		0.000e+00	0.000e+00
ENSG00000164296		0.000e+00	0.000e+00
ENSG00000164300		0.000e+00	0.000e+00
ENSG00000164307		0.000e+00	0.000e+00
ENSG00000164308		0.000e+00	0.000e+00
ENSG00000164309		7.943e-01	9.934e-01
ENSG00000164318		0.000e+00	0.000e+00
ENSG00000164325		0.000e+00	0.000e+00
ENSG00000164326		0.000e+00	0.000e+00
ENSG00000164327		0.000e+00	0.000e+00
ENSG00000164329		0.000e+00	0.000e+00
ENSG00000164330		0.000e+00	0.000e+00
ENSG00000164331		8.886e-01	8.926e-01
ENSG00000164332		0.000e+00	0.000e+00
ENSG00000164334		0.000e+00	0.000e+00
ENSG00000164338		0.000e+00	0.000e+00
ENSG00000164346		0.000e+00	0.000e+00
ENSG00000164347		0.000e+00	0.000e+00
ENSG00000164366		0.000e+00	0.000e+00
ENSG00000164398		0.000e+00	0.000e+00
ENSG00000164402		0.000e+00	0.000e+00
ENSG00000164403		0.000e+00	0.000e+00
ENSG00000164404		0.000e+00	0.000e+00
ENSG00000164405		0.000e+00	0.000e+00
ENSG00000164406		0.000e+00	0.000e+00
ENSG00000164463		0.000e+00	0.000e+00
ENSG00000164466		0.000e+00	0.000e+00
ENSG00000164512		0.000e+00	0.000e+00
ENSG00000164574		0.000e+00	0.000e+00
ENSG00000164576		0.000e+00	0.000e+00
ENSG00000164587		0.000e+00	0.000e+00
ENSG00000164591		7.978e-01	7.978e-01
ENSG00000164609		0.000e+00	0.000e+00
ENSG00000164611		0.000e+00	0.000e+00
ENSG00000164615		0.000e+00	0.000e+00
ENSG00000164616		0.000e+00	0.000e+00
ENSG00000164620		0.000e+00	0.000e+00
ENSG00000164902		0.000e+00	0.000e+00
ENSG00000164904		0.000e+00	0.000e+00
ENSG00000165671		0.000e+00	0.000e+00
ENSG00000165810		0.000e+00	0.000e+00
ENSG00000168246		0.000e+00	0.000e+00
ENSG00000168685		0.000e+00	0.000e+00
ENSG00000168724		0.000e+00	0.000e+00
ENSG00000168903		0.000e+00	0.000e+00
ENSG00000168916		0.000e+00	0.000e+00
ENSG00000168938		0.000e+00	0.000e+00
ENSG00000168944		0.000e+00	0.000e+00
ENSG00000169045		0.000e+00	0.000e+00
ENSG00000169131		0.000e+00	0.000e+00
ENSG00000169220		0.000e+00	0.000e+00
ENSG00000169223		0.000e+00	0.000e+00
ENSG00000169228		0.000e+00	0.000e+00
ENSG00000169230		0.000e+00	0.000e+00
ENSG00000169247		0.000e+00	0.000e+00
ENSG00000169252		0.000e+00	0.000e+00
ENSG00000169258		0.000e+00	0.000e+00
ENSG00000169271		0.000e+00	0.000e+00
ENSG00000169302		0.000e+00	0.000e+00
ENSG00000169567		0.000e+00	0.000e+00
ENSG00000169570		0.000e+00	0.000e+00
ENSG00000169777		0.000e+00	0.000e+00
ENSG00000169862		0.000e+00	0.000e+00
ENSG00000170074		0.000e+00	0.000e+00
ENSG00000170085		0.000e+00	0.000e+00
ENSG00000170089		0.000e+00	0.000e+00
ENSG00000170091		0.000e+00	0.000e+00
ENSG00000170214		0.000e+00	0.000e+00
ENSG00000170231		0.000e+00	0.000e+00
ENSG00000170234		9.272e-01	9.575e-01
ENSG00000170271		0.000e+00	0.000e+00
ENSG00000170445		0.000e+00	0.000e+00
ENSG00000170458		0.000e+00	0.000e+00
ENSG00000170464		0.000e+00	0.000e+00
ENSG00000170469		0.000e+00	0.000e+00
ENSG00000170476		0.000e+00	0.000e+00
ENSG00000170482		0.000e+00	0.000e+00
ENSG00000170549		0.000e+00	0.000e+00
ENSG00000170561		0.000e+00	0.000e+00
ENSG00000170571		0.000e+00	0.000e+00
ENSG00000170584		0.000e+00	0.000e+00
ENSG00000170606		0.000e+00	0.000e+00
ENSG00000170624		0.000e+00	0.000e+00
ENSG00000171368		0.000e+00	0.000e+00
ENSG00000171421		0.000e+00	0.000e+00
ENSG00000171444		0.000e+00	0.000e+00
ENSG00000171522		0.000e+00	0.000e+00
ENSG00000171530		0.000e+00	0.000e+00
ENSG00000171604		0.000e+00	0.000e+00
ENSG00000171617		0.000e+00	0.000e+00
ENSG00000171643		0.000e+00	0.000e+00
ENSG00000171720		0.000e+00	0.000e+00
ENSG00000171992		0.000e+00	0.000e+00
ENSG00000172058		0.000e+00	0.000e+00
ENSG00000172062		0.000e+00	0.000e+00
ENSG00000172239		0.000e+00	0.000e+00
ENSG00000172244		0.000e+00	0.000e+00
ENSG00000172262		0.000e+00	0.000e+00
ENSG00000172548		0.000e+00	0.000e+00
ENSG00000172568		0.000e+00	0.000e+00
ENSG00000172795		0.000e+00	0.000e+00
ENSG00000172869		0.000e+00	0.000e+00
ENSG00000172901		0.000e+00	0.000e+00
ENSG00000173210		0.000e+00	0.000e+00
ENSG00000173221		0.000e+00	0.000e+00
ENSG00000173261		9.261e-01	9.263e-01
ENSG00000173545		0.000e+00	0.000e+00
ENSG00000173926		0.000e+00	0.000e+00
ENSG00000173930		0.000e+00	0.000e+00
ENSG00000174132		0.000e+00	0.000e+00
ENSG00000174136		4.725e-03	6.054e-03
ENSG00000174695		0.000e+00	0.000e+00
ENSG00000174705		0.000e+00	0.000e+00
ENSG00000175309		0.000e+00	0.000e+00
ENSG00000175414		0.000e+00	0.000e+00
ENSG00000175416		0.000e+00	0.000e+00
ENSG00000175426		9.154e-01	9.154e-01
ENSG00000175449		0.000e+00	0.000e+00
ENSG00000175471		0.000e+00	0.000e+00
ENSG00000175745		8.250e-05	2.129e-04
ENSG00000175749		0.000e+00	0.000e+00
ENSG00000175857		0.000e+00	0.000e+00
ENSG00000176018		9.507e-01	9.612e-01
ENSG00000176049		0.000e+00	0.000e+00
ENSG00000176055		0.000e+00	0.000e+00
ENSG00000176087		0.000e+00	0.000e+00
ENSG00000176783		7.429e-01	7.752e-01
ENSG00000176788		0.000e+00	0.000e+00
ENSG00000176857		0.000e+00	0.000e+00
ENSG00000176928		0.000e+00	0.000e+00
ENSG00000177034		0.000e+00	0.000e+00
ENSG00000177058		0.000e+00	0.000e+00
ENSG00000177453		0.000e+00	0.000e+00
ENSG00000177556		0.000e+00	0.000e+00
ENSG00000177721		0.000e+00	0.000e+00
ENSG00000177733		0.000e+00	0.000e+00
ENSG00000177738		0.000e+00	0.000e+00
ENSG00000177839		0.000e+00	0.000e+00
ENSG00000177879		0.000e+00	0.000e+00
ENSG00000177932		0.000e+00	0.000e+00
ENSG00000178015		0.000e+00	0.000e+00
ENSG00000178175		0.000e+00	0.000e+00
ENSG00000178187		0.000e+00	0.000e+00
ENSG00000178338		0.000e+00	0.000e+00
ENSG00000178722		0.000e+00	0.000e+00
ENSG00000178776		0.000e+00	0.000e+00
ENSG00000178913		0.000e+00	0.000e+00
ENSG00000178996		0.000e+00	0.000e+00
ENSG00000180104		0.000e+00	0.000e+00
ENSG00000181104		4.964e-04	1.564e-03
ENSG00000181163		0.000e+00	0.000e+00
ENSG00000181751		0.000e+00	0.000e+00
ENSG00000181904		0.000e+00	0.000e+00
ENSG00000182132		0.000e+00	0.000e+00
ENSG00000182230		0.000e+00	0.000e+00
ENSG00000182578		0.000e+00	0.000e+00
ENSG00000182700		0.000e+00	0.000e+00
ENSG00000182836		0.000e+00	0.000e+00
ENSG00000183072		0.000e+00	0.000e+00
ENSG00000183111		0.000e+00	0.000e+00
ENSG00000183258		0.000e+00	0.000e+00
ENSG00000183323		0.000e+00	0.000e+00
ENSG00000183474		0.000e+00	0.000e+00
ENSG00000183580		0.000e+00	0.000e+00
ENSG00000183666		0.000e+00	0.000e+00
ENSG00000183718		0.000e+00	0.000e+00
ENSG00000183775		0.000e+00	0.000e+00
ENSG00000183876		1.919e-01	2.533e-01
ENSG00000184347		0.000e+00	0.000e+00
ENSG00000184349		0.000e+00	0.000e+00
ENSG00000184584		0.000e+00	0.000e+00
ENSG00000184838		1.250e-01	1.708e-01
ENSG00000184840		0.000e+00	0.000e+00
ENSG00000184845		0.000e+00	0.000e+00
ENSG00000185056		0.000e+00	0.000e+00
ENSG00000185129		0.000e+00	0.000e+00
ENSG00000185261		0.000e+00	0.000e+00
ENSG00000185305		0.000e+00	0.000e+00
ENSG00000185372		0.000e+00	0.000e+00
ENSG00000185641		0.000e+00	0.000e+00
ENSG00000185986		0.000e+00	0.000e+00
ENSG00000186105		0.000e+00	0.000e+00
ENSG00000186314		0.000e+00	0.000e+00
ENSG00000186468		0.000e+00	0.000e+00
ENSG00000186479		0.000e+00	0.000e+00
ENSG00000186493		9.709e-01	9.709e-01
ENSG00000186687		0.000e+00	0.000e+00
ENSG00000186952		0.000e+00	0.000e+00
ENSG00000187372		0.000e+00	0.000e+00
ENSG00000187678		0.000e+00	0.000e+00
ENSG00000188002		3.130e-01	3.343e-01
ENSG00000188242		0.000e+00	0.000e+00
ENSG00000188573		0.000e+00	0.000e+00
ENSG00000188725		0.000e+00	0.000e+00
ENSG00000188818		0.000e+00	0.000e+00
ENSG00000189045		0.000e+00	0.000e+00
ENSG00000196670		0.000e+00	0.000e+00
ENSG00000196743		0.000e+00	0.000e+00
ENSG00000196923		0.000e+00	0.000e+00
ENSG00000197043		0.000e+00	0.000e+00
ENSG00000197083		0.000e+00	0.000e+00
ENSG00000197208		0.000e+00	0.000e+00
ENSG00000197226		0.000e+00	0.000e+00
ENSG00000197375		0.000e+00	0.000e+00
ENSG00000197451		0.000e+00	0.000e+00
ENSG00000197479		0.000e+00	0.000e+00
ENSG00000197536		0.000e+00	0.000e+00
ENSG00000197603		1.158e-02	8.974e-02
ENSG00000197744		0.000e+00	0.000e+00
ENSG00000197822		0.000e+00	0.000e+00
ENSG00000197860		0.000e+00	0.000e+00
ENSG00000197948		0.000e+00	0.000e+00
ENSG00000198055		0.000e+00	0.000e+00
ENSG00000198108		0.000e+00	0.000e+00
ENSG00000198237		0.000e+00	0.000e+00
ENSG00000198624		0.000e+00	0.000e+00
ENSG00000198677		0.000e+00	0.000e+00
ENSG00000198780		0.000e+00	0.000e+00
ENSG00000198865		0.000e+00	0.000e+00
ENSG00000198868		0.000e+00	0.000e+00
ENSG00000198939		0.000e+00	0.000e+00
ENSG00000198944		0.000e+00	0.000e+00
ENSG00000198961		0.000e+00	0.000e+00
ENSG00000202533		0.000e+00	0.000e+00
ENSG00000204628		0.000e+00	0.000e+00
ENSG00000204659		0.000e+00	0.000e+00
ENSG00000204677		0.000e+00	0.000e+00
ENSG00000204758		0.000e+00	0.000e+00
ENSG00000204764		0.000e+00	0.000e+00
ENSG00000204767		0.000e+00	0.000e+00
ENSG00000204928		0.000e+00	0.000e+00
ENSG00000204956		0.000e+00	0.000e+00
ENSG00000204962		0.000e+00	0.000e+00
ENSG00000204963		0.000e+00	0.000e+00
ENSG00000204965		0.000e+00	0.000e+00
ENSG00000204967		0.000e+00	0.000e+00
ENSG00000204969		0.000e+00	0.000e+00
ENSG00000204970		0.000e+00	0.000e+00
ENSG00000205089		0.000e+00	0.000e+00
ENSG00000205302		0.000e+00	0.000e+00
ENSG00000205464		0.000e+00	0.000e+00
ENSG00000205572		0.000e+00	0.000e+00
ENSG00000205765		0.000e+00	0.000e+00
ENSG00000205838		0.000e+00	0.000e+00
ENSG00000206077		0.000e+00	0.000e+00
ENSG00000207129		0.000e+00	0.000e+00
ENSG00000211445		0.000e+00	0.000e+00
ENSG00000212643		7.826e-03	7.826e-03
ENSG00000213328		0.000e+00	0.000e+00
ENSG00000213347		0.000e+00	0.000e+00
ENSG00000213430		0.000e+00	0.000e+00
ENSG00000213433		3.455e-01	6.811e-01
ENSG00000213523		6.601e-02	7.004e-02
ENSG00000213585		0.000e+00	0.000e+00
ENSG00000213757		0.000e+00	0.000e+00
ENSG00000213763		0.000e+00	0.000e+00
ENSG00000213830		0.000e+00	0.000e+00
ENSG00000213891		0.000e+00	0.000e+00
ENSG00000213949		4.840e-03	5.053e-03
ENSG00000214357		0.000e+00	0.000e+00
ENSG00000214485		0.000e+00	0.000e+00
ENSG00000214510		1.908e-03	1.719e-01
ENSG00000214784		0.000e+00	0.000e+00
ENSG00000214944		0.000e+00	0.000e+00
ENSG00000215006		0.000e+00	0.000e+00
ENSG00000215068		0.000e+00	0.000e+00
ENSG00000215156		0.000e+00	0.000e+00
ENSG00000215158		0.000e+00	0.000e+00
ENSG00000215196		0.000e+00	0.000e+00
ENSG00000215217		0.000e+00	0.000e+00
ENSG00000215218		0.000e+00	0.000e+00
ENSG00000215246		0.000e+00	0.000e+00
ENSG00000215325		0.000e+00	0.000e+00
ENSG00000215630		0.000e+00	0.000e+00
ENSG00000217128		0.000e+00	0.000e+00
ENSG00000218227		0.000e+00	0.000e+00
ENSG00000221886		0.000e+00	0.000e+00
ENSG00000221990		0.000e+00	0.000e+00
ENSG00000222448		0.000e+00	0.000e+00
ENSG00000223361		0.000e+00	0.000e+00
ENSG00000223652		0.000e+00	0.000e+00
ENSG00000224032		0.000e+00	0.000e+00
ENSG00000224186		9.825e-01	1.000e+00
ENSG00000224431		0.000e+00	0.000e+00
ENSG00000224993		0.000e+00	0.000e+00
ENSG00000225051		0.000e+00	0.000e+00
ENSG00000225138		0.000e+00	0.000e+00
ENSG00000225940		0.000e+00	0.000e+00
ENSG00000226040		2.377e-02	7.438e-02
ENSG00000226221		0.000e+00	0.000e+00
ENSG00000226306		0.000e+00	0.000e+00
ENSG00000226432		0.000e+00	0.000e+00
ENSG00000227908		0.000e+00	0.000e+00
ENSG00000228212		0.000e+00	0.000e+00
ENSG00000228650		0.000e+00	0.000e+00
ENSG00000228672		0.000e+00	0.000e+00
ENSG00000228716		0.000e+00	0.000e+00
ENSG00000228737		0.000e+00	0.000e+00
ENSG00000229119		0.000e+00	0.000e+00
ENSG00000229666		9.611e-01	9.712e-01
ENSG00000230561		0.000e+00	0.000e+00
ENSG00000230612		0.000e+00	0.000e+00
ENSG00000230847		0.000e+00	0.000e+00
ENSG00000231185		0.000e+00	0.000e+00
ENSG00000232517		0.000e+00	0.000e+00
ENSG00000232578		0.000e+00	0.000e+00
ENSG00000232615		8.236e-01	9.814e-01
ENSG00000233006		0.000e+00	0.000e+00
ENSG00000233913		0.000e+00	0.000e+00
ENSG00000233937		0.000e+00	0.000e+00
ENSG00000233974		0.000e+00	0.000e+00
ENSG00000234284		0.000e+00	0.000e+00
ENSG00000234290		0.000e+00	0.000e+00
ENSG00000234292		0.000e+00	0.000e+00
ENSG00000234511		0.000e+00	0.000e+00
ENSG00000234553		0.000e+00	0.000e+00
ENSG00000234602		0.000e+00	0.000e+00
ENSG00000235172		0.000e+00	0.000e+00
ENSG00000235253		0.000e+00	0.000e+00
ENSG00000235558		0.000e+00	0.000e+00
ENSG00000236714		0.000e+00	0.000e+00
ENSG00000236882		0.000e+00	0.000e+00
ENSG00000237187		0.000e+00	0.000e+00
ENSG00000237190		8.374e-01	8.606e-01
ENSG00000237693		0.000e+00	0.000e+00
ENSG00000238000		0.000e+00	0.000e+00
ENSG00000238035		0.000e+00	0.000e+00
ENSG00000238363		0.000e+00	0.000e+00
ENSG00000239389		0.000e+00	0.000e+00
ENSG00000239528		1.657e-03	1.681e-03
ENSG00000239642		0.000e+00	0.000e+00
ENSG00000240184		6.330e-02	8.226e-02
ENSG00000240376		0.000e+00	0.000e+00
ENSG00000240729		0.000e+00	0.000e+00
ENSG00000240764		0.000e+00	0.000e+00
ENSG00000241112		0.000e+00	0.000e+00
ENSG00000241809		9.999e-01	9.999e-01
ENSG00000241907		0.000e+00	0.000e+00
ENSG00000242110		6.656e-01	7.465e-01
ENSG00000242198		0.000e+00	0.000e+00
ENSG00000242419		0.000e+00	0.000e+00
ENSG00000242477		0.000e+00	0.000e+00
ENSG00000242814		0.000e+00	0.000e+00
ENSG00000243056		0.000e+00	0.000e+00
ENSG00000243232		0.000e+00	0.000e+00
ENSG00000243304		0.000e+00	0.000e+00
ENSG00000243414		0.000e+00	0.000e+00
ENSG00000243859		0.000e+00	0.000e+00
ENSG00000244061		0.000e+00	0.000e+00
ENSG00000244073		0.000e+00	0.000e+00
ENSG00000244245		0.000e+00	0.000e+00
ENSG00000244363		0.000e+00	0.000e+00
ENSG00000244921		0.000e+00	0.000e+00
ENSG00000244945		0.000e+00	0.000e+00
ENSG00000244968		0.000e+00	0.000e+00
ENSG00000245060		0.000e+00	0.000e+00
ENSG00000245146		5.300e-01	7.381e-01
ENSG00000245275		0.000e+00	0.000e+00
ENSG00000245317		0.000e+00	0.000e+00
ENSG00000245556		0.000e+00	0.000e+00
ENSG00000245688		0.000e+00	0.000e+00
ENSG00000245711		0.000e+00	0.000e+00
ENSG00000245812		0.000e+00	0.000e+00
ENSG00000245937		0.000e+00	0.000e+00
ENSG00000246214		0.000e+00	0.000e+00
ENSG00000246323		0.000e+00	0.000e+00
ENSG00000246334		0.000e+00	0.000e+00
ENSG00000246422		0.000e+00	0.000e+00
ENSG00000246596		0.000e+00	0.000e+00
ENSG00000246763		0.000e+00	0.000e+00
ENSG00000246859		0.000e+00	0.000e+00
ENSG00000247049		0.000e+00	0.000e+00
ENSG00000247121		0.000e+00	0.000e+00
ENSG00000247199		9.962e-01	9.962e-01
ENSG00000247311		0.000e+00	0.000e+00
ENSG00000247516		0.000e+00	0.000e+00
ENSG00000247572		0.000e+00	0.000e+00
ENSG00000247627		0.000e+00	0.000e+00
ENSG00000247679		0.000e+00	0.000e+00
ENSG00000247796		0.000e+00	0.000e+00
ENSG00000247828		0.000e+00	0.000e+00
ENSG00000248092		0.000e+00	0.000e+00
ENSG00000248103		0.000e+00	0.000e+00
ENSG00000248126		0.000e+00	0.000e+00
ENSG00000248222		7.352e-03	8.398e-03
ENSG00000248240		0.000e+00	0.000e+00
ENSG00000248275		5.948e-01	7.570e-01
ENSG00000248309		0.000e+00	0.000e+00
ENSG00000248323		0.000e+00	0.000e+00
ENSG00000248367		0.000e+00	0.000e+00
ENSG00000248383		0.000e+00	0.000e+00
ENSG00000248445		7.435e-01	8.923e-01
ENSG00000248449		0.000e+00	0.000e+00
ENSG00000248464		0.000e+00	0.000e+00
ENSG00000248469		0.000e+00	0.000e+00
ENSG00000248483		0.000e+00	0.000e+00
ENSG00000248489		0.000e+00	0.000e+00
ENSG00000248514		0.000e+00	0.000e+00
ENSG00000248544		0.000e+00	0.000e+00
ENSG00000248554		0.000e+00	0.000e+00
ENSG00000248559		0.000e+00	0.000e+00
ENSG00000248560		0.000e+00	0.000e+00
ENSG00000248569		0.000e+00	0.000e+00
ENSG00000248596		0.000e+00	0.000e+00
ENSG00000248610		4.595e-02	1.104e-01
ENSG00000248626		0.000e+00	0.000e+00
ENSG00000248648		0.000e+00	0.000e+00
ENSG00000248663		0.000e+00	0.000e+00
ENSG00000248668		9.422e-03	2.235e-02
ENSG00000248677		0.000e+00	0.000e+00
ENSG00000248727		0.000e+00	0.000e+00
ENSG00000248734		0.000e+00	0.000e+00
ENSG00000248791		8.978e-01	9.928e-01
ENSG00000248794		0.000e+00	0.000e+00
ENSG00000248846		1.522e-04	1.535e-04
ENSG00000248874		0.000e+00	0.000e+00
ENSG00000248923		0.000e+00	0.000e+00
ENSG00000248925		0.000e+00	0.000e+00
ENSG00000248927		0.000e+00	0.000e+00
ENSG00000248968		0.000e+00	0.000e+00
ENSG00000248994		0.000e+00	0.000e+00
ENSG00000248996		0.000e+00	0.000e+00
ENSG00000249014		0.000e+00	0.000e+00
ENSG00000249035		0.000e+00	0.000e+00
ENSG00000249042		8.500e-01	8.908e-01
ENSG00000249109		0.000e+00	0.000e+00
ENSG00000249119		0.000e+00	0.000e+00
ENSG00000249129		0.000e+00	0.000e+00
ENSG00000249140		0.000e+00	0.000e+00
ENSG00000249158		0.000e+00	0.000e+00
ENSG00000249167		2.856e-02	3.425e-02
ENSG00000249180		0.000e+00	0.000e+00
ENSG00000249201		9.256e-01	9.662e-01
ENSG00000249238		0.000e+00	0.000e+00
ENSG00000249249		0.000e+00	0.000e+00
ENSG00000249293		0.000e+00	0.000e+00
ENSG00000249295		0.000e+00	0.000e+00
ENSG00000249352		0.000e+00	0.000e+00
ENSG00000249353		0.000e+00	0.000e+00
ENSG00000249363		0.000e+00	0.000e+00
ENSG00000249364		0.000e+00	0.000e+00
ENSG00000249412		0.000e+00	0.000e+00
ENSG00000249437		0.000e+00	0.000e+00
ENSG00000249476		0.000e+00	0.000e+00
ENSG00000249483		5.063e-03	5.116e-03
ENSG00000249485		0.000e+00	0.000e+00
ENSG00000249492		0.000e+00	0.000e+00
ENSG00000249494		0.000e+00	0.000e+00
ENSG00000249572		0.000e+00	0.000e+00
ENSG00000249593		0.000e+00	0.000e+00
ENSG00000249637		0.000e+00	0.000e+00
ENSG00000249655		9.612e-01	9.813e-01
ENSG00000249664		0.000e+00	0.000e+00
ENSG00000249669		0.000e+00	0.000e+00
ENSG00000249684		0.000e+00	0.000e+00
ENSG00000249721		0.000e+00	0.000e+00
ENSG00000249736		0.000e+00	0.000e+00
ENSG00000249740		0.000e+00	0.000e+00
ENSG00000249751		0.000e+00	0.000e+00
ENSG00000249781		2.430e-03	1.526e-01
ENSG00000249797		0.000e+00	0.000e+00
ENSG00000249825		0.000e+00	0.000e+00
ENSG00000249850		0.000e+00	0.000e+00
ENSG00000249855		0.000e+00	0.000e+00
ENSG00000249899		0.000e+00	0.000e+00
ENSG00000249908		0.000e+00	0.000e+00
ENSG00000249915		0.000e+00	0.000e+00
ENSG00000249947		0.000e+00	0.000e+00
ENSG00000249996		0.000e+00	0.000e+00
ENSG00000250048		0.000e+00	0.000e+00
ENSG00000250056		0.000e+00	0.000e+00
ENSG00000250069		0.000e+00	0.000e+00
ENSG00000250101		0.000e+00	0.000e+00
ENSG00000250120		0.000e+00	0.000e+00
ENSG00000250138		0.000e+00	0.000e+00
ENSG00000250155		0.000e+00	0.000e+00
ENSG00000250159		0.000e+00	0.000e+00
ENSG00000250182		0.000e+00	0.000e+00
ENSG00000250222		0.000e+00	0.000e+00
ENSG00000250237		0.000e+00	0.000e+00
ENSG00000250240		0.000e+00	0.000e+00
ENSG00000250320		0.000e+00	0.000e+00
ENSG00000250329		0.000e+00	0.000e+00
ENSG00000250337		0.000e+00	0.000e+00
ENSG00000250343		0.000e+00	0.000e+00
ENSG00000250387		0.000e+00	0.000e+00
ENSG00000250415		0.000e+00	0.000e+00
ENSG00000250427		0.000e+00	0.000e+00
ENSG00000250461		0.000e+00	0.000e+00
ENSG00000250482		0.000e+00	0.000e+00
ENSG00000250490		0.000e+00	0.000e+00
ENSG00000250509		0.000e+00	0.000e+00
ENSG00000250539		0.000e+00	0.000e+00
ENSG00000250579		0.000e+00	0.000e+00
ENSG00000250602		0.000e+00	0.000e+00
ENSG00000250629		0.000e+00	0.000e+00
ENSG00000250669		2.965e-03	3.195e-03
ENSG00000250678		0.000e+00	0.000e+00
ENSG00000250722		0.000e+00	0.000e+00
ENSG00000250764		0.000e+00	0.000e+00
ENSG00000250786		0.000e+00	0.000e+00
ENSG00000250802		0.000e+00	0.000e+00
ENSG00000250848		0.000e+00	0.000e+00
ENSG00000250853		0.000e+00	0.000e+00
ENSG00000250859		0.000e+00	0.000e+00
ENSG00000250882		0.000e+00	0.000e+00
ENSG00000250889		0.000e+00	0.000e+00
ENSG00000250891		0.000e+00	0.000e+00
ENSG00000250900		0.000e+00	0.000e+00
ENSG00000250909		0.000e+00	0.000e+00
ENSG00000250961		0.000e+00	0.000e+00
ENSG00000250999		0.000e+00	0.000e+00
ENSG00000251000		0.000e+00	0.000e+00
ENSG00000251023		2.432e-01	2.716e-01
ENSG00000251050		0.000e+00	0.000e+00
ENSG00000251076		0.000e+00	0.000e+00
ENSG00000251093		0.000e+00	0.000e+00
ENSG00000251102		0.000e+00	0.000e+00
ENSG00000251141		0.000e+00	0.000e+00
ENSG00000251169		0.000e+00	0.000e+00
ENSG00000251187		2.438e-03	6.183e-03
ENSG00000251189		9.818e-01	1.000e+00
ENSG00000251221		0.000e+00	0.000e+00
ENSG00000251257		0.000e+00	0.000e+00
ENSG00000251307		0.000e+00	0.000e+00
ENSG00000251314		0.000e+00	0.000e+00
ENSG00000251330		0.000e+00	0.000e+00
ENSG00000251348		0.000e+00	0.000e+00
ENSG00000251400		0.000e+00	0.000e+00
ENSG00000251405		0.000e+00	0.000e+00
ENSG00000251414		0.000e+00	0.000e+00
ENSG00000251450		0.000e+00	0.000e+00
ENSG00000251493		0.000e+00	0.000e+00
ENSG00000251495		0.000e+00	0.000e+00
ENSG00000251513		2.138e-03	3.579e-03
ENSG00000251532		0.000e+00	0.000e+00
ENSG00000251556		2.843e-02	5.337e-02
ENSG00000251593		0.000e+00	0.000e+00
ENSG00000251613		1.187e-01	1.395e-01
ENSG00000251634		0.000e+00	0.000e+00
ENSG00000251664		0.000e+00	0.000e+00
ENSG00000251666		9.428e-01	9.960e-01
ENSG00000251667		0.000e+00	0.000e+00
ENSG00000251682		0.000e+00	0.000e+00
ENSG00000252464		0.000e+00	0.000e+00
ENSG00000253141		0.000e+00	0.000e+00
ENSG00000253159		0.000e+00	0.000e+00
ENSG00000253163		2.700e-01	2.784e-01
ENSG00000253203		0.000e+00	0.000e+00
ENSG00000253213		0.000e+00	0.000e+00
ENSG00000253251		0.000e+00	0.000e+00
ENSG00000253305		0.000e+00	0.000e+00
ENSG00000253357		0.000e+00	0.000e+00
ENSG00000253404		0.000e+00	0.000e+00
ENSG00000253406		0.000e+00	0.000e+00
ENSG00000253417		0.000e+00	0.000e+00
ENSG00000253439		0.000e+00	0.000e+00
ENSG00000253485		0.000e+00	0.000e+00
ENSG00000253520		0.000e+00	0.000e+00
ENSG00000253522		0.000e+00	0.000e+00
ENSG00000253537		0.000e+00	0.000e+00
ENSG00000253558		0.000e+00	0.000e+00
ENSG00000253618		0.000e+00	0.000e+00
ENSG00000253683		0.000e+00	0.000e+00
ENSG00000253686		9.603e-01	9.603e-01
ENSG00000253731		0.000e+00	0.000e+00
ENSG00000253767		1.133e-01	1.145e-01
ENSG00000253785		0.000e+00	0.000e+00
ENSG00000253846		1.710e-04	2.646e-04
ENSG00000253869		0.000e+00	0.000e+00
ENSG00000253873		0.000e+00	0.000e+00
ENSG00000253908		0.000e+00	0.000e+00
ENSG00000253910		0.000e+00	0.000e+00
ENSG00000253921		0.000e+00	0.000e+00
ENSG00000253953		0.000e+00	0.000e+00
ENSG00000253955		0.000e+00	0.000e+00
ENSG00000253959		0.000e+00	0.000e+00
ENSG00000253966		0.000e+00	0.000e+00
ENSG00000253968		0.000e+00	0.000e+00
ENSG00000253978		0.000e+00	0.000e+00
ENSG00000254035		0.000e+00	0.000e+00
ENSG00000254042		0.000e+00	0.000e+00
ENSG00000254122		0.000e+00	0.000e+00
ENSG00000254164		9.981e-01	9.981e-01
ENSG00000254192		0.000e+00	0.000e+00
ENSG00000254211		0.000e+00	0.000e+00
ENSG00000254221		0.000e+00	0.000e+00
ENSG00000254226		9.961e-01	9.961e-01
ENSG00000254245		0.000e+00	0.000e+00
ENSG00000254298		0.000e+00	0.000e+00
ENSG00000254333		2.010e-03	2.552e-03
ENSG00000254363		0.000e+00	0.000e+00
ENSG00000254373		0.000e+00	0.000e+00
ENSG00000254893		0.000e+00	0.000e+00
ENSG00000255408		0.000e+00	0.000e+00
ENSG00000255622		0.000e+00	0.000e+00
ENSG00000255647		8.988e-02	1.751e-01
ENSG00000255833		0.000e+00	0.000e+00
ENSG00000255883		0.000e+00	0.000e+00
ENSG00000256235		0.000e+00	0.000e+00
ENSG00000259663		0.000e+00	0.000e+00
ENSG00000259802		0.000e+00	0.000e+00
ENSG00000260581		0.000e+00	0.000e+00
ENSG00000260686		0.000e+00	0.000e+00
ENSG00000260761		0.000e+00	0.000e+00
ENSG00000260871		0.000e+00	0.000e+00
ENSG00000261037		0.000e+00	0.000e+00
ENSG00000261269		0.000e+00	0.000e+00
ENSG00000261360		0.000e+00	0.000e+00
ENSG00000261604		0.000e+00	0.000e+00
ENSG00000261757		0.000e+00	0.000e+00
ENSG00000261934		0.000e+00	0.000e+00
ENSG00000262096		0.000e+00	0.000e+00
ENSG00000262209		0.000e+00	0.000e+00
ENSG00000262576		0.000e+00	0.000e+00
ENSG00000263432		0.000e+00	0.000e+00
ENSG00000263597		0.000e+00	0.000e+00
ENSG00000269961		0.000e+00	0.000e+00
ENSG00000270021		0.000e+00	0.000e+00
ENSG00000270067		0.000e+00	0.000e+00
ENSG00000270133		0.000e+00	0.000e+00
ENSG00000270177		0.000e+00	0.000e+00
ENSG00000270225		0.000e+00	0.000e+00
ENSG00000270307		0.000e+00	0.000e+00
ENSG00000270558		0.000e+00	0.000e+00
ENSG00000270706		0.000e+00	0.000e+00
ENSG00000270906		0.000e+00	0.000e+00
ENSG00000271119		0.000e+00	0.000e+00
ENSG00000271207		0.000e+00	0.000e+00
ENSG00000271334		0.000e+00	0.000e+00
ENSG00000271714		9.905e-01	9.905e-01
ENSG00000271737		0.000e+00	0.000e+00
ENSG00000271752		0.000e+00	0.000e+00
ENSG00000271781		0.000e+00	0.000e+00
ENSG00000271788		0.000e+00	0.000e+00
ENSG00000271795		0.000e+00	0.000e+00
ENSG00000271797		0.000e+00	0.000e+00
ENSG00000271815		0.000e+00	0.000e+00
ENSG00000271824		0.000e+00	0.000e+00
ENSG00000271828		8.182e-05	1.148e-03
ENSG00000271849		3.468e-01	7.148e-01
ENSG00000271862		0.000e+00	0.000e+00
ENSG00000271871		0.000e+00	0.000e+00
ENSG00000271874		0.000e+00	0.000e+00
ENSG00000271918		4.718e-04	1.163e-01
ENSG00000271926		0.000e+00	0.000e+00
ENSG00000271980		0.000e+00	0.000e+00
ENSG00000272021		0.000e+00	0.000e+00
ENSG00000272040		0.000e+00	0.000e+00
ENSG00000272049		0.000e+00	0.000e+00
ENSG00000272057		0.000e+00	0.000e+00
ENSG00000272070		0.000e+00	0.000e+00
ENSG00000272081		0.000e+00	0.000e+00
ENSG00000272086		0.000e+00	0.000e+00
ENSG00000272103		0.000e+00	0.000e+00
ENSG00000272108		0.000e+00	0.000e+00
ENSG00000272109		0.000e+00	0.000e+00
ENSG00000272112		0.000e+00	0.000e+00
ENSG00000272123		0.000e+00	0.000e+00
ENSG00000272130		9.480e-01	9.765e-01
ENSG00000272144		0.000e+00	0.000e+00
ENSG00000272234		0.000e+00	0.000e+00
ENSG00000272255		0.000e+00	0.000e+00
ENSG00000272265		0.000e+00	0.000e+00
ENSG00000272308		0.000e+00	0.000e+00
ENSG00000272323		0.000e+00	0.000e+00
ENSG00000272335		0.000e+00	0.000e+00
ENSG00000272347		0.000e+00	0.000e+00
ENSG00000272354		0.000e+00	0.000e+00
ENSG00000272367		0.000e+00	0.000e+00
ENSG00000272370		0.000e+00	0.000e+00
ENSG00000272382		0.000e+00	0.000e+00
ENSG00000272389		0.000e+00	0.000e+00
ENSG00000272416		0.000e+00	0.000e+00
ENSG00000272417		0.000e+00	0.000e+00
ENSG00000272431		0.000e+00	0.000e+00
ENSG00000272459		0.000e+00	0.000e+00
ENSG00000272523		0.000e+00	0.000e+00
ENSG00000272525		0.000e+00	0.000e+00
ENSG00000272674		0.000e+00	0.000e+00
ENSG00000273841		0.000e+00	0.000e+00
ENSG00000274525		0.000e+00	0.000e+00
ENSG00000275506		0.000e+00	0.000e+00
ENSG00000275765		0.000e+00	0.000e+00
ENSG00000276545		0.000e+00	0.000e+00
ENSG00000276547		0.000e+00	0.000e+00
ENSG00000276945		0.000e+00	0.000e+00
ENSG00000277039		0.000e+00	0.000e+00
ENSG00000277795		0.000e+00	0.000e+00
ENSG00000278921		0.000e+00	0.000e+00
ENSG00000278925		0.000e+00	0.000e+00
ENSG00000278970		0.000e+00	0.000e+00
ENSG00000279075		0.000e+00	0.000e+00
ENSG00000279118		6.778e-04	8.616e-04
ENSG00000279130		0.000e+00	0.000e+00
ENSG00000279204		0.000e+00	0.000e+00
ENSG00000279232		0.000e+00	0.000e+00
ENSG00000279370		0.000e+00	0.000e+00
ENSG00000279375		0.000e+00	0.000e+00
ENSG00000279400		0.000e+00	0.000e+00
ENSG00000279469		0.000e+00	0.000e+00
ENSG00000279522		0.000e+00	0.000e+00
ENSG00000279557		9.199e-02	5.383e-01
ENSG00000279584		9.499e-02	2.846e-01
ENSG00000279737		0.000e+00	0.000e+00
ENSG00000279799		9.953e-01	9.953e-01
ENSG00000279821		0.000e+00	0.000e+00
ENSG00000279883		8.076e-01	8.331e-01
ENSG00000279908		0.000e+00	0.000e+00
ENSG00000279923		0.000e+00	0.000e+00
ENSG00000280047		0.000e+00	0.000e+00
ENSG00000280159		6.749e-04	1.286e-03
ENSG00000280161		0.000e+00	0.000e+00
ENSG00000280187		0.000e+00	0.000e+00
ENSG00000280207		0.000e+00	0.000e+00
ENSG00000280338		0.000e+00	0.000e+00
ENSG00000280420		0.000e+00	0.000e+00
ENSG00000281357		0.000e+00	0.000e+00
ENSG00000281398		0.000e+00	0.000e+00
ENSG00000281881		0.000e+00	0.000e+00
ENSG00000283235		5.576e-01	8.333e-01
ENSG00000283498		0.000e+00	0.000e+00
ENSG00000283559		0.000e+00	0.000e+00
ENSG00000283602		0.000e+00	0.000e+00
ENSG00000283897		8.140e-01	9.896e-01
