Signal	Num_SNP	CPIP_qtl	CPIP_gwas_marginal	CPIP_gwas_qtl_prior	RCP	LCP
ENSG00000039139:1(@)ENSG00000039139:2      2  1.000e+00 3.832e-04    1.631e-02      1.614e-02	1.631e-02
ENSG00000050767:2(@)ENSG00000050767:2     10  9.984e-01 1.546e-01    5.631e-01      4.947e-01	5.629e-01
ENSG00000053108:1(@)ENSG00000053108:2     11  9.953e-01 2.234e-03    7.459e-03      5.470e-03	7.449e-03
ENSG00000072571:1(@)ENSG00000072571:1    104  7.619e-01 2.256e-01    3.088e-01      1.246e-01	2.633e-01
ENSG00000078295:3(@)ENSG00000078295:2      1  3.234e-04 1.107e-02    1.050e-02      3.011e-04	3.011e-04
ENSG00000112874:1(@)ENSG00000112874:2    126  9.988e-01 9.596e-02    1.439e-01      6.086e-02	1.438e-01
ENSG00000113163:2(@)ENSG00000113163:2     39  4.167e-01 1.514e-01    3.114e-01      2.003e-01	2.443e-01
ENSG00000113163:1(@)ENSG00000113163:1     15  5.601e-01 1.092e-01    3.716e-01      3.039e-01	3.397e-01
ENSG00000113318:1(@)ENSG00000113318:2      1  9.906e-01 4.801e-02    8.137e-01      8.136e-01	8.136e-01
ENSG00000113391:1(@)ENSG00000113391:1     19  8.546e-01 1.920e-01    5.908e-01      5.066e-01	5.774e-01
ENSG00000113494:1(@)ENSG00000113494:1      6  9.988e-01 3.385e-01    8.858e-01      8.408e-01	8.857e-01
ENSG00000113532:2(@)ENSG00000113532:3      6  7.912e-01 1.291e-04    5.145e-03      5.080e-03	5.120e-03
ENSG00000113558:1(@)ENSG00000113558:2      1  9.956e-01 9.971e-01    1.000e+00      9.999e-01	9.999e-01
ENSG00000113558:2(@)ENSG00000113558:3     11  2.911e-02 1.571e-01    1.874e-01      4.835e-02	5.175e-02
ENSG00000113578:2(@)ENSG00000113578:3      1  5.348e-02 2.865e-02    1.370e-01      1.147e-01	1.147e-01
ENSG00000113578:1(@)ENSG00000113578:2      7  9.968e-01 4.067e-01    9.194e-01      8.778e-01	9.193e-01
ENSG00000113583:1(@)ENSG00000113583:1     75  9.914e-01 9.775e-01    9.903e-01      6.100e-01	9.869e-01
ENSG00000113600:1(@)ENSG00000113600:1     11  9.981e-01 8.033e-01    9.806e-01      9.175e-01	9.805e-01
ENSG00000113600:2(@)ENSG00000113600:3      4  9.900e-01 1.541e-02    2.916e-01      2.844e-01	2.915e-01
ENSG00000113657:3(@)ENSG00000113657:3     33  1.203e-01 1.106e-02    1.387e-02      3.752e-03	4.892e-03
ENSG00000118322:1(@)ENSG00000118322:2      3  9.993e-01 3.843e-01    9.498e-01      9.307e-01	9.498e-01
ENSG00000118985:1(@)ENSG00000118985:2      4  9.142e-01 9.476e-01    9.958e-01      9.362e-01	9.896e-01
ENSG00000120149:1(@)ENSG00000120149:1      1  9.964e-01 9.345e-01    9.992e-01      9.992e-01	9.992e-01
ENSG00000120149:3(@)ENSG00000120149:2      1  1.149e-02 1.674e-02    3.097e-02      1.595e-02	1.595e-02
ENSG00000120727:1(@)ENSG00000120727:2      1  9.981e-01 3.526e-03    2.360e-01      2.360e-01	2.360e-01
ENSG00000127022:2(@)ENSG00000127022:3     73  9.672e-01 8.497e-03    1.068e-02      2.907e-03	1.042e-02
ENSG00000131507:1(@)ENSG00000131507:1      1  9.994e-01 8.676e-02    8.925e-01      8.925e-01	8.925e-01
ENSG00000134986:3(@)ENSG00000134986:1      4  1.462e-02 8.275e-02    8.870e-02      1.312e-02	1.405e-02
ENSG00000145506:1(@)ENSG00000145506:1      2  9.662e-01 2.301e-03    5.803e-03      3.731e-03	5.729e-03
ENSG00000145506:2(@)ENSG00000145506:3     10  7.854e-02 5.569e-03    8.460e-03      3.381e-03	3.733e-03
ENSG00000145569:2(@)ENSG00000145569:2      2  9.948e-01 9.935e-01    9.998e-01      9.819e-01	9.996e-01
ENSG00000145569:1(@)ENSG00000145569:1      4  9.948e-01 9.935e-01    9.998e-01      9.848e-01	9.997e-01
ENSG00000145569:3(@)ENSG00000145569:3      6  1.688e-02 2.116e-02    2.444e-02      5.071e-03	5.333e-03
ENSG00000145632:1(@)ENSG00000145632:2      5  9.480e-01 2.942e-03    3.818e-02      3.594e-02	3.804e-02
ENSG00000145715:1(@)ENSG00000145715:1     26  9.502e-01 5.966e-01    9.253e-01      8.323e-01	9.200e-01
ENSG00000145723:1(@)ENSG00000145723:1     17  8.607e-01 1.111e-01    4.054e-01      3.406e-01	3.956e-01
ENSG00000145730:1(@)ENSG00000145730:2      7  9.992e-01 9.948e-01    9.998e-01      9.723e-01	9.998e-01
ENSG00000145730:2(@)ENSG00000145730:3      5  5.419e-01 6.408e-01    9.140e-01      7.809e-01	8.479e-01
ENSG00000145782:4(@)ENSG00000145782:1      3  7.129e-02 9.895e-02    2.418e-01      1.668e-01	1.704e-01
ENSG00000145782:3(@)ENSG00000145782:2     37  2.987e-01 3.100e-01    4.639e-01      2.447e-01	3.066e-01
ENSG00000145882:3(@)ENSG00000145882:1     36  7.202e-02 9.681e-01    9.712e-01      1.668e-01	2.210e-01
ENSG00000145916:1(@)ENSG00000145916:1      2  9.992e-01 5.797e-01    9.871e-01      9.809e-01	9.870e-01
ENSG00000145934:1(@)ENSG00000145934:1     11  9.999e-01 9.999e-01    1.000e+00      8.057e-01	1.000e+00
ENSG00000145934:2(@)ENSG00000145934:3      1  9.999e-01 3.993e-01    9.831e-01      9.831e-01	9.831e-01
ENSG00000145934:4(@)ENSG00000145934:4      1  2.823e-04 2.766e-02    2.617e-02      6.578e-04	6.578e-04
ENSG00000145936:3(@)ENSG00000145936:2      1  1.021e-02 1.131e-02    1.986e-02      9.634e-03	9.634e-03
ENSG00000145936:1(@)ENSG00000145936:1      3  9.968e-01 3.358e-01    9.392e-01      9.205e-01	9.391e-01
ENSG00000146006:1(@)ENSG00000146006:2    119  9.921e-01 5.635e-01    6.979e-01      3.422e-01	6.949e-01
ENSG00000150756:1(@)ENSG00000150756:3     26  9.998e-01 2.025e-02    9.251e-02      7.603e-02	9.250e-02
ENSG00000150756:4(@)ENSG00000150756:2      2  9.889e-04 7.125e-02    7.039e-02      4.752e-03	4.765e-03
ENSG00000152495:1(@)ENSG00000152495:1     76  4.353e-01 6.942e-02    9.526e-02      3.345e-02	5.956e-02
ENSG00000152931:1(@)ENSG00000152931:2     11  9.836e-01 3.977e-01    8.602e-01      7.833e-01	8.587e-01
ENSG00000153006:2(@)ENSG00000153006:3      3  7.032e-01 3.345e-01    9.171e-01      8.881e-01	9.054e-01
ENSG00000153006:1(@)ENSG00000153006:1      2  9.984e-01 9.419e-01    9.985e-01      9.864e-01	9.985e-01
ENSG00000154153:1(@)ENSG00000154153:2     19  9.982e-01 9.402e-01    9.903e-01      8.582e-01	9.900e-01
ENSG00000155511:1(@)ENSG00000155511:1     34  9.811e-01 9.143e-01    9.779e-01      7.688e-01	9.736e-01
ENSG00000157111:1(@)ENSG00000157111:1      1  9.981e-01 7.690e-02    8.791e-01      8.791e-01	8.791e-01
ENSG00000164172:1(@)ENSG00000164172:2      3  9.980e-01 6.082e-03    1.520e-01      1.488e-01	1.520e-01
ENSG00000164181:1(@)ENSG00000164181:1      5  9.953e-01 9.642e-01    9.980e-01      9.587e-01	9.978e-01
ENSG00000164181:3(@)ENSG00000164181:3      4  6.111e-03 7.128e-02    7.843e-02      1.342e-02	1.366e-02
ENSG00000164219:2(@)ENSG00000164219:2      2  2.030e-02 1.097e-02    1.911e-02      9.193e-03	9.292e-03
ENSG00000164237:3(@)ENSG00000164237:2      1  7.503e-03 4.294e-03    6.620e-03      2.703e-03	2.703e-03
ENSG00000164241:1(@)ENSG00000164241:3     20  9.895e-01 5.631e-03    2.386e-02      1.897e-02	2.380e-02
ENSG00000164244:1(@)ENSG00000164244:1     29  9.999e-01 9.032e-01    9.771e-01      7.889e-01	9.771e-01
ENSG00000164244:2(@)ENSG00000164244:3      2  9.999e-01 4.014e-01    9.667e-01      9.562e-01	9.667e-01
ENSG00000164292:1(@)ENSG00000164292:1      1  9.951e-01 9.808e-01    9.998e-01      9.997e-01	9.997e-01
ENSG00000164309:1(@)ENSG00000164309:1     19  9.963e-01 9.873e-01    9.975e-01      8.268e-01	9.968e-01
ENSG00000164331:1(@)ENSG00000164331:2      2  9.881e-01 1.326e-01    9.048e-01      9.009e-01	9.046e-01
ENSG00000164591:1(@)ENSG00000164591:1      1  9.957e-01 4.437e-02    8.017e-01      8.017e-01	8.017e-01
ENSG00000170234:1(@)ENSG00000170234:1      4  9.878e-01 5.901e-01    9.731e-01      9.473e-01	9.726e-01
ENSG00000173261:3(@)ENSG00000173261:2     19  1.961e-02 2.031e-01    2.100e-01      2.477e-02	2.801e-02
ENSG00000173261:1(@)ENSG00000173261:2      1  9.911e-01 1.399e-01    9.338e-01      9.337e-01	9.337e-01
ENSG00000174136:1(@)ENSG00000174136:1     16  5.511e-01 2.738e-03    7.297e-03      4.838e-03	6.146e-03
ENSG00000175426:1(@)ENSG00000175426:1      1  9.993e-01 1.117e-01    9.166e-01      9.166e-01	9.166e-01
ENSG00000175426:3(@)ENSG00000175426:3      1  1.218e-04 1.421e-02    1.325e-02      1.458e-04	1.458e-04
ENSG00000175745:1(@)ENSG00000175745:3     14  5.726e-01 2.489e-04    3.110e-04      8.270e-05	2.108e-04
ENSG00000176018:1(@)ENSG00000176018:1      3  9.843e-01 4.910e-01    9.770e-01      9.667e-01	9.767e-01
ENSG00000176783:2(@)ENSG00000176783:3      4  9.999e-01 1.614e-02    2.946e-01      2.870e-01	2.946e-01
ENSG00000176783:1(@)ENSG00000176783:2     10  9.999e-01 1.426e-01    7.582e-01      7.288e-01	7.582e-01
ENSG00000181104:1(@)ENSG00000181104:1     90  1.670e-01 6.993e-03    7.063e-03      6.291e-04	1.663e-03
ENSG00000183876:1(@)ENSG00000183876:2     32  9.995e-01 8.457e-02    2.597e-01      1.988e-01	2.596e-01
ENSG00000184838:1(@)ENSG00000184838:2     34  9.844e-01 5.908e-02    1.757e-01      1.294e-01	1.750e-01
ENSG00000186493:1(@)ENSG00000186493:2      1  9.978e-01 2.939e-01    9.732e-01      9.732e-01	9.732e-01
ENSG00000188002:1(@)ENSG00000188002:2      5  9.553e-01 4.131e-02    4.569e-01      4.399e-01	4.559e-01
ENSG00000197603:3(@)ENSG00000197603:1     36  9.186e-02 9.757e-01    9.762e-01      9.550e-02	1.726e-01
ENSG00000212643:2(@)ENSG00000212643:2      1  2.189e-02 6.370e-03    1.729e-02      1.161e-02	1.161e-02
ENSG00000213433:1(@)ENSG00000213433:2     40  9.948e-01 5.400e-01    7.174e-01      4.162e-01	7.157e-01
ENSG00000213433:2(@)ENSG00000213433:3      1  6.911e-03 5.278e-03    7.876e-03      3.060e-03	3.060e-03
ENSG00000213523:1(@)ENSG00000213523:2     13  9.993e-01 5.496e-03    7.220e-02      6.820e-02	7.220e-02
ENSG00000213949:1(@)ENSG00000213949:3      7  9.985e-01 2.884e-04    5.138e-03      4.926e-03	5.138e-03
ENSG00000214510:3(@)ENSG00000214510:1     77  1.729e-01 9.947e-01    9.943e-01      2.044e-02	1.832e-01
ENSG00000224186:1(@)ENSG00000224186:1      3  1.000e+00 9.981e-01    9.999e-01      9.766e-01	9.999e-01
ENSG00000224186:2(@)ENSG00000224186:2     97  9.839e-01 6.512e-01    7.907e-01      4.354e-01	7.847e-01
ENSG00000226040:1(@)ENSG00000226040:2    114  9.855e-01 5.712e-02    7.561e-02      2.429e-02	7.483e-02
ENSG00000229666:1(@)ENSG00000229666:1      2  9.989e-01 4.419e-01    9.730e-01      9.634e-01	9.729e-01
ENSG00000232615:1(@)ENSG00000232615:2     18  9.930e-01 9.398e-01    9.916e-01      8.802e-01	9.907e-01
ENSG00000237190:1(@)ENSG00000237190:2      3  9.998e-01 1.987e-01    8.762e-01      8.570e-01	8.762e-01
ENSG00000237190:2(@)ENSG00000237190:3     22  9.998e-01 1.959e-03    4.314e-03      2.541e-03	4.314e-03
ENSG00000239528:2(@)ENSG00000239528:1      2  6.538e-03 9.183e-03    1.057e-02      2.145e-03	2.176e-03
ENSG00000240184:1(@)ENSG00000240184:1     55  2.029e-01 1.499e-01    2.198e-01      9.411e-02	1.180e-01
ENSG00000241809:1(@)ENSG00000241809:1      1  9.999e-01 9.988e-01    1.000e+00      1.000e+00	1.000e+00
ENSG00000242110:1(@)ENSG00000242110:2     14  9.935e-01 2.790e-01    7.674e-01      6.918e-01	7.668e-01
ENSG00000245146:2(@)ENSG00000245146:1     16  9.999e-01 4.697e-01    8.040e-01      6.509e-01	8.040e-01
ENSG00000247199:1(@)ENSG00000247199:1      1  9.962e-01 9.967e-01    1.000e+00      9.999e-01	9.999e-01
ENSG00000248222:2(@)ENSG00000248222:1      8  2.886e-02 5.631e-02    6.305e-02      1.168e-02	1.299e-02
ENSG00000248275:1(@)ENSG00000248275:2     20  9.981e-01 4.314e-01    7.983e-01      6.644e-01	7.980e-01
ENSG00000248445:1(@)ENSG00000248445:2     17  9.992e-01 6.139e-01    9.170e-01      8.039e-01	9.169e-01
ENSG00000248610:1(@)ENSG00000248610:1    120  9.942e-01 7.384e-02    1.113e-01      4.648e-02	1.109e-01
ENSG00000248668:2(@)ENSG00000248668:1     45  4.887e-01 2.942e-02    3.689e-02      1.012e-02	2.288e-02
ENSG00000248791:1(@)ENSG00000248791:1     12  1.000e+00 9.344e-01    9.939e-01      9.235e-01	9.939e-01
ENSG00000248791:2(@)ENSG00000248791:2     64  1.000e+00 8.730e-02    2.113e-01      1.433e-01	2.113e-01
ENSG00000248791:3(@)ENSG00000248791:3     25  1.507e-01 1.232e-02    3.283e-02      2.196e-02	2.334e-02
ENSG00000248846:2(@)ENSG00000248846:2      2  2.126e-03 1.561e-03    1.597e-03      1.613e-04	1.625e-04
ENSG00000249042:1(@)ENSG00000249042:1      7  9.988e-01 3.336e-01    8.961e-01      8.572e-01	8.960e-01
ENSG00000249167:2(@)ENSG00000249167:3     20  9.351e-01 7.169e-03    3.537e-02      2.927e-02	3.494e-02
ENSG00000249201:1(@)ENSG00000249201:1      7  9.973e-01 6.371e-01    9.737e-01      9.411e-01	9.736e-01
ENSG00000249483:3(@)ENSG00000249483:2      2  2.845e-02 4.975e-03    1.042e-02      5.925e-03	5.987e-03
ENSG00000249655:2(@)ENSG00000249655:3      1  9.987e-01 3.108e-02    7.370e-01      7.370e-01	7.370e-01
ENSG00000249655:1(@)ENSG00000249655:1      7  9.997e-01 5.677e-01    9.337e-01      8.627e-01	9.337e-01
ENSG00000249655:3(@)ENSG00000249655:4      2  2.830e-02 9.026e-04    2.697e-03      1.887e-03	1.890e-03
ENSG00000249781:2(@)ENSG00000249781:1     60  1.527e-01 9.999e-01    9.999e-01      5.315e-02	1.924e-01
ENSG00000250669:3(@)ENSG00000250669:3     14  2.737e-01 1.047e-03    3.875e-03      2.944e-03	3.169e-03
ENSG00000251023:2(@)ENSG00000251023:2     12  9.997e-01 4.419e-02    2.770e-01      2.489e-01	2.770e-01
ENSG00000251187:1(@)ENSG00000251187:1     32  6.083e-02 6.968e-02    6.844e-02      4.219e-03	7.942e-03
ENSG00000251189:1(@)ENSG00000251189:1      5  9.996e-01 9.946e-01    9.998e-01      9.784e-01	9.998e-01
ENSG00000251189:2(@)ENSG00000251189:2     13  9.996e-01 9.999e-01    1.000e+00      9.069e-01	9.999e-01
ENSG00000251189:3(@)ENSG00000251189:4     15  3.508e-01 1.318e-01    4.358e-01      3.608e-01	3.839e-01
ENSG00000251513:2(@)ENSG00000251513:3    113  9.987e-02 1.623e-02    1.739e-02      2.493e-03	3.905e-03
ENSG00000251556:1(@)ENSG00000251556:5     80  9.511e-01 2.961e-02    5.500e-02      2.874e-02	5.365e-02
ENSG00000251613:1(@)ENSG00000251613:2      9  9.785e-01 2.768e-02    1.635e-01      1.431e-01	1.630e-01
ENSG00000251666:1(@)ENSG00000251666:1      7  9.967e-01 9.897e-01    9.994e-01      9.557e-01	9.992e-01
ENSG00000253163:1(@)ENSG00000253163:2      3  3.648e-01 1.242e-01    5.659e-01      5.147e-01	5.294e-01
ENSG00000253686:1(@)ENSG00000253686:2      1  9.840e-01 3.184e-01    9.757e-01      9.755e-01	9.755e-01
ENSG00000253767:1(@)ENSG00000253767:2      2  9.962e-01 2.952e-03    1.153e-01      1.141e-01	1.153e-01
ENSG00000253846:2(@)ENSG00000253846:3     45  9.960e-01 1.040e-04    2.677e-04      1.738e-04	2.673e-04
ENSG00000254164:1(@)ENSG00000254164:1      1  9.986e-01 9.575e-01    9.995e-01      9.995e-01	9.995e-01
ENSG00000254226:1(@)ENSG00000254226:1      1  9.989e-01 8.080e-01    9.973e-01      9.973e-01	9.973e-01
ENSG00000254333:3(@)ENSG00000254333:2     13  4.321e-02 1.480e-02    1.589e-02      2.298e-03	2.840e-03
ENSG00000255647:2(@)ENSG00000255647:1     26  2.210e-01 6.708e-01    7.482e-01      2.787e-01	3.770e-01
ENSG00000271714:1(@)ENSG00000271714:1      1  9.935e-01 7.887e-01    9.969e-01      9.969e-01	9.969e-01
ENSG00000271828:3(@)ENSG00000271828:1     53  1.258e-01 9.198e-03    8.587e-03      1.111e-04	1.141e-03
ENSG00000271849:1(@)ENSG00000271849:2    121  9.871e-01 5.970e-01    7.379e-01      3.844e-01	7.331e-01
ENSG00000271918:2(@)ENSG00000271918:1     88  1.165e-01 9.982e-01    9.981e-01      4.142e-02	1.487e-01
ENSG00000272130:2(@)ENSG00000272130:1     11  9.994e-01 6.180e-01    9.737e-01      9.445e-01	9.737e-01
ENSG00000272130:1(@)ENSG00000272130:1      1  9.994e-01 7.559e-03    3.997e-01      3.997e-01	3.997e-01
ENSG00000279118:2(@)ENSG00000279118:2      6  4.422e-02 4.759e-03    5.116e-03      7.420e-04	9.208e-04
ENSG00000279557:2(@)ENSG00000279557:1    161  5.418e-01 9.929e-01    9.937e-01      1.803e-01	6.121e-01
ENSG00000279584:1(@)ENSG00000279584:2    194  9.946e-01 2.257e-01    2.867e-01      9.629e-02	2.857e-01
ENSG00000279799:2(@)ENSG00000279799:2      1  9.999e-01 3.916e-02    7.809e-01      7.809e-01	7.809e-01
ENSG00000279799:1(@)ENSG00000279799:1      1  9.999e-01 3.486e-01    9.791e-01      9.791e-01	9.791e-01
ENSG00000279883:1(@)ENSG00000279883:1      4  9.931e-01 1.879e-01    8.393e-01      8.137e-01	8.391e-01
ENSG00000280159:2(@)ENSG00000280159:1     20  3.155e-01 2.132e-03    2.736e-03      7.826e-04	1.377e-03
ENSG00000283235:1(@)ENSG00000283235:2     50  9.911e-01 6.596e-01    8.443e-01      5.726e-01	8.418e-01
ENSG00000283897:1(@)ENSG00000283897:1     23  9.987e-01 9.565e-01    9.928e-01      8.555e-01	9.926e-01
