Signal	Num_SNP	CPIP_qtl	CPIP_gwas_marginal	CPIP_gwas_qtl_prior	RCP	LCP
ENSG00000039139:1(@)ENSG00000039139:2      2  1.000e+00 3.832e-04    8.836e-04      6.924e-04	8.836e-04
ENSG00000050767:2(@)ENSG00000050767:2     10  9.984e-01 1.546e-01    1.557e-01      3.478e-02	1.554e-01
ENSG00000053108:1(@)ENSG00000053108:2     11  9.953e-01 2.234e-03    2.354e-03      2.324e-04	2.344e-03
ENSG00000072571:1(@)ENSG00000072571:1    104  7.619e-01 2.256e-01    1.842e-01      4.860e-03	1.407e-01
ENSG00000112874:1(@)ENSG00000112874:2    126  9.988e-01 9.596e-02    8.752e-02      2.481e-03	8.742e-02
ENSG00000113163:2(@)ENSG00000113163:2     39  4.167e-01 1.514e-01    1.355e-01      9.233e-03	5.999e-02
ENSG00000113163:1(@)ENSG00000113163:1     15  5.601e-01 1.092e-01    1.083e-01      1.660e-02	6.569e-02
ENSG00000113318:1(@)ENSG00000113318:2      1  9.906e-01 4.801e-02    1.562e-01      1.558e-01	1.558e-01
ENSG00000113391:1(@)ENSG00000113391:1     19  8.546e-01 1.920e-01    1.815e-01      3.526e-02	1.586e-01
ENSG00000113494:1(@)ENSG00000113494:1      6  9.988e-01 3.385e-01    3.398e-01      1.448e-01	3.395e-01
ENSG00000113532:2(@)ENSG00000113532:3      6  7.912e-01 1.291e-04    2.857e-04      2.169e-04	2.591e-04
ENSG00000113558:1(@)ENSG00000113558:2      1  9.956e-01 9.971e-01    9.992e-01      9.980e-01	9.980e-01
ENSG00000113558:2(@)ENSG00000113558:3     11  2.911e-02 1.571e-01    1.383e-01      1.947e-03	5.366e-03
ENSG00000113578:2(@)ENSG00000113578:3      1  5.348e-02 2.865e-02    3.201e-02      5.573e-03	5.573e-03
ENSG00000113578:1(@)ENSG00000113578:2      7  9.968e-01 4.067e-01    3.937e-01      1.807e-01	3.928e-01
ENSG00000113583:1(@)ENSG00000113583:1     75  9.914e-01 9.775e-01    5.074e-01      3.063e-02	5.032e-01
ENSG00000113600:1(@)ENSG00000113600:1     11  9.981e-01 8.033e-01    5.479e-01      2.055e-01	5.471e-01
ENSG00000113600:2(@)ENSG00000113600:3      4  9.900e-01 1.541e-02    2.676e-02      1.634e-02	2.661e-02
ENSG00000113657:3(@)ENSG00000113657:3     33  1.203e-01 1.106e-02    1.082e-02      1.610e-04	1.390e-03
ENSG00000118322:1(@)ENSG00000118322:2      3  9.993e-01 3.843e-01    4.566e-01      3.018e-01	4.565e-01
ENSG00000118985:1(@)ENSG00000118985:2      4  9.142e-01 9.476e-01    7.376e-01      2.657e-01	6.905e-01
ENSG00000120149:1(@)ENSG00000120149:1      1  9.964e-01 9.345e-01    9.813e-01      9.804e-01	9.804e-01
ENSG00000120149:3(@)ENSG00000120149:2      1  1.149e-02 1.674e-02    1.687e-02      7.015e-04	7.015e-04
ENSG00000120727:1(@)ENSG00000120727:2      1  9.981e-01 3.526e-03    1.289e-02      1.289e-02	1.289e-02
ENSG00000127022:2(@)ENSG00000127022:3     73  9.672e-01 8.497e-03    8.331e-03      1.222e-04	8.057e-03
ENSG00000131507:1(@)ENSG00000131507:1      1  9.994e-01 8.676e-02    2.598e-01      2.598e-01	2.598e-01
ENSG00000134986:3(@)ENSG00000134986:1      4  1.462e-02 8.275e-02    7.854e-02      5.486e-04	1.531e-03
ENSG00000145506:1(@)ENSG00000145506:1      2  9.662e-01 2.301e-03    2.365e-03      1.583e-04	2.288e-03
ENSG00000145506:2(@)ENSG00000145506:3     10  7.854e-02 5.569e-03    5.530e-03      1.462e-04	5.282e-04
ENSG00000145569:2(@)ENSG00000145569:2      2  9.948e-01 9.935e-01    9.457e-01      6.252e-01	9.431e-01
ENSG00000145569:1(@)ENSG00000145569:1      4  9.948e-01 9.935e-01    7.894e-01      5.750e-01	7.875e-01
ENSG00000145569:3(@)ENSG00000145569:3      6  1.688e-02 2.116e-02    2.051e-02      2.170e-04	4.987e-04
ENSG00000145632:1(@)ENSG00000145632:2      5  9.480e-01 2.942e-03    4.023e-03      1.571e-03	3.872e-03
ENSG00000145715:1(@)ENSG00000145715:1     26  9.502e-01 5.966e-01    4.320e-01      1.177e-01	4.146e-01
ENSG00000145723:1(@)ENSG00000145723:1     17  8.607e-01 1.111e-01    1.114e-01      1.934e-02	9.772e-02
ENSG00000145730:1(@)ENSG00000145730:2      7  9.992e-01 9.948e-01    7.180e-01      4.338e-01	7.177e-01
ENSG00000145730:2(@)ENSG00000145730:3      5  5.419e-01 6.408e-01    4.696e-01      8.296e-02	2.811e-01
ENSG00000145782:4(@)ENSG00000145782:1      3  7.129e-02 9.895e-02    9.630e-02      8.022e-03	1.227e-02
ENSG00000145782:3(@)ENSG00000145782:2     37  2.987e-01 3.100e-01    2.412e-01      1.051e-02	7.684e-02
ENSG00000145882:3(@)ENSG00000145882:1     36  7.202e-02 9.681e-01    4.975e-01      4.181e-03	3.825e-02
ENSG00000145916:1(@)ENSG00000145916:1      2  9.992e-01 5.797e-01    7.054e-01      6.259e-01	7.052e-01
ENSG00000145934:1(@)ENSG00000145934:1     11  9.999e-01 9.999e-01    7.049e-01      6.593e-02	7.048e-01
ENSG00000145934:2(@)ENSG00000145934:3      1  9.999e-01 3.993e-01    7.107e-01      7.107e-01	7.107e-01
ENSG00000145936:3(@)ENSG00000145936:2      1  1.021e-02 1.131e-02    1.137e-02      4.214e-04	4.214e-04
ENSG00000145936:1(@)ENSG00000145936:1      3  9.968e-01 3.358e-01    4.195e-01      2.786e-01	4.189e-01
ENSG00000146006:1(@)ENSG00000146006:2    119  9.921e-01 5.635e-01    3.629e-01      1.340e-02	3.600e-01
ENSG00000150756:1(@)ENSG00000150756:3     26  9.998e-01 2.025e-02    2.188e-02      3.397e-03	2.188e-02
ENSG00000150756:4(@)ENSG00000150756:2      2  9.889e-04 7.125e-02    6.893e-02      2.045e-04	2.175e-04
ENSG00000152495:1(@)ENSG00000152495:1     76  4.353e-01 6.942e-02    6.463e-02      1.383e-03	2.850e-02
ENSG00000152931:1(@)ENSG00000152931:2     11  9.836e-01 3.977e-01    3.391e-01      9.812e-02	3.346e-01
ENSG00000153006:2(@)ENSG00000153006:3      3  7.032e-01 3.345e-01    3.971e-01      2.194e-01	3.265e-01
ENSG00000153006:1(@)ENSG00000153006:1      2  9.984e-01 9.419e-01    8.011e-01      5.934e-01	8.005e-01
ENSG00000154153:1(@)ENSG00000154153:2     19  9.982e-01 9.402e-01    5.348e-01      1.111e-01	5.340e-01
ENSG00000155511:1(@)ENSG00000155511:1     34  9.811e-01 9.143e-01    5.051e-01      6.490e-02	4.964e-01
ENSG00000157111:1(@)ENSG00000157111:1      1  9.981e-01 7.690e-02    2.352e-01      2.350e-01	2.350e-01
ENSG00000164172:1(@)ENSG00000164172:2      3  9.980e-01 6.082e-03    1.126e-02      7.299e-03	1.125e-02
ENSG00000164181:1(@)ENSG00000164181:1      5  9.953e-01 9.642e-01    6.485e-01      3.198e-01	6.465e-01
ENSG00000164181:3(@)ENSG00000164181:3      4  6.111e-03 7.128e-02    6.854e-02      5.706e-04	8.306e-04
ENSG00000164219:2(@)ENSG00000164219:2      2  2.030e-02 1.097e-02    1.096e-02      3.997e-04	5.077e-04
ENSG00000164237:3(@)ENSG00000164237:2      1  7.503e-03 4.294e-03    4.284e-03      1.175e-04	1.175e-04
ENSG00000164241:1(@)ENSG00000164241:3     20  9.895e-01 5.631e-03    6.071e-03      8.120e-04	6.013e-03
ENSG00000164244:1(@)ENSG00000164244:1     29  9.999e-01 9.032e-01    5.080e-01      7.292e-02	5.080e-01
ENSG00000164244:2(@)ENSG00000164244:3      2  9.999e-01 4.014e-01    5.361e-01      4.191e-01	5.361e-01
ENSG00000164292:1(@)ENSG00000164292:1      1  9.951e-01 9.808e-01    9.947e-01      9.934e-01	9.934e-01
ENSG00000164309:1(@)ENSG00000164309:1     19  9.963e-01 9.873e-01    5.447e-01      8.669e-02	5.429e-01
ENSG00000164331:1(@)ENSG00000164331:2      2  9.881e-01 1.326e-01    2.974e-01      2.696e-01	2.962e-01
ENSG00000164591:1(@)ENSG00000164591:1      1  9.957e-01 4.437e-02    1.461e-01      1.459e-01	1.459e-01
ENSG00000170234:1(@)ENSG00000170234:1      4  9.878e-01 5.901e-01    5.712e-01      3.333e-01	5.671e-01
ENSG00000173261:3(@)ENSG00000173261:2     19  1.961e-02 2.031e-01    1.705e-01      9.474e-04	3.985e-03
ENSG00000173261:1(@)ENSG00000173261:2      1  9.911e-01 1.399e-01    3.740e-01      3.731e-01	3.731e-01
ENSG00000174136:1(@)ENSG00000174136:1     16  5.511e-01 2.738e-03    2.823e-03      2.073e-04	1.615e-03
ENSG00000175426:1(@)ENSG00000175426:1      1  9.993e-01 1.117e-01    3.173e-01      3.172e-01	3.172e-01
ENSG00000175745:1(@)ENSG00000175745:3     14  5.726e-01 2.489e-04    2.459e-04      3.534e-06	1.411e-04
ENSG00000176018:1(@)ENSG00000176018:1      3  9.843e-01 4.910e-01    5.980e-01      4.867e-01	5.942e-01
ENSG00000176783:2(@)ENSG00000176783:3      4  9.999e-01 1.614e-02    2.759e-02      1.654e-02	2.759e-02
ENSG00000176783:1(@)ENSG00000176783:2     10  9.999e-01 1.426e-01    1.848e-01      9.289e-02	1.848e-01
ENSG00000181104:1(@)ENSG00000181104:1     90  1.670e-01 6.993e-03    6.834e-03      2.708e-05	1.145e-03
ENSG00000183876:1(@)ENSG00000183876:2     32  9.995e-01 8.457e-02    8.310e-02      9.554e-03	8.307e-02
ENSG00000184838:1(@)ENSG00000184838:2     34  9.844e-01 5.908e-02    5.884e-02      5.891e-03	5.798e-02
ENSG00000186493:1(@)ENSG00000186493:2      1  9.978e-01 2.939e-01    6.057e-01      6.053e-01	6.053e-01
ENSG00000188002:1(@)ENSG00000188002:2      5  9.553e-01 4.131e-02    6.238e-02      3.161e-02	6.061e-02
ENSG00000197603:3(@)ENSG00000197603:1     36  9.186e-02 9.757e-01    9.198e-01      3.396e-03	8.574e-02
ENSG00000212643:2(@)ENSG00000212643:2      1  2.189e-02 6.370e-03    6.600e-03      5.087e-04	5.087e-04
ENSG00000213433:1(@)ENSG00000213433:2     40  9.948e-01 5.400e-01    3.643e-01      1.851e-02	3.625e-01
ENSG00000213433:2(@)ENSG00000213433:3      1  6.911e-03 5.278e-03    5.257e-03      1.331e-04	1.331e-04
ENSG00000213523:1(@)ENSG00000213523:2     13  9.993e-01 5.496e-03    7.593e-03      3.069e-03	7.589e-03
ENSG00000213949:1(@)ENSG00000213949:3      7  9.985e-01 2.884e-04    4.356e-04      2.091e-04	4.352e-04
ENSG00000214510:3(@)ENSG00000214510:1     77  1.729e-01 9.947e-01    5.256e-01      4.484e-04	9.013e-02
ENSG00000224186:1(@)ENSG00000224186:1      3  1.000e+00 9.981e-01    7.438e-01      4.640e-01	7.437e-01
ENSG00000224186:2(@)ENSG00000224186:2     97  9.839e-01 6.512e-01    4.002e-01      1.863e-02	3.939e-01
ENSG00000226040:1(@)ENSG00000226040:2    114  9.855e-01 5.712e-02    5.363e-02      9.917e-04	5.285e-02
ENSG00000229666:1(@)ENSG00000229666:1      2  9.989e-01 4.419e-01    5.774e-01      4.636e-01	5.772e-01
ENSG00000232615:1(@)ENSG00000232615:2     18  9.930e-01 9.398e-01    5.561e-01      1.369e-01	5.529e-01
ENSG00000237190:1(@)ENSG00000237190:2      3  9.998e-01 1.987e-01    2.846e-01      1.817e-01	2.846e-01
ENSG00000237190:2(@)ENSG00000237190:3     22  9.998e-01 1.959e-03    1.994e-03      1.076e-04	1.994e-03
ENSG00000239528:2(@)ENSG00000239528:1      2  6.538e-03 9.183e-03    9.007e-03      9.270e-05	1.259e-04
ENSG00000240184:1(@)ENSG00000240184:1     55  2.029e-01 1.499e-01    1.309e-01      3.880e-03	2.856e-02
ENSG00000241809:1(@)ENSG00000241809:1      1  9.999e-01 9.988e-01    9.997e-01      9.996e-01	9.996e-01
ENSG00000242110:1(@)ENSG00000242110:2     14  9.935e-01 2.790e-01    2.580e-01      6.911e-02	2.567e-01
ENSG00000245146:2(@)ENSG00000245146:1     16  9.999e-01 4.697e-01    3.499e-01      5.056e-02	3.499e-01
ENSG00000247199:1(@)ENSG00000247199:1      1  9.962e-01 9.967e-01    9.991e-01      9.981e-01	9.981e-01
ENSG00000248222:2(@)ENSG00000248222:1      8  2.886e-02 5.631e-02    5.296e-02      4.871e-04	1.857e-03
ENSG00000248275:1(@)ENSG00000248275:2     20  9.981e-01 4.314e-01    3.311e-01      5.489e-02	3.306e-01
ENSG00000248445:1(@)ENSG00000248445:2     17  9.992e-01 6.139e-01    4.305e-01      9.549e-02	4.302e-01
ENSG00000248610:1(@)ENSG00000248610:1    120  9.942e-01 7.384e-02    6.868e-02      1.908e-03	6.829e-02
ENSG00000248668:2(@)ENSG00000248668:1     45  4.887e-01 2.942e-02    2.835e-02      4.248e-04	1.392e-02
ENSG00000248791:1(@)ENSG00000248791:1     12  1.000e+00 9.344e-01    5.892e-01      2.112e-01	5.892e-01
ENSG00000248791:2(@)ENSG00000248791:2     64  1.000e+00 8.730e-02    8.329e-02      6.448e-03	8.329e-02
ENSG00000248791:3(@)ENSG00000248791:3     25  1.507e-01 1.232e-02    1.271e-02      9.656e-04	2.498e-03
ENSG00000249042:1(@)ENSG00000249042:1      7  9.988e-01 3.336e-01    3.468e-01      1.623e-01	3.465e-01
ENSG00000249167:2(@)ENSG00000249167:3     20  9.351e-01 7.169e-03    7.888e-03      1.266e-03	7.431e-03
ENSG00000249201:1(@)ENSG00000249201:1      7  9.973e-01 6.371e-01    5.462e-01      2.950e-01	5.453e-01
ENSG00000249483:3(@)ENSG00000249483:2      2  2.845e-02 4.975e-03    5.040e-03      2.576e-04	3.257e-04
ENSG00000249655:2(@)ENSG00000249655:3      1  9.987e-01 3.108e-02    1.059e-01      1.059e-01	1.059e-01
ENSG00000249655:1(@)ENSG00000249655:1      7  9.997e-01 5.677e-01    4.479e-01      1.413e-01	4.478e-01
ENSG00000249781:2(@)ENSG00000249781:1     60  1.527e-01 9.999e-01    6.123e-01      1.482e-03	9.335e-02
ENSG00000250669:3(@)ENSG00000250669:3     14  2.737e-01 1.047e-03    1.116e-03      1.270e-04	3.706e-04
ENSG00000251023:2(@)ENSG00000251023:2     12  9.997e-01 4.419e-02    5.092e-02      1.325e-02	5.090e-02
ENSG00000251187:1(@)ENSG00000251187:1     32  6.083e-02 6.968e-02    6.448e-02      1.723e-04	3.993e-03
ENSG00000251189:1(@)ENSG00000251189:1      5  9.996e-01 9.946e-01    7.737e-01      5.262e-01	7.736e-01
ENSG00000251189:2(@)ENSG00000251189:2     13  9.996e-01 9.999e-01    5.863e-01      1.659e-01	5.861e-01
ENSG00000251189:3(@)ENSG00000251189:4     15  3.508e-01 1.318e-01    1.303e-01      2.133e-02	5.555e-02
ENSG00000251513:2(@)ENSG00000251513:3    113  9.987e-02 1.623e-02    1.571e-02      1.066e-04	1.621e-03
ENSG00000251556:1(@)ENSG00000251556:5     80  9.511e-01 2.961e-02    2.901e-02      1.213e-03	2.762e-02
ENSG00000251613:1(@)ENSG00000251613:2      9  9.785e-01 2.768e-02    3.147e-02      6.856e-03	3.090e-02
ENSG00000251666:1(@)ENSG00000251666:1      7  9.967e-01 9.897e-01    6.472e-01      3.068e-01	6.458e-01
ENSG00000253163:1(@)ENSG00000253163:2      3  3.648e-01 1.242e-01    1.394e-01      3.991e-02	6.914e-02
ENSG00000253686:1(@)ENSG00000253686:2      1  9.840e-01 3.184e-01    6.305e-01      6.277e-01	6.277e-01
ENSG00000253767:1(@)ENSG00000253767:2      2  9.962e-01 2.952e-03    6.846e-03      5.405e-03	6.835e-03
ENSG00000253846:2(@)ENSG00000253846:3     45  9.960e-01 1.040e-04    1.071e-04      7.346e-06	1.067e-04
ENSG00000254164:1(@)ENSG00000254164:1      1  9.986e-01 9.575e-01    9.881e-01      9.877e-01	9.877e-01
ENSG00000254226:1(@)ENSG00000254226:1      1  9.989e-01 8.080e-01    9.396e-01      9.393e-01	9.393e-01
ENSG00000254333:3(@)ENSG00000254333:2     13  4.321e-02 1.480e-02    1.440e-02      9.849e-05	6.836e-04
ENSG00000255647:2(@)ENSG00000255647:1     26  2.210e-01 6.708e-01    4.152e-01      9.692e-03	9.638e-02
ENSG00000271714:1(@)ENSG00000271714:1      1  9.935e-01 7.887e-01    9.321e-01      9.305e-01	9.305e-01
ENSG00000271828:3(@)ENSG00000271828:1     53  1.258e-01 9.198e-03    8.957e-03      4.781e-06	1.117e-03
ENSG00000271849:1(@)ENSG00000271849:2    121  9.871e-01 5.970e-01    3.778e-01      1.570e-02	3.730e-01
ENSG00000271918:2(@)ENSG00000271918:1     88  1.165e-01 9.982e-01    9.982e-01      1.758e-03	1.161e-01
ENSG00000272130:2(@)ENSG00000272130:1     11  9.994e-01 6.180e-01    5.447e-01      3.248e-01	5.445e-01
ENSG00000272130:1(@)ENSG00000272130:1      1  9.994e-01 7.559e-03    2.737e-02      2.736e-02	2.736e-02
ENSG00000279118:2(@)ENSG00000279118:2      6  4.422e-02 4.759e-03    4.663e-03      3.206e-05	2.261e-04
ENSG00000279557:2(@)ENSG00000279557:1    161  5.418e-01 9.929e-01    4.997e-01      4.418e-03	2.706e-01
ENSG00000279584:1(@)ENSG00000279584:2    194  9.946e-01 2.257e-01    1.831e-01      3.614e-03	1.821e-01
ENSG00000279799:2(@)ENSG00000279799:2      1  9.999e-01 3.916e-02    1.309e-01      1.309e-01	1.309e-01
ENSG00000279799:1(@)ENSG00000279799:1      1  9.999e-01 3.486e-01    6.642e-01      6.641e-01	6.641e-01
ENSG00000279883:1(@)ENSG00000279883:1      4  9.931e-01 1.879e-01    2.464e-01      1.375e-01	2.454e-01
ENSG00000280159:2(@)ENSG00000280159:1     20  3.155e-01 2.132e-03    2.109e-03      3.369e-05	6.763e-04
ENSG00000283235:1(@)ENSG00000283235:2     50  9.911e-01 6.596e-01    4.096e-01      3.176e-02	4.061e-01
ENSG00000283897:1(@)ENSG00000283897:1     23  9.987e-01 9.565e-01    5.389e-01      1.092e-01	5.383e-01
