Gene		GRCP	GLCP
ENSG00000006837		7.372e-04	7.372e-04
ENSG00000011083		5.820e-04	5.820e-04
ENSG00000013561		5.044e-04	5.044e-04
ENSG00000015479		1.707e-03	1.707e-03
ENSG00000016082		1.552e-03	1.552e-03
ENSG00000019582		1.862e-03	1.862e-03
ENSG00000027847		4.656e-04	4.656e-04
ENSG00000028310		8.651e-01	9.740e-01
ENSG00000031003		2.792e-03	2.792e-03
ENSG00000035499		3.104e-03	3.104e-03
ENSG00000037241		1.203e-03	1.203e-03
ENSG00000037280		6.984e-04	6.984e-04
ENSG00000037474		8.701e-01	8.889e-01
ENSG00000037749		1.978e-03	1.978e-03
ENSG00000038274		3.104e-03	3.104e-03
ENSG00000038382		4.275e-02	4.303e-02
ENSG00000038427		2.211e-03	2.211e-03
ENSG00000039123		2.600e-03	2.600e-03
ENSG00000039139		3.141e-03	3.141e-03
ENSG00000039319		1.435e-03	1.435e-03
ENSG00000039537		2.017e-03	2.017e-03
ENSG00000039560		3.220e-03	3.220e-03
ENSG00000039600		1.435e-03	1.435e-03
ENSG00000040275		1.901e-03	1.901e-03
ENSG00000043143		1.048e-03	1.048e-03
ENSG00000043462		9.999e-01	1.000e+00
ENSG00000044115		2.716e-03	2.716e-03
ENSG00000047188		4.342e-03	4.342e-03
ENSG00000048140		1.940e-04	1.940e-04
ENSG00000048162		1.862e-03	1.862e-03
ENSG00000049167		5.820e-04	5.820e-04
ENSG00000049192		1.164e-03	1.164e-03
ENSG00000049656		2.444e-03	2.444e-03
ENSG00000049860		2.637e-03	2.637e-03
ENSG00000049883		3.880e-04	3.880e-04
ENSG00000050748		1.978e-03	1.978e-03
ENSG00000050767		2.288e-03	2.288e-03
ENSG00000051596		5.432e-04	5.432e-04
ENSG00000053108		5.044e-04	5.044e-04
ENSG00000055147		1.164e-03	1.164e-03
ENSG00000055163		3.218e-03	3.218e-03
ENSG00000056097		2.716e-04	2.716e-04
ENSG00000058729		4.342e-03	4.342e-03
ENSG00000061455		1.125e-03	1.125e-03
ENSG00000062194		2.328e-03	2.328e-03
ENSG00000063438		1.280e-03	1.280e-03
ENSG00000064651		2.226e-01	3.242e-01
ENSG00000064652		2.328e-04	2.328e-04
ENSG00000064692		3.312e-01	3.313e-01
ENSG00000066230		2.288e-03	2.288e-03
ENSG00000066583		2.289e-03	2.289e-03
ENSG00000067113		1.125e-03	1.125e-03
ENSG00000067248		2.831e-03	2.831e-03
ENSG00000068796		3.880e-04	3.880e-04
ENSG00000069011		1.048e-03	1.048e-03
ENSG00000069020		4.540e-03	4.540e-03
ENSG00000070193		5.044e-04	5.044e-04
ENSG00000070614		1.242e-03	1.242e-03
ENSG00000070808		3.093e-01	3.146e-01
ENSG00000070814		5.820e-04	5.820e-04
ENSG00000071539		1.824e-03	1.824e-03
ENSG00000072364		2.328e-04	2.328e-04
ENSG00000072571		2.521e-03	2.521e-03
ENSG00000072682		9.942e-01	9.982e-01
ENSG00000072786		2.133e-03	2.133e-03
ENSG00000072803		1.009e-03	1.009e-03
ENSG00000073578		1.125e-03	1.125e-03
ENSG00000074276		1.164e-04	1.164e-04
ENSG00000074317		1.668e-03	1.668e-03
ENSG00000078295		9.042e-01	9.998e-01
ENSG00000078795		2.328e-04	2.328e-04
ENSG00000079215		2.133e-03	2.133e-03
ENSG00000080709		1.785e-03	1.785e-03
ENSG00000081059		1.358e-03	1.358e-03
ENSG00000081189		6.286e-03	6.286e-03
ENSG00000081791		4.346e-03	4.346e-03
ENSG00000081818		2.250e-03	2.250e-03
ENSG00000081842		6.595e-04	6.595e-04
ENSG00000081853		3.876e-03	3.876e-03
ENSG00000082068		1.707e-03	1.707e-03
ENSG00000082074		1.227e-03	1.228e-03
ENSG00000082196		8.905e-03	8.905e-03
ENSG00000082213		9.727e-01	9.987e-01
ENSG00000082515		3.025e-03	3.025e-03
ENSG00000082516		2.947e-03	2.947e-03
ENSG00000083312		2.211e-03	2.211e-03
ENSG00000083720		5.510e-03	5.510e-03
ENSG00000085231		3.412e-03	3.412e-03
ENSG00000085365		1.280e-03	1.280e-03
ENSG00000086189		6.983e-04	6.983e-04
ENSG00000086200		3.880e-04	3.880e-04
ENSG00000086570		5.820e-04	5.820e-04
ENSG00000086589		4.656e-04	4.656e-04
ENSG00000087116		1.164e-03	1.164e-03
ENSG00000087206		3.880e-04	3.880e-04
ENSG00000091009		6.595e-04	6.595e-04
ENSG00000091010		5.044e-04	5.044e-04
ENSG00000092421		5.662e-03	5.662e-03
ENSG00000094755		4.986e-01	5.895e-01
ENSG00000094880		7.371e-04	7.371e-04
ENSG00000095015		3.064e-03	3.064e-03
ENSG00000112851		7.371e-04	7.371e-04
ENSG00000112852		1.125e-03	1.125e-03
ENSG00000112855		2.716e-04	2.716e-04
ENSG00000112874		5.118e-03	5.118e-03
ENSG00000112877		4.461e-03	4.461e-03
ENSG00000112893		6.207e-04	6.207e-04
ENSG00000112902		8.535e-04	8.535e-04
ENSG00000112936		1.978e-03	1.978e-03
ENSG00000112941		8.148e-04	8.148e-04
ENSG00000112964		1.656e-01	2.510e-01
ENSG00000112972		1.784e-03	1.784e-03
ENSG00000112977		1.164e-03	1.164e-03
ENSG00000112981		3.880e-04	3.880e-04
ENSG00000112983		9.200e-01	9.915e-01
ENSG00000112984		3.104e-04	3.104e-04
ENSG00000112992		8.148e-04	8.148e-04
ENSG00000112996		1.668e-03	1.668e-03
ENSG00000113013		3.420e-03	3.593e-03
ENSG00000113048		1.474e-03	1.474e-03
ENSG00000113068		1.009e-03	1.009e-03
ENSG00000113070		1.940e-04	1.940e-04
ENSG00000113073		2.055e-03	2.055e-03
ENSG00000113083		3.413e-03	3.413e-03
ENSG00000113088		1.474e-03	1.474e-03
ENSG00000113108		2.018e-03	2.018e-03
ENSG00000113119		9.699e-04	9.699e-04
ENSG00000113140		4.535e-03	4.535e-03
ENSG00000113141		1.552e-03	1.552e-03
ENSG00000113161		2.328e-04	2.328e-04
ENSG00000113163		1.280e-03	1.280e-03
ENSG00000113194		3.569e-03	3.569e-03
ENSG00000113205		4.732e-03	4.732e-03
ENSG00000113209		2.676e-03	2.676e-03
ENSG00000113211		9.871e-01	9.990e-01
ENSG00000113212		2.792e-03	2.792e-03
ENSG00000113231		6.207e-04	6.207e-04
ENSG00000113240		1.784e-03	1.784e-03
ENSG00000113248		1.862e-03	1.862e-03
ENSG00000113249		9.312e-04	9.312e-04
ENSG00000113262		9.698e-04	9.698e-04
ENSG00000113263		7.246e-01	8.202e-01
ENSG00000113269		7.372e-04	7.372e-04
ENSG00000113272		4.537e-03	4.537e-03
ENSG00000113273		5.044e-04	5.044e-04
ENSG00000113282		1.939e-03	1.939e-03
ENSG00000113296		8.148e-04	8.148e-04
ENSG00000113300		1.900e-03	1.900e-03
ENSG00000113302		1.513e-03	1.513e-03
ENSG00000113303		2.715e-03	2.715e-03
ENSG00000113312		1.164e-03	1.164e-03
ENSG00000113318		7.371e-04	7.371e-04
ENSG00000113319		1.203e-03	1.203e-03
ENSG00000113328		4.496e-03	4.496e-03
ENSG00000113356		1.552e-04	1.552e-04
ENSG00000113360		3.104e-04	3.104e-04
ENSG00000113361		1.436e-03	1.436e-03
ENSG00000113368		1.319e-03	1.319e-03
ENSG00000113369		8.147e-04	8.147e-04
ENSG00000113384		3.880e-04	3.880e-04
ENSG00000113387		3.839e-03	3.839e-03
ENSG00000113389		8.536e-04	8.536e-04
ENSG00000113391		8.534e-04	8.534e-04
ENSG00000113396		3.104e-04	3.104e-04
ENSG00000113407		2.095e-03	2.095e-03
ENSG00000113441		1.591e-03	1.591e-03
ENSG00000113448		8.535e-04	8.535e-04
ENSG00000113456		8.535e-04	8.535e-04
ENSG00000113460		1.209e-02	1.889e-02
ENSG00000113494		5.889e-03	5.889e-03
ENSG00000113504		2.133e-03	2.133e-03
ENSG00000113522		4.966e-03	4.966e-03
ENSG00000113532		4.268e-04	4.268e-04
ENSG00000113552		2.017e-03	2.017e-03
ENSG00000113555		9.700e-04	9.700e-04
ENSG00000113558		5.044e-04	5.044e-04
ENSG00000113569		1.526e-01	1.711e-01
ENSG00000113575		2.443e-03	2.443e-03
ENSG00000113578		1.009e-03	1.009e-03
ENSG00000113580		5.819e-04	5.819e-04
ENSG00000113583		2.869e-03	2.869e-03
ENSG00000113593		2.443e-03	2.443e-03
ENSG00000113594		4.656e-04	4.656e-04
ENSG00000113595		1.358e-03	1.358e-03
ENSG00000113597		8.147e-04	8.147e-04
ENSG00000113600		5.432e-04	5.432e-04
ENSG00000113615		2.404e-03	2.404e-03
ENSG00000113621		1.668e-03	1.668e-03
ENSG00000113638		2.289e-03	2.289e-03
ENSG00000113643		1.552e-04	1.552e-04
ENSG00000113645		1.358e-03	1.358e-03
ENSG00000113648		9.310e-04	9.310e-04
ENSG00000113649		2.055e-03	2.055e-03
ENSG00000113657		9.674e-01	9.953e-01
ENSG00000113658		3.880e-04	3.880e-04
ENSG00000113712		1.979e-03	1.979e-03
ENSG00000113716		1.125e-03	1.125e-03
ENSG00000113719		3.880e-04	3.880e-04
ENSG00000113721		1.629e-03	1.629e-03
ENSG00000113722		3.026e-03	3.026e-03
ENSG00000113732		9.771e-01	9.986e-01
ENSG00000113734		6.596e-04	6.596e-04
ENSG00000113739		4.111e-03	4.111e-03
ENSG00000113742		1.940e-04	1.940e-04
ENSG00000113749		2.716e-04	2.716e-04
ENSG00000113758		5.820e-04	5.820e-04
ENSG00000113761		7.759e-04	7.759e-04
ENSG00000113763		5.820e-04	5.820e-04
ENSG00000118322		2.328e-04	2.328e-04
ENSG00000118985		9.479e-01	9.608e-01
ENSG00000119048		4.656e-04	4.656e-04
ENSG00000120129		9.814e-01	9.986e-01
ENSG00000120137		2.056e-03	2.056e-03
ENSG00000120149		9.312e-04	9.312e-04
ENSG00000120306		1.397e-03	1.397e-03
ENSG00000120314		1.164e-04	1.164e-04
ENSG00000120318		2.831e-03	2.831e-03
ENSG00000120322		2.250e-03	2.250e-03
ENSG00000120324		2.871e-03	2.871e-03
ENSG00000120327		1.319e-03	1.319e-03
ENSG00000120328		7.552e-01	9.963e-01
ENSG00000120329		1.009e-03	1.009e-03
ENSG00000120705		8.923e-04	8.923e-04
ENSG00000120708		1.125e-03	1.125e-03
ENSG00000120709		1.202e-03	1.202e-03
ENSG00000120725		1.280e-03	1.280e-03
ENSG00000120727		9.312e-04	9.312e-04
ENSG00000120729		6.984e-04	6.984e-04
ENSG00000120733		1.319e-03	1.319e-03
ENSG00000120738		7.760e-05	7.760e-05
ENSG00000122008		6.595e-04	6.595e-04
ENSG00000122012		4.030e-03	4.030e-03
ENSG00000122203		5.432e-04	5.432e-04
ENSG00000123213		1.940e-04	1.940e-04
ENSG00000123219		2.095e-03	2.095e-03
ENSG00000123643		3.024e-03	3.024e-03
ENSG00000124275		1.203e-03	1.203e-03
ENSG00000124279		1.552e-03	1.552e-03
ENSG00000125347		3.104e-04	3.104e-04
ENSG00000127022		1.086e-03	1.086e-03
ENSG00000127184		9.621e-03	9.621e-03
ENSG00000127743		1.280e-03	1.280e-03
ENSG00000129595		1.823e-03	1.823e-03
ENSG00000129596		1.668e-03	1.668e-03
ENSG00000129625		1.280e-03	1.280e-03
ENSG00000130449		3.647e-03	3.647e-03
ENSG00000131187		1.590e-03	1.590e-03
ENSG00000131188		2.328e-04	2.328e-04
ENSG00000131435		9.311e-04	9.311e-04
ENSG00000131437		3.103e-03	3.103e-03
ENSG00000131446		3.880e-04	3.880e-04
ENSG00000131459		1.590e-03	1.590e-03
ENSG00000131495		4.268e-04	4.268e-04
ENSG00000131503		7.760e-05	7.760e-05
ENSG00000131504		3.026e-03	3.026e-03
ENSG00000131507		7.139e-01	8.660e-01
ENSG00000131508		7.178e-03	7.178e-03
ENSG00000131711		2.232e-01	3.088e-01
ENSG00000131730		4.268e-04	4.268e-04
ENSG00000131732		1.668e-03	1.668e-03
ENSG00000131844		2.677e-03	2.677e-03
ENSG00000132356		5.001e-02	5.041e-02
ENSG00000132357		2.560e-03	2.560e-03
ENSG00000132563		9.311e-04	9.311e-04
ENSG00000132570		7.760e-05	7.760e-05
ENSG00000132837		3.450e-03	3.450e-03
ENSG00000132840		3.104e-03	3.104e-03
ENSG00000132842		3.181e-03	3.181e-03
ENSG00000132846		3.104e-04	3.104e-04
ENSG00000132911		1.203e-03	1.203e-03
ENSG00000132912		6.208e-04	6.208e-04
ENSG00000133302		3.880e-04	3.880e-04
ENSG00000133398		1.319e-03	1.319e-03
ENSG00000133401		3.875e-03	3.875e-03
ENSG00000133706		1.552e-04	1.552e-04
ENSG00000133710		1.164e-04	1.164e-04
ENSG00000133835		1.164e-03	1.164e-03
ENSG00000134056		3.104e-04	3.104e-04
ENSG00000134057		2.250e-03	2.250e-03
ENSG00000134058		5.044e-04	5.044e-04
ENSG00000134061		9.792e-01	9.998e-01
ENSG00000134352		2.830e-03	2.830e-03
ENSG00000134363		3.490e-03	3.490e-03
ENSG00000134480		3.064e-03	3.064e-03
ENSG00000134516		4.268e-04	4.268e-04
ENSG00000134970		9.469e-01	9.700e-01
ENSG00000134982		3.104e-04	3.104e-04
ENSG00000134986		2.055e-03	2.055e-03
ENSG00000134987		3.492e-04	3.492e-04
ENSG00000135074		4.497e-03	4.497e-03
ENSG00000135077		3.880e-04	3.880e-04
ENSG00000135083		8.535e-04	8.535e-04
ENSG00000138829		1.592e-01	2.378e-01
ENSG00000142319		1.164e-04	1.164e-04
ENSG00000145491		1.552e-04	1.552e-04
ENSG00000145494		7.760e-05	7.760e-05
ENSG00000145495		1.862e-03	1.862e-03
ENSG00000145506		4.152e-03	4.152e-03
ENSG00000145536		1.862e-03	1.862e-03
ENSG00000145545		5.409e-02	5.519e-02
ENSG00000145555		7.760e-05	7.760e-05
ENSG00000145569		9.311e-04	9.311e-04
ENSG00000145592		2.736e-03	3.638e-03
ENSG00000145604		4.268e-04	4.268e-04
ENSG00000145623		4.566e-01	5.386e-01
ENSG00000145632		6.596e-04	6.596e-04
ENSG00000145649		4.656e-04	4.656e-04
ENSG00000145675		1.707e-03	1.707e-03
ENSG00000145685		7.759e-04	7.759e-04
ENSG00000145687		2.444e-03	2.444e-03
ENSG00000145692		9.312e-04	9.312e-04
ENSG00000145700		5.820e-04	5.820e-04
ENSG00000145703		2.328e-04	2.328e-04
ENSG00000145708		8.535e-04	8.535e-04
ENSG00000145715		3.413e-03	3.413e-03
ENSG00000145721		2.094e-03	2.094e-03
ENSG00000145723		2.792e-03	2.792e-03
ENSG00000145725		5.044e-04	5.044e-04
ENSG00000145730		2.056e-03	2.056e-03
ENSG00000145734		8.251e-03	8.251e-03
ENSG00000145736		1.000e+00	1.000e+00
ENSG00000145740		5.044e-04	5.044e-04
ENSG00000145741		9.179e-03	9.179e-03
ENSG00000145743		2.820e-01	3.200e-01
ENSG00000145757		1.940e-04	1.940e-04
ENSG00000145777		9.699e-04	9.699e-04
ENSG00000145779		5.781e-03	5.781e-03
ENSG00000145780		2.094e-03	2.094e-03
ENSG00000145781		7.372e-04	7.372e-04
ENSG00000145782		3.412e-03	3.412e-03
ENSG00000145794		8.147e-04	8.147e-04
ENSG00000145817		3.040e-03	3.490e-03
ENSG00000145819		2.716e-04	2.716e-04
ENSG00000145824		1.940e-03	1.940e-03
ENSG00000145833		7.760e-05	7.760e-05
ENSG00000145850		1.940e-03	1.940e-03
ENSG00000145860		1.047e-03	1.047e-03
ENSG00000145861		6.208e-04	6.208e-04
ENSG00000145864		4.656e-04	4.656e-04
ENSG00000145868		7.759e-04	7.759e-04
ENSG00000145882		2.869e-03	2.869e-03
ENSG00000145901		1.009e-03	1.009e-03
ENSG00000145907		2.677e-03	2.677e-03
ENSG00000145908		3.492e-04	3.492e-04
ENSG00000145911		3.840e-03	3.840e-03
ENSG00000145912		6.596e-04	6.596e-04
ENSG00000145916		1.940e-04	1.940e-04
ENSG00000145919		3.880e-04	3.880e-04
ENSG00000145920		2.559e-03	2.559e-03
ENSG00000145934		8.536e-04	8.536e-04
ENSG00000145936		1.629e-03	1.629e-03
ENSG00000146001		2.328e-04	2.328e-04
ENSG00000146005		2.561e-03	2.561e-03
ENSG00000146006		1.641e-02	5.048e-02
ENSG00000146007		1.552e-04	1.552e-04
ENSG00000146013		1.280e-03	1.280e-03
ENSG00000146021		5.898e-03	5.898e-03
ENSG00000146054		1.009e-03	1.009e-03
ENSG00000146063		1.358e-03	1.358e-03
ENSG00000146066		1.280e-03	1.280e-03
ENSG00000146067		1.707e-03	1.707e-03
ENSG00000146083		2.716e-04	2.716e-04
ENSG00000146090		1.552e-04	1.552e-04
ENSG00000146094		5.432e-04	5.432e-04
ENSG00000150712		2.328e-04	2.328e-04
ENSG00000150753		9.698e-04	9.698e-04
ENSG00000150756		1.591e-03	1.591e-03
ENSG00000151292		1.358e-03	1.358e-03
ENSG00000151304		1.164e-03	1.164e-03
ENSG00000151388		7.760e-04	7.760e-04
ENSG00000151422		2.328e-04	2.328e-04
ENSG00000151876		5.432e-04	5.432e-04
ENSG00000151881		3.064e-03	3.064e-03
ENSG00000151882		1.280e-03	1.280e-03
ENSG00000151883		2.869e-03	2.869e-03
ENSG00000152348		1.940e-04	1.940e-04
ENSG00000152359		2.715e-03	2.715e-03
ENSG00000152377		9.698e-04	9.698e-04
ENSG00000152380		1.319e-03	1.319e-03
ENSG00000152409		2.250e-03	2.251e-03
ENSG00000152413		3.880e-04	3.880e-04
ENSG00000152422		7.371e-04	7.371e-04
ENSG00000152495		1.552e-04	1.552e-04
ENSG00000152503		9.581e-01	9.988e-01
ENSG00000152582		2.094e-03	2.094e-03
ENSG00000152611		7.083e-01	7.116e-01
ENSG00000152620		1.862e-03	1.862e-03
ENSG00000152669		8.147e-04	8.147e-04
ENSG00000152684		2.637e-03	2.637e-03
ENSG00000152700		2.482e-03	2.482e-03
ENSG00000152705		6.208e-04	6.208e-04
ENSG00000152931		1.784e-03	1.784e-03
ENSG00000152932		1.552e-04	1.552e-04
ENSG00000152939		8.196e-01	8.903e-01
ENSG00000152942		8.535e-04	8.535e-04
ENSG00000153006		8.535e-04	8.535e-04
ENSG00000153015		2.716e-04	2.716e-04
ENSG00000153037		6.207e-04	6.207e-04
ENSG00000153044		3.104e-04	3.104e-04
ENSG00000153071		1.203e-03	1.203e-03
ENSG00000153113		1.940e-04	1.940e-04
ENSG00000153140		1.164e-03	1.164e-03
ENSG00000153347		3.296e-03	3.296e-03
ENSG00000153395		4.460e-03	4.460e-03
ENSG00000153404		4.306e-03	4.306e-03
ENSG00000153914		1.823e-03	1.823e-03
ENSG00000153922		2.328e-04	2.328e-04
ENSG00000154122		1.823e-03	1.823e-03
ENSG00000154124		4.922e-03	4.922e-03
ENSG00000154153		1.978e-03	1.978e-03
ENSG00000155324		5.044e-04	5.044e-04
ENSG00000155329		3.725e-03	3.725e-03
ENSG00000155506		3.801e-03	3.801e-03
ENSG00000155508		1.047e-03	1.047e-03
ENSG00000155511		4.889e-03	4.889e-03
ENSG00000155542		3.104e-04	3.104e-04
ENSG00000155545		7.371e-04	7.371e-04
ENSG00000155846		2.548e-01	3.074e-01
ENSG00000155850		2.366e-03	2.366e-03
ENSG00000155858		7.443e-03	8.751e-03
ENSG00000155868		4.268e-04	4.268e-04
ENSG00000156427		9.858e-01	9.998e-01
ENSG00000156453		3.839e-03	3.839e-03
ENSG00000156463		9.804e-01	9.985e-01
ENSG00000156475		1.222e-02	1.222e-02
ENSG00000157107		6.091e-03	6.091e-03
ENSG00000157111		9.219e-01	9.673e-01
ENSG00000157510		1.125e-03	1.125e-03
ENSG00000158402		1.280e-03	1.280e-03
ENSG00000158458		3.492e-04	3.492e-04
ENSG00000158985		1.590e-03	1.590e-03
ENSG00000158987		3.608e-03	3.608e-03
ENSG00000160867		7.760e-05	7.760e-05
ENSG00000160883		2.522e-03	2.522e-03
ENSG00000161010		1.095e-02	1.095e-02
ENSG00000161011		2.212e-03	2.212e-03
ENSG00000161013		2.328e-04	2.328e-04
ENSG00000161021		1.048e-03	1.048e-03
ENSG00000161055		4.608e-02	9.724e-02
ENSG00000164151		1.125e-03	1.125e-03
ENSG00000164171		5.550e-01	8.838e-01
ENSG00000164172		2.908e-03	2.908e-03
ENSG00000164175		5.544e-03	5.544e-03
ENSG00000164176		1.000e+00	1.000e+00
ENSG00000164180		8.534e-04	8.534e-04
ENSG00000164181		1.009e-03	1.009e-03
ENSG00000164182		2.522e-03	2.522e-03
ENSG00000164185		2.328e-04	2.328e-04
ENSG00000164187		1.242e-03	1.242e-03
ENSG00000164188		5.820e-04	5.820e-04
ENSG00000164190		1.745e-03	1.745e-03
ENSG00000164197		4.616e-03	4.616e-03
ENSG00000164199		8.148e-04	8.148e-04
ENSG00000164209		4.301e-03	4.301e-03
ENSG00000164211		4.033e-03	4.033e-03
ENSG00000164219		3.916e-03	3.916e-03
ENSG00000164220		2.561e-03	2.561e-03
ENSG00000164221		6.208e-04	6.208e-04
ENSG00000164236		2.890e-02	2.987e-02
ENSG00000164237		1.125e-03	1.125e-03
ENSG00000164241		3.684e-03	3.684e-03
ENSG00000164244		2.684e-01	2.792e-01
ENSG00000164251		3.607e-03	3.607e-03
ENSG00000164252		8.147e-04	8.147e-04
ENSG00000164253		5.077e-03	5.077e-03
ENSG00000164258		3.917e-03	3.917e-03
ENSG00000164265		1.009e-03	1.009e-03
ENSG00000164266		2.405e-03	2.405e-03
ENSG00000164283		2.288e-03	2.288e-03
ENSG00000164284		4.870e-01	5.707e-01
ENSG00000164291		1.940e-04	1.940e-04
ENSG00000164292		8.148e-04	8.148e-04
ENSG00000164294		4.268e-04	4.268e-04
ENSG00000164296		5.820e-04	5.820e-04
ENSG00000164300		5.044e-04	5.044e-04
ENSG00000164307		4.656e-04	4.656e-04
ENSG00000164308		2.367e-03	2.367e-03
ENSG00000164309		1.009e-03	1.009e-03
ENSG00000164318		3.492e-04	3.492e-04
ENSG00000164325		1.707e-03	1.707e-03
ENSG00000164326		7.097e-03	7.097e-03
ENSG00000164327		3.492e-04	3.492e-04
ENSG00000164329		8.148e-04	8.148e-04
ENSG00000164330		4.268e-04	4.268e-04
ENSG00000164331		2.716e-04	2.716e-04
ENSG00000164332		4.113e-03	4.113e-03
ENSG00000164334		4.924e-03	4.924e-03
ENSG00000164338		3.104e-04	3.104e-04
ENSG00000164346		1.979e-03	1.979e-03
ENSG00000164347		4.642e-01	4.642e-01
ENSG00000164366		5.159e-03	5.159e-03
ENSG00000164398		8.403e-03	8.403e-03
ENSG00000164402		2.871e-03	2.871e-03
ENSG00000164403		1.552e-04	1.552e-04
ENSG00000164404		1.552e-03	1.552e-03
ENSG00000164405		3.295e-03	3.295e-03
ENSG00000164406		6.984e-04	6.984e-04
ENSG00000164463		6.208e-04	6.208e-04
ENSG00000164466		9.700e-04	9.700e-04
ENSG00000164512		1.164e-04	1.164e-04
ENSG00000164574		2.212e-03	2.212e-03
ENSG00000164576		5.194e-03	5.194e-03
ENSG00000164587		1.203e-03	1.203e-03
ENSG00000164591		2.986e-03	2.986e-03
ENSG00000164609		5.819e-04	5.819e-04
ENSG00000164611		5.432e-04	5.432e-04
ENSG00000164615		3.880e-04	3.880e-04
ENSG00000164616		8.535e-04	8.535e-04
ENSG00000164620		4.187e-03	4.187e-03
ENSG00000164902		9.547e-01	9.960e-01
ENSG00000164904		1.125e-03	1.125e-03
ENSG00000165671		4.268e-04	4.268e-04
ENSG00000165810		9.988e-01	9.988e-01
ENSG00000168246		1.939e-03	1.939e-03
ENSG00000168685		9.698e-04	9.698e-04
ENSG00000168724		3.141e-03	3.141e-03
ENSG00000168903		3.063e-03	3.063e-03
ENSG00000168916		9.699e-04	9.699e-04
ENSG00000168938		3.880e-04	3.880e-04
ENSG00000168944		1.474e-03	1.474e-03
ENSG00000169045		3.684e-03	3.684e-03
ENSG00000169131		1.086e-03	1.086e-03
ENSG00000169220		2.211e-03	2.211e-03
ENSG00000169223		2.517e-03	3.211e-03
ENSG00000169228		1.940e-04	1.940e-04
ENSG00000169230		9.699e-04	9.699e-04
ENSG00000169247		1.047e-03	1.047e-03
ENSG00000169252		1.280e-03	1.280e-03
ENSG00000169258		1.086e-03	1.086e-03
ENSG00000169271		1.707e-03	1.707e-03
ENSG00000169302		1.978e-03	1.978e-03
ENSG00000169567		1.242e-03	1.242e-03
ENSG00000169570		1.241e-03	1.241e-03
ENSG00000169777		3.492e-04	3.492e-04
ENSG00000169862		2.908e-03	2.908e-03
ENSG00000170074		1.241e-03	1.241e-03
ENSG00000170085		8.534e-04	8.534e-04
ENSG00000170089		1.164e-04	1.164e-04
ENSG00000170091		1.862e-03	1.862e-03
ENSG00000170214		9.688e-01	9.919e-01
ENSG00000170231		5.432e-04	5.432e-04
ENSG00000170234		1.435e-03	1.435e-03
ENSG00000170271		1.901e-03	1.901e-03
ENSG00000170445		4.268e-04	4.268e-04
ENSG00000170458		9.941e-01	9.992e-01
ENSG00000170464		2.211e-03	2.211e-03
ENSG00000170469		1.203e-03	1.203e-03
ENSG00000170476		5.431e-04	5.431e-04
ENSG00000170482		6.763e-01	7.429e-01
ENSG00000170549		6.208e-04	6.208e-04
ENSG00000170561		2.017e-03	2.017e-03
ENSG00000170571		7.214e-03	7.214e-03
ENSG00000170584		3.492e-03	3.492e-03
ENSG00000170606		1.552e-04	1.552e-04
ENSG00000170624		8.148e-04	8.148e-04
ENSG00000171368		1.436e-03	1.436e-03
ENSG00000171421		1.164e-04	1.164e-04
ENSG00000171444		2.328e-04	2.328e-04
ENSG00000171522		1.280e-03	1.280e-03
ENSG00000171530		1.940e-04	1.940e-04
ENSG00000171604		8.147e-04	8.147e-04
ENSG00000171617		3.104e-04	3.104e-04
ENSG00000171643		1.474e-03	1.474e-03
ENSG00000171720		1.202e-03	1.202e-03
ENSG00000171992		4.268e-04	4.268e-04
ENSG00000172058		5.820e-04	5.820e-04
ENSG00000172062		2.328e-04	2.328e-04
ENSG00000172239		2.986e-03	2.986e-03
ENSG00000172244		5.730e-01	7.631e-01
ENSG00000172262		9.544e-03	9.544e-03
ENSG00000172548		1.823e-03	1.823e-03
ENSG00000172568		6.596e-04	6.596e-04
ENSG00000172795		4.268e-04	4.268e-04
ENSG00000172869		9.700e-04	9.700e-04
ENSG00000172901		1.644e-01	1.666e-01
ENSG00000173210		9.500e-03	9.500e-03
ENSG00000173221		1.784e-03	1.784e-03
ENSG00000173261		1.940e-04	1.940e-04
ENSG00000173545		1.939e-03	1.939e-03
ENSG00000173926		4.732e-03	4.732e-03
ENSG00000173930		1.784e-03	1.784e-03
ENSG00000174132		3.142e-03	3.142e-03
ENSG00000174136		1.203e-03	1.203e-03
ENSG00000174695		1.086e-03	1.086e-03
ENSG00000174705		2.521e-03	2.521e-03
ENSG00000175309		1.862e-03	1.862e-03
ENSG00000175414		1.319e-03	1.319e-03
ENSG00000175416		4.268e-04	4.268e-04
ENSG00000175426		6.984e-04	6.984e-04
ENSG00000175449		6.208e-04	6.208e-04
ENSG00000175471		9.312e-04	9.312e-04
ENSG00000175745		6.984e-04	6.984e-04
ENSG00000175749		8.535e-04	8.535e-04
ENSG00000175857		2.328e-04	2.328e-04
ENSG00000176018		2.017e-03	2.017e-03
ENSG00000176049		8.147e-04	8.147e-04
ENSG00000176055		3.492e-04	3.492e-04
ENSG00000176087		6.983e-04	6.983e-04
ENSG00000176783		3.799e-03	3.799e-03
ENSG00000176788		1.862e-03	1.862e-03
ENSG00000176857		9.589e-01	9.994e-01
ENSG00000176928		2.327e-03	2.327e-03
ENSG00000177034		1.125e-03	1.125e-03
ENSG00000177058		3.102e-03	3.102e-03
ENSG00000177453		1.978e-03	1.978e-03
ENSG00000177556		3.064e-03	3.064e-03
ENSG00000177721		1.552e-04	1.552e-04
ENSG00000177733		1.048e-03	1.048e-03
ENSG00000177738		4.883e-03	4.883e-03
ENSG00000177839		2.239e-01	2.337e-01
ENSG00000177879		2.328e-04	2.328e-04
ENSG00000177932		1.086e-03	1.086e-03
ENSG00000178015		1.823e-03	1.823e-03
ENSG00000178175		1.823e-03	1.823e-03
ENSG00000178187		2.986e-03	2.986e-03
ENSG00000178338		7.760e-05	7.760e-05
ENSG00000178722		1.979e-03	1.979e-03
ENSG00000178776		8.148e-04	8.148e-04
ENSG00000178913		1.940e-04	1.940e-04
ENSG00000178996		4.461e-03	4.461e-03
ENSG00000180104		1.009e-03	1.009e-03
ENSG00000181104		5.432e-04	5.432e-04
ENSG00000181163		3.492e-04	3.492e-04
ENSG00000181751		1.668e-03	1.668e-03
ENSG00000181904		9.902e-01	9.906e-01
ENSG00000182132		1.940e-04	1.940e-04
ENSG00000182230		9.310e-04	9.310e-04
ENSG00000182578		3.104e-03	3.104e-03
ENSG00000182700		3.880e-04	3.880e-04
ENSG00000182836		5.426e-03	5.426e-03
ENSG00000183072		8.994e-01	8.994e-01
ENSG00000183111		3.880e-04	3.880e-04
ENSG00000183258		1.629e-03	1.629e-03
ENSG00000183323		2.172e-03	2.172e-03
ENSG00000183474		1.629e-03	1.629e-03
ENSG00000183580		1.901e-03	1.901e-03
ENSG00000183666		1.552e-03	1.552e-03
ENSG00000183718		1.861e-03	1.861e-03
ENSG00000183775		1.630e-03	1.630e-03
ENSG00000183876		8.922e-04	8.922e-04
ENSG00000184347		1.000e+00	1.000e+00
ENSG00000184349		7.749e-01	9.631e-01
ENSG00000184584		9.545e-01	9.826e-01
ENSG00000184838		1.823e-03	1.823e-03
ENSG00000184840		6.983e-04	6.983e-04
ENSG00000184845		9.889e-01	9.992e-01
ENSG00000185056		6.207e-04	6.207e-04
ENSG00000185129		5.044e-04	5.044e-04
ENSG00000185261		7.371e-04	7.371e-04
ENSG00000185305		1.164e-04	1.164e-04
ENSG00000185372		6.208e-04	6.208e-04
ENSG00000185641		2.561e-03	2.561e-03
ENSG00000185986		5.476e-03	5.504e-03
ENSG00000186105		3.801e-03	3.801e-03
ENSG00000186314		2.172e-03	2.172e-03
ENSG00000186468		1.191e-02	1.191e-02
ENSG00000186479		7.844e-01	9.943e-01
ENSG00000186493		2.133e-03	2.133e-03
ENSG00000186687		5.621e-03	5.621e-03
ENSG00000186952		8.148e-04	8.148e-04
ENSG00000187372		2.055e-03	2.055e-03
ENSG00000187678		1.319e-03	1.319e-03
ENSG00000188002		1.280e-03	1.280e-03
ENSG00000188242		4.074e-03	4.074e-03
ENSG00000188573		1.940e-04	1.940e-04
ENSG00000188725		2.328e-04	2.328e-04
ENSG00000188818		9.995e-01	9.995e-01
ENSG00000189045		1.418e-01	2.027e-01
ENSG00000196670		2.870e-03	2.870e-03
ENSG00000196743		5.044e-04	5.044e-04
ENSG00000196923		2.908e-03	2.908e-03
ENSG00000197043		2.055e-03	2.055e-03
ENSG00000197083		1.242e-03	1.242e-03
ENSG00000197208		3.143e-03	3.143e-03
ENSG00000197226		1.047e-03	1.047e-03
ENSG00000197375		3.298e-03	3.298e-03
ENSG00000197451		1.940e-04	1.940e-04
ENSG00000197479		2.018e-03	2.018e-03
ENSG00000197536		1.131e-02	1.131e-02
ENSG00000197603		7.760e-04	7.760e-04
ENSG00000197744		1.086e-03	1.086e-03
ENSG00000197822		1.978e-03	1.978e-03
ENSG00000197860		3.298e-03	3.298e-03
ENSG00000197948		6.983e-04	6.983e-04
ENSG00000198055		1.590e-03	1.590e-03
ENSG00000198108		7.372e-04	7.372e-04
ENSG00000198237		4.768e-03	4.768e-03
ENSG00000198624		1.242e-03	1.242e-03
ENSG00000198677		1.397e-03	1.397e-03
ENSG00000198780		4.149e-03	4.149e-03
ENSG00000198865		1.939e-03	1.939e-03
ENSG00000198868		7.372e-04	7.372e-04
ENSG00000198939		3.467e-02	4.275e-02
ENSG00000198944		9.311e-04	9.311e-04
ENSG00000198961		1.591e-03	1.591e-03
ENSG00000202533		6.750e-03	6.750e-03
ENSG00000204628		1.009e-03	1.009e-03
ENSG00000204659		9.310e-04	9.310e-04
ENSG00000204677		3.102e-03	3.102e-03
ENSG00000204758		7.760e-05	7.760e-05
ENSG00000204764		5.432e-04	5.432e-04
ENSG00000204767		6.983e-04	6.983e-04
ENSG00000204928		3.104e-04	3.104e-04
ENSG00000204956		3.840e-01	4.902e-01
ENSG00000204962		1.048e-03	1.048e-03
ENSG00000204963		7.372e-04	7.372e-04
ENSG00000204965		5.432e-04	5.432e-04
ENSG00000204967		2.910e-03	2.910e-03
ENSG00000204969		1.940e-04	1.940e-04
ENSG00000204970		1.862e-03	1.862e-03
ENSG00000205089		4.187e-03	4.187e-03
ENSG00000205302		1.824e-03	1.824e-03
ENSG00000205464		1.940e-03	1.940e-03
ENSG00000205572		1.939e-03	1.939e-03
ENSG00000205765		1.397e-03	1.397e-03
ENSG00000205838		1.000e+00	1.000e+00
ENSG00000206077		3.996e-03	3.996e-03
ENSG00000207129		9.739e-01	9.934e-01
ENSG00000211445		2.716e-04	2.716e-04
ENSG00000212643		6.239e-03	6.239e-03
ENSG00000213328		7.372e-04	7.372e-04
ENSG00000213347		1.706e-03	1.706e-03
ENSG00000213430		5.432e-04	5.432e-04
ENSG00000213433		4.773e-03	4.773e-03
ENSG00000213523		8.536e-04	8.536e-04
ENSG00000213585		1.280e-03	1.280e-03
ENSG00000213757		1.358e-03	1.358e-03
ENSG00000213763		3.141e-03	3.141e-03
ENSG00000213830		1.940e-04	1.940e-04
ENSG00000213891		7.372e-04	7.372e-04
ENSG00000213949		2.172e-03	2.172e-03
ENSG00000214357		4.656e-04	4.656e-04
ENSG00000214485		1.785e-03	1.785e-03
ENSG00000214510		7.759e-04	7.759e-04
ENSG00000214784		1.203e-03	1.203e-03
ENSG00000214944		1.940e-04	1.940e-04
ENSG00000215006		2.327e-03	2.327e-03
ENSG00000215068		6.895e-03	6.895e-03
ENSG00000215156		3.141e-03	3.141e-03
ENSG00000215158		1.629e-03	1.630e-03
ENSG00000215196		3.605e-03	3.605e-03
ENSG00000215217		2.716e-03	2.716e-03
ENSG00000215218		5.117e-03	5.117e-03
ENSG00000215246		2.676e-03	2.676e-03
ENSG00000215325		7.536e-01	9.953e-01
ENSG00000215630		2.600e-03	2.600e-03
ENSG00000217128		8.147e-04	8.147e-04
ENSG00000218227		1.474e-03	1.474e-03
ENSG00000221886		1.590e-03	1.590e-03
ENSG00000221990		1.668e-03	1.668e-03
ENSG00000222448		6.596e-04	6.596e-04
ENSG00000223361		1.552e-04	1.552e-04
ENSG00000223652		1.940e-04	1.940e-04
ENSG00000224032		8.597e-01	8.617e-01
ENSG00000224186		8.535e-04	8.535e-04
ENSG00000224431		4.462e-03	4.462e-03
ENSG00000224993		6.161e-03	6.161e-03
ENSG00000225051		1.668e-03	1.668e-03
ENSG00000225138		2.949e-03	2.949e-03
ENSG00000225940		3.492e-04	3.492e-04
ENSG00000226040		1.901e-03	1.901e-03
ENSG00000226221		1.125e-03	1.125e-03
ENSG00000226306		3.880e-04	3.880e-04
ENSG00000226432		1.551e-03	1.551e-03
ENSG00000227908		3.492e-04	3.492e-04
ENSG00000228212		5.852e-03	5.852e-03
ENSG00000228650		1.086e-03	1.086e-03
ENSG00000228672		5.820e-04	5.820e-04
ENSG00000228716		1.823e-03	1.823e-03
ENSG00000228737		2.637e-03	2.637e-03
ENSG00000229119		1.280e-03	1.280e-03
ENSG00000229666		8.147e-04	8.147e-04
ENSG00000230561		3.763e-03	3.763e-03
ENSG00000230612		1.038e-02	1.038e-02
ENSG00000230847		2.716e-03	2.716e-03
ENSG00000231185		3.140e-03	3.140e-03
ENSG00000232517		4.656e-04	4.656e-04
ENSG00000232578		5.353e-03	5.353e-03
ENSG00000232615		9.312e-04	9.312e-04
ENSG00000233006		3.919e-03	3.919e-03
ENSG00000233913		4.896e-01	9.178e-01
ENSG00000233937		5.044e-04	5.044e-04
ENSG00000233974		3.647e-03	3.647e-03
ENSG00000234284		3.492e-04	3.492e-04
ENSG00000234290		2.018e-03	2.018e-03
ENSG00000234292		1.940e-04	1.940e-04
ENSG00000234511		3.104e-04	3.104e-04
ENSG00000234553		4.656e-04	4.656e-04
ENSG00000234602		9.986e-01	9.999e-01
ENSG00000235172		1.086e-03	1.086e-03
ENSG00000235253		2.910e-03	2.910e-03
ENSG00000235558		1.125e-03	1.125e-03
ENSG00000236714		3.104e-04	3.104e-04
ENSG00000236882		1.125e-03	1.125e-03
ENSG00000237187		4.656e-04	4.656e-04
ENSG00000237190		7.248e-01	7.659e-01
ENSG00000237693		3.492e-04	3.492e-04
ENSG00000238000		9.990e-01	9.996e-01
ENSG00000238035		4.901e-01	5.026e-01
ENSG00000238363		2.482e-03	2.482e-03
ENSG00000239389		1.746e-03	1.746e-03
ENSG00000239528		2.948e-03	2.948e-03
ENSG00000239642		1.707e-03	1.707e-03
ENSG00000240184		1.358e-03	1.358e-03
ENSG00000240376		4.186e-03	4.186e-03
ENSG00000240729		3.220e-03	3.220e-03
ENSG00000240764		1.552e-04	1.552e-04
ENSG00000241112		1.862e-03	1.862e-03
ENSG00000241809		1.319e-03	1.319e-03
ENSG00000241907		8.923e-04	8.923e-04
ENSG00000242110		9.940e-01	9.999e-01
ENSG00000242198		9.700e-01	9.826e-01
ENSG00000242419		5.426e-03	5.426e-03
ENSG00000242477		1.164e-03	1.164e-03
ENSG00000242814		8.979e-01	9.504e-01
ENSG00000243056		2.249e-03	2.249e-03
ENSG00000243232		1.784e-03	1.784e-03
ENSG00000243304		6.269e-02	2.313e-01
ENSG00000243414		2.716e-04	2.716e-04
ENSG00000243859		8.924e-04	8.924e-04
ENSG00000244061		4.268e-04	4.268e-04
ENSG00000244073		1.047e-03	1.047e-03
ENSG00000244245		8.147e-04	8.147e-04
ENSG00000244363		1.241e-03	1.241e-03
ENSG00000244921		6.719e-03	1.333e-02
ENSG00000244945		4.656e-04	4.656e-04
ENSG00000244968		4.462e-03	4.462e-03
ENSG00000245060		2.017e-03	2.017e-03
ENSG00000245146		8.147e-04	8.147e-04
ENSG00000245275		1.280e-03	1.280e-03
ENSG00000245317		9.738e-03	9.738e-03
ENSG00000245556		1.396e-03	1.396e-03
ENSG00000245688		1.280e-03	1.280e-03
ENSG00000245711		6.596e-04	6.596e-04
ENSG00000245812		7.760e-04	7.760e-04
ENSG00000245937		2.637e-03	2.637e-03
ENSG00000246214		3.492e-04	3.492e-04
ENSG00000246323		2.094e-03	2.094e-03
ENSG00000246334		2.289e-03	2.289e-03
ENSG00000246422		1.125e-03	1.125e-03
ENSG00000246596		8.148e-04	8.148e-04
ENSG00000246763		7.823e-03	7.823e-03
ENSG00000246859		3.880e-03	3.880e-03
ENSG00000247049		2.151e-01	2.270e-01
ENSG00000247121		2.521e-03	2.521e-03
ENSG00000247199		1.048e-03	1.048e-03
ENSG00000247311		1.358e-03	1.358e-03
ENSG00000247516		7.372e-04	7.372e-04
ENSG00000247572		6.710e-03	6.710e-03
ENSG00000247627		7.759e-04	7.759e-04
ENSG00000247679		6.278e-01	6.457e-01
ENSG00000247796		7.371e-04	7.371e-04
ENSG00000247828		3.492e-04	3.492e-04
ENSG00000248092		2.288e-03	2.288e-03
ENSG00000248103		2.094e-03	2.094e-03
ENSG00000248126		9.312e-04	9.312e-04
ENSG00000248222		6.208e-04	6.208e-04
ENSG00000248240		2.716e-04	2.716e-04
ENSG00000248275		2.328e-04	2.328e-04
ENSG00000248309		5.352e-03	5.352e-03
ENSG00000248323		1.901e-03	1.901e-03
ENSG00000248367		3.104e-04	3.104e-04
ENSG00000248383		1.940e-04	1.940e-04
ENSG00000248445		1.552e-04	1.552e-04
ENSG00000248449		9.175e-01	9.361e-01
ENSG00000248464		2.716e-04	2.716e-04
ENSG00000248469		3.492e-04	3.492e-04
ENSG00000248483		7.371e-04	7.371e-04
ENSG00000248489		1.319e-03	1.319e-03
ENSG00000248514		1.513e-03	1.513e-03
ENSG00000248544		2.095e-03	2.095e-03
ENSG00000248554		8.148e-04	8.148e-04
ENSG00000248559		4.656e-04	4.656e-04
ENSG00000248560		1.940e-04	1.940e-04
ENSG00000248569		1.125e-03	1.125e-03
ENSG00000248596		4.031e-03	4.031e-03
ENSG00000248610		1.026e-02	1.026e-02
ENSG00000248626		5.820e-04	5.820e-04
ENSG00000248648		5.232e-03	5.232e-03
ENSG00000248663		5.820e-04	5.820e-04
ENSG00000248668		1.358e-03	1.358e-03
ENSG00000248677		6.208e-04	6.208e-04
ENSG00000248727		7.487e-03	7.487e-03
ENSG00000248734		1.707e-03	1.707e-03
ENSG00000248791		4.651e-03	4.651e-03
ENSG00000248794		8.168e-01	8.280e-01
ENSG00000248846		8.924e-04	8.924e-04
ENSG00000248874		3.492e-04	3.492e-04
ENSG00000248923		8.656e-01	9.222e-01
ENSG00000248925		1.724e-01	2.279e-01
ENSG00000248927		3.064e-03	3.064e-03
ENSG00000248968		5.820e-04	5.820e-04
ENSG00000248994		3.104e-04	3.104e-04
ENSG00000248996		1.280e-03	1.280e-03
ENSG00000249014		4.807e-03	4.807e-03
ENSG00000249035		7.760e-04	7.760e-04
ENSG00000249042		5.546e-03	5.546e-03
ENSG00000249109		1.164e-04	1.164e-04
ENSG00000249119		5.224e-02	6.377e-02
ENSG00000249129		1.474e-03	1.474e-03
ENSG00000249140		1.241e-03	1.241e-03
ENSG00000249158		8.534e-04	8.534e-04
ENSG00000249167		5.232e-03	5.232e-03
ENSG00000249180		9.311e-04	9.311e-04
ENSG00000249201		6.983e-04	6.983e-04
ENSG00000249238		1.551e-03	1.552e-03
ENSG00000249249		1.629e-03	1.629e-03
ENSG00000249293		8.465e-02	1.804e-01
ENSG00000249295		5.044e-04	5.044e-04
ENSG00000249352		7.760e-05	7.760e-05
ENSG00000249353		2.755e-03	2.755e-03
ENSG00000249363		1.319e-03	1.319e-03
ENSG00000249364		4.342e-03	4.342e-03
ENSG00000249412		2.639e-03	2.639e-03
ENSG00000249437		5.825e-02	5.825e-02
ENSG00000249476		1.785e-03	1.785e-03
ENSG00000249483		2.791e-03	2.791e-03
ENSG00000249485		2.366e-03	2.366e-03
ENSG00000249492		1.047e-03	1.047e-03
ENSG00000249494		8.535e-04	8.535e-04
ENSG00000249572		2.172e-03	2.172e-03
ENSG00000249593		1.164e-03	1.164e-03
ENSG00000249637		1.009e-03	1.009e-03
ENSG00000249655		4.656e-04	4.656e-04
ENSG00000249664		3.492e-04	3.492e-04
ENSG00000249669		2.716e-04	2.716e-04
ENSG00000249684		1.242e-03	1.242e-03
ENSG00000249721		1.978e-03	1.978e-03
ENSG00000249736		1.901e-03	1.901e-03
ENSG00000249740		9.700e-04	9.700e-04
ENSG00000249751		3.104e-04	3.104e-04
ENSG00000249781		2.792e-03	2.792e-03
ENSG00000249797		1.900e-03	1.900e-03
ENSG00000249825		4.496e-03	4.496e-03
ENSG00000249850		3.104e-04	3.104e-04
ENSG00000249855		1.202e-03	1.202e-03
ENSG00000249899		1.358e-03	1.358e-03
ENSG00000249908		4.423e-03	4.423e-03
ENSG00000249915		1.552e-03	1.552e-03
ENSG00000249947		8.062e-03	8.062e-03
ENSG00000249996		1.474e-03	1.474e-03
ENSG00000250048		1.396e-03	1.396e-03
ENSG00000250056		2.968e-01	3.148e-01
ENSG00000250069		1.953e-02	1.982e-02
ENSG00000250101		6.049e-03	6.163e-03
ENSG00000250120		1.396e-03	1.396e-03
ENSG00000250138		9.265e-01	9.401e-01
ENSG00000250155		1.707e-03	1.707e-03
ENSG00000250159		1.009e-03	1.009e-03
ENSG00000250182		3.880e-04	3.880e-04
ENSG00000250222		2.482e-03	2.482e-03
ENSG00000250237		3.880e-04	3.880e-04
ENSG00000250240		1.203e-03	1.203e-03
ENSG00000250320		4.268e-04	4.268e-04
ENSG00000250329		4.187e-03	4.187e-03
ENSG00000250337		3.374e-03	3.374e-03
ENSG00000250343		2.017e-03	2.017e-03
ENSG00000250387		1.009e-03	1.009e-03
ENSG00000250415		1.358e-03	1.358e-03
ENSG00000250427		2.367e-03	2.367e-03
ENSG00000250461		1.009e-03	1.009e-03
ENSG00000250482		2.522e-03	2.522e-03
ENSG00000250490		2.483e-03	2.483e-03
ENSG00000250509		1.940e-04	1.940e-04
ENSG00000250539		8.147e-04	8.147e-04
ENSG00000250579		3.880e-04	3.880e-04
ENSG00000250602		1.280e-03	1.280e-03
ENSG00000250629		1.551e-03	1.551e-03
ENSG00000250669		8.394e-01	9.286e-01
ENSG00000250678		4.268e-04	4.268e-04
ENSG00000250722		6.363e-03	6.363e-03
ENSG00000250764		8.147e-04	8.147e-04
ENSG00000250786		2.878e-01	6.113e-01
ENSG00000250802		9.699e-04	9.699e-04
ENSG00000250848		3.957e-03	3.957e-03
ENSG00000250853		5.044e-04	5.044e-04
ENSG00000250859		6.596e-04	6.596e-04
ENSG00000250882		3.141e-03	3.141e-03
ENSG00000250889		1.552e-04	1.552e-04
ENSG00000250891		7.089e-03	7.089e-03
ENSG00000250900		6.207e-04	6.207e-04
ENSG00000250909		1.242e-03	1.242e-03
ENSG00000250961		9.546e-01	9.910e-01
ENSG00000250999		1.668e-03	1.668e-03
ENSG00000251000		3.103e-03	3.103e-03
ENSG00000251023		6.596e-04	6.596e-04
ENSG00000251050		7.262e-01	8.582e-01
ENSG00000251076		5.702e-03	5.702e-03
ENSG00000251093		5.432e-04	5.432e-04
ENSG00000251102		7.760e-05	7.760e-05
ENSG00000251141		3.104e-03	3.104e-03
ENSG00000251169		1.125e-03	1.125e-03
ENSG00000251187		2.328e-04	2.328e-04
ENSG00000251189		2.082e-01	2.723e-01
ENSG00000251221		3.686e-03	3.686e-03
ENSG00000251257		4.540e-03	4.540e-03
ENSG00000251307		4.382e-03	4.382e-03
ENSG00000251314		4.656e-04	4.656e-04
ENSG00000251330		3.723e-03	3.723e-03
ENSG00000251348		9.700e-04	9.700e-04
ENSG00000251400		5.044e-04	5.044e-04
ENSG00000251405		9.698e-01	9.956e-01
ENSG00000251414		8.286e-01	8.739e-01
ENSG00000251450		4.225e-03	4.225e-03
ENSG00000251493		7.553e-02	1.494e-01
ENSG00000251495		1.507e-01	1.975e-01
ENSG00000251513		1.940e-04	1.940e-04
ENSG00000251532		1.630e-03	1.630e-03
ENSG00000251556		4.734e-03	4.734e-03
ENSG00000251593		9.956e-01	9.999e-01
ENSG00000251613		2.716e-03	2.716e-03
ENSG00000251634		3.880e-04	3.880e-04
ENSG00000251664		3.065e-03	3.065e-03
ENSG00000251666		4.033e-03	4.033e-03
ENSG00000251667		7.759e-04	7.759e-04
ENSG00000251682		5.819e-04	5.819e-04
ENSG00000252464		6.208e-04	6.208e-04
ENSG00000253141		2.716e-04	2.716e-04
ENSG00000253159		8.536e-04	8.536e-04
ENSG00000253163		9.661e-01	1.000e+00
ENSG00000253203		4.656e-04	4.656e-04
ENSG00000253213		5.044e-04	5.044e-04
ENSG00000253251		4.268e-04	4.268e-04
ENSG00000253305		9.126e-03	9.586e-03
ENSG00000253357		1.242e-03	1.242e-03
ENSG00000253404		1.551e-03	1.551e-03
ENSG00000253406		1.630e-03	1.630e-03
ENSG00000253417		7.372e-04	7.372e-04
ENSG00000253439		1.164e-04	1.164e-04
ENSG00000253485		1.768e-01	2.174e-01
ENSG00000253520		7.371e-04	7.371e-04
ENSG00000253522		5.820e-04	5.820e-04
ENSG00000253537		3.412e-03	3.412e-03
ENSG00000253558		3.104e-04	3.104e-04
ENSG00000253618		1.164e-04	1.164e-04
ENSG00000253683		9.880e-01	9.994e-01
ENSG00000253686		8.536e-04	8.536e-04
ENSG00000253731		1.047e-03	1.047e-03
ENSG00000253767		1.630e-03	1.630e-03
ENSG00000253785		3.761e-03	3.761e-03
ENSG00000253846		6.401e-03	6.401e-03
ENSG00000253869		3.996e-03	3.996e-03
ENSG00000253873		8.536e-04	8.536e-04
ENSG00000253908		3.492e-04	3.492e-04
ENSG00000253910		1.436e-03	1.436e-03
ENSG00000253921		4.307e-03	4.307e-03
ENSG00000253953		2.908e-03	2.908e-03
ENSG00000253955		7.760e-05	7.760e-05
ENSG00000253959		8.147e-04	8.147e-04
ENSG00000253966		1.397e-03	1.397e-03
ENSG00000253968		1.745e-03	1.745e-03
ENSG00000253978		9.996e-01	9.996e-01
ENSG00000254035		1.358e-03	1.358e-03
ENSG00000254042		2.328e-04	2.328e-04
ENSG00000254122		5.819e-04	5.819e-04
ENSG00000254164		1.164e-04	1.164e-04
ENSG00000254192		3.082e-02	3.101e-02
ENSG00000254211		9.465e-01	9.465e-01
ENSG00000254221		1.746e-03	1.746e-03
ENSG00000254226		2.637e-03	2.637e-03
ENSG00000254245		3.877e-03	3.877e-03
ENSG00000254298		1.900e-03	1.900e-03
ENSG00000254333		3.880e-04	3.880e-04
ENSG00000254363		7.759e-04	7.759e-04
ENSG00000254373		9.787e-03	1.101e-02
ENSG00000254893		3.800e-03	3.800e-03
ENSG00000255408		1.242e-03	1.242e-03
ENSG00000255622		2.196e-01	4.770e-01
ENSG00000255647		1.164e-03	1.164e-03
ENSG00000255833		2.598e-03	2.598e-03
ENSG00000255883		2.639e-03	2.639e-03
ENSG00000256235		6.208e-04	6.208e-04
ENSG00000259663		7.952e-03	7.952e-03
ENSG00000259802		9.921e-01	9.999e-01
ENSG00000260581		3.220e-03	3.220e-03
ENSG00000260686		1.435e-03	1.435e-03
ENSG00000260761		2.366e-03	2.366e-03
ENSG00000260871		1.756e-02	2.978e-02
ENSG00000261037		1.980e-03	1.982e-03
ENSG00000261269		6.206e-03	6.206e-03
ENSG00000261360		4.268e-04	4.268e-04
ENSG00000261604		8.757e-01	9.885e-01
ENSG00000261757		1.241e-03	1.241e-03
ENSG00000261934		2.249e-03	2.249e-03
ENSG00000262096		2.328e-03	2.328e-03
ENSG00000262209		2.366e-03	2.366e-03
ENSG00000262576		3.915e-03	3.915e-03
ENSG00000263432		9.999e-01	9.999e-01
ENSG00000263597		5.121e-03	5.121e-03
ENSG00000269961		3.219e-03	3.219e-03
ENSG00000270021		3.529e-01	3.622e-01
ENSG00000270067		7.955e-03	1.452e-02
ENSG00000270133		6.208e-03	6.208e-03
ENSG00000270177		3.880e-04	3.880e-04
ENSG00000270225		1.086e-03	1.086e-03
ENSG00000270307		2.716e-04	2.716e-04
ENSG00000270558		6.595e-04	6.595e-04
ENSG00000270706		5.432e-04	5.432e-04
ENSG00000270906		4.460e-03	4.460e-03
ENSG00000271119		3.181e-03	3.181e-03
ENSG00000271207		1.009e-03	1.009e-03
ENSG00000271334		1.358e-03	1.358e-03
ENSG00000271714		5.044e-04	5.044e-04
ENSG00000271737		5.620e-03	5.620e-03
ENSG00000271752		7.895e-03	1.417e-02
ENSG00000271781		5.813e-03	5.813e-03
ENSG00000271788		1.707e-03	1.707e-03
ENSG00000271795		8.856e-01	9.026e-01
ENSG00000271797		7.759e-04	7.759e-04
ENSG00000271815		1.280e-03	1.280e-03
ENSG00000271824		3.492e-04	3.492e-04
ENSG00000271828		1.940e-04	1.940e-04
ENSG00000271849		3.218e-03	3.218e-03
ENSG00000271862		2.212e-03	2.212e-03
ENSG00000271871		3.609e-03	3.609e-03
ENSG00000271874		5.349e-01	5.740e-01
ENSG00000271918		6.207e-04	6.207e-04
ENSG00000271926		1.319e-03	1.319e-03
ENSG00000271980		9.699e-04	9.699e-04
ENSG00000272021		3.880e-04	3.880e-04
ENSG00000272040		1.358e-03	1.358e-03
ENSG00000272049		1.241e-03	1.241e-03
ENSG00000272057		1.164e-04	1.164e-04
ENSG00000272070		1.900e-03	1.900e-03
ENSG00000272081		6.208e-04	6.208e-04
ENSG00000272086		4.656e-04	4.656e-04
ENSG00000272103		5.432e-04	5.432e-04
ENSG00000272108		2.871e-03	2.871e-03
ENSG00000272109		5.820e-04	5.820e-04
ENSG00000272112		3.647e-03	3.647e-03
ENSG00000272123		5.432e-04	5.432e-04
ENSG00000272130		1.551e-03	1.551e-03
ENSG00000272144		1.319e-02	1.319e-02
ENSG00000272234		7.330e-03	7.343e-03
ENSG00000272255		1.013e-02	1.013e-02
ENSG00000272265		9.599e-01	9.884e-01
ENSG00000272308		4.035e-03	4.035e-03
ENSG00000272323		9.699e-04	9.699e-04
ENSG00000272335		3.102e-03	3.102e-03
ENSG00000272347		1.785e-03	1.785e-03
ENSG00000272354		8.057e-03	8.057e-03
ENSG00000272367		1.397e-03	1.397e-03
ENSG00000272370		8.636e-03	8.636e-03
ENSG00000272382		3.489e-03	3.489e-03
ENSG00000272389		1.047e-03	1.047e-03
ENSG00000272416		3.103e-03	3.103e-03
ENSG00000272417		1.280e-03	1.280e-03
ENSG00000272431		4.226e-03	4.226e-03
ENSG00000272459		6.208e-04	6.208e-04
ENSG00000272523		2.210e-03	2.210e-03
ENSG00000272525		2.211e-03	2.211e-03
ENSG00000272674		9.442e-01	9.972e-01
ENSG00000273841		4.656e-04	4.656e-04
ENSG00000274525		5.044e-04	5.044e-04
ENSG00000275506		4.268e-04	4.268e-04
ENSG00000275765		1.591e-03	1.591e-03
ENSG00000276545		1.242e-03	1.242e-03
ENSG00000276547		1.358e-03	1.358e-03
ENSG00000276945		3.142e-03	3.142e-03
ENSG00000277039		5.432e-04	5.432e-04
ENSG00000277795		1.435e-03	1.435e-03
ENSG00000278921		1.435e-03	1.435e-03
ENSG00000278925		3.143e-03	3.143e-03
ENSG00000278970		3.880e-04	3.880e-04
ENSG00000279075		1.940e-04	1.940e-04
ENSG00000279118		1.009e-03	1.009e-03
ENSG00000279130		8.148e-04	8.148e-04
ENSG00000279204		1.706e-03	1.706e-03
ENSG00000279232		3.761e-03	3.761e-03
ENSG00000279370		2.677e-03	2.677e-03
ENSG00000279375		1.319e-03	1.319e-03
ENSG00000279400		6.123e-03	6.123e-03
ENSG00000279469		6.207e-04	6.207e-04
ENSG00000279522		4.268e-04	4.268e-04
ENSG00000279557		3.104e-04	3.104e-04
ENSG00000279584		3.870e-01	5.415e-01
ENSG00000279737		5.820e-04	5.820e-04
ENSG00000279799		1.164e-03	1.164e-03
ENSG00000279821		7.239e-01	7.360e-01
ENSG00000279883		6.694e-01	9.898e-01
ENSG00000279908		3.104e-03	3.104e-03
ENSG00000279923		8.482e-01	9.713e-01
ENSG00000280047		1.474e-03	1.474e-03
ENSG00000280159		9.865e-01	9.969e-01
ENSG00000280161		1.241e-03	1.241e-03
ENSG00000280187		1.319e-03	1.319e-03
ENSG00000280207		1.940e-03	1.940e-03
ENSG00000280338		1.668e-03	1.668e-03
ENSG00000280420		1.086e-03	1.086e-03
ENSG00000281357		3.880e-04	3.880e-04
ENSG00000281398		8.923e-04	8.923e-04
ENSG00000281881		1.358e-03	1.358e-03
ENSG00000283235		2.212e-03	2.212e-03
ENSG00000283498		8.924e-04	8.924e-04
ENSG00000283559		3.104e-04	3.104e-04
ENSG00000283602		2.328e-04	2.328e-04
ENSG00000283897		7.760e-05	7.760e-05
