Signal	SNP	PIP_qtl	PIP_gwas_marginal	PIP_gwas_qtl_prior	SCP
    gene(@)gene                s1   5.138e-12 1.380e-11    2.536e-13      1.303e-22
    gene(@)gene                s2   1.350e-11 8.826e-11    1.622e-12      2.189e-21
    gene(@)gene                s3   1.454e-11 3.470e-11    6.376e-13      9.268e-22
    gene(@)gene                s4   3.427e-12 1.110e-11    2.039e-13      6.987e-23
    gene(@)gene                s5   1.752e-11 1.791e-10    3.290e-12      5.764e-21
    gene(@)gene                s6   1.278e-11 1.680e-11    3.086e-13      3.944e-22
    gene(@)gene                s7   3.853e-11 4.019e-11    7.385e-13      2.845e-21
    gene(@)gene                s8   2.172e-12 1.523e-11    2.797e-13      6.074e-23
    gene(@)gene                s9   5.390e-09 2.251e-08    4.135e-10      2.228e-16
    gene(@)gene               s10   6.974e-12 1.486e-09    2.731e-11      1.904e-20
    gene(@)gene               s11   1.684e-11 1.066e-10    1.958e-12      3.296e-21
    gene(@)gene               s12   2.363e-12 1.135e-11    2.085e-13      4.926e-23
    gene(@)gene               s13   1.993e-10 1.361e-08    2.501e-10      4.983e-18
    gene(@)gene               s14   4.034e-09 1.339e-07    2.460e-09      9.923e-16
    gene(@)gene               s15   1.068e-11 5.732e-11    1.053e-12      1.124e-21
    gene(@)gene               s16   2.135e-11 6.408e-11    1.177e-12      2.513e-21
    gene(@)gene               s17   8.283e-12 1.102e-10    2.025e-12      1.677e-21
    gene(@)gene               s18   3.855e-12 1.439e-11    2.643e-13      1.019e-22
    gene(@)gene               s19   3.267e-12 1.189e-11    2.185e-13      7.137e-23
    gene(@)gene               s20   7.062e-11 1.933e-09    3.552e-11      2.508e-19
    gene(@)gene               s21   2.150e-11 4.117e-10    7.564e-12      1.626e-20
    gene(@)gene               s22   1.725e-11 1.458e-10    2.678e-12      4.620e-21
    gene(@)gene               s23   1.081e-12 1.220e-11    2.242e-13      2.423e-23
    gene(@)gene               s24   1.326e-10 3.359e-09    6.171e-11      8.183e-19
    gene(@)gene               s25   2.597e-11 7.019e-09    1.290e-10      3.349e-19
    gene(@)gene               s26   4.954e-08 1.310e-06    2.407e-08      1.192e-13
    gene(@)gene               s27   6.380e-12 5.877e-11    1.080e-12      6.887e-22
    gene(@)gene               s28   1.092e-07 1.210e-06    2.223e-08      2.427e-13
    gene(@)gene               s29   5.063e-09 1.058e-05    1.943e-07      9.836e-14
    gene(@)gene               s30   2.678e-11 1.851e-08    3.400e-10      9.103e-19
    gene(@)gene               s31   3.743e-12 2.627e-10    4.826e-12      1.806e-21
    gene(@)gene               s32   4.695e-12 2.212e-09    4.063e-11      1.907e-20
    gene(@)gene               s33   4.162e-09 5.988e-06    1.100e-07      4.578e-14
    gene(@)gene               s34   1.705e-12 1.077e-11    1.978e-13      3.372e-23
    gene(@)gene               s35   1.842e-11 1.714e-07    3.150e-09      5.800e-18
    gene(@)gene               s36   2.551e-12 1.463e-11    2.688e-13      6.856e-23
    gene(@)gene               s37   2.246e-12 1.157e-11    2.126e-13      4.774e-23
    gene(@)gene               s38   2.102e-12 1.191e-11    2.188e-13      4.597e-23
    gene(@)gene               s39   1.134e-10 2.388e-07    4.388e-09      4.975e-17
    gene(@)gene               s40   4.729e-10 6.744e-07    1.239e-08      5.858e-16
    gene(@)gene               s41   9.293e-08 1.015e-05    1.865e-07      1.733e-12
    gene(@)gene               s42   3.222e-09 3.611e-05    6.635e-07      2.137e-13
    gene(@)gene               s43   7.609e-12 5.348e-11    9.826e-13      7.476e-22
    gene(@)gene               s44   1.790e-12 1.134e-11    2.083e-13      3.728e-23
    gene(@)gene               s45   7.936e-13 3.991e-11    7.333e-13      5.818e-23
    gene(@)gene               s46   9.277e-07 1.561e-04    2.868e-06      2.660e-10
    gene(@)gene               s47   5.175e-07 2.514e-05    4.620e-07      2.390e-11
    gene(@)gene               s48   1.408e-06 5.866e-06    1.078e-07      1.517e-11
    gene(@)gene               s49   1.108e-09 1.675e-09    3.077e-11      3.409e-18
    gene(@)gene               s50   8.696e-07 1.048e-06    1.926e-08      1.675e-12
    gene(@)gene               s51   5.761e-10 1.740e-08    3.197e-10      1.841e-17
    gene(@)gene               s52   2.307e-12 4.042e-11    7.426e-13      1.713e-22
    gene(@)gene               s53   1.254e-06 2.246e-05    4.127e-07      5.174e-11
    gene(@)gene               s54   1.023e-06 1.125e-04    2.067e-06      2.113e-10
    gene(@)gene               s55   9.872e-13 1.256e-11    2.308e-13      2.278e-23
    gene(@)gene               s56   1.146e-12 1.371e-10    2.519e-12      2.886e-22
    gene(@)gene               s57   7.899e-11 5.647e-09    1.038e-10      8.193e-19
    gene(@)gene               s58   2.546e-07 1.027e-04    1.887e-06      4.804e-11
    gene(@)gene               s59   1.176e-05 3.243e-03    5.965e-05      7.005e-08
    gene(@)gene               s60   2.206e-06 1.764e-04    3.242e-06      7.148e-10
    gene(@)gene               s61   1.314e-12 1.266e-11    2.327e-13      3.058e-23
    gene(@)gene               s62   2.691e-12 1.335e-10    2.453e-12      6.602e-22
    gene(@)gene               s63   1.451e-12 1.247e-11    2.291e-13      3.323e-23
    gene(@)gene               s64   1.003e-12 1.343e-11    2.467e-13      2.475e-23
    gene(@)gene               s65   1.816e-12 1.351e-11    2.481e-13      4.504e-23
    gene(@)gene               s66   9.130e-06 3.327e-03    6.118e-05      5.580e-08
    gene(@)gene               s67   1.152e-12 1.393e-11    2.559e-13      2.947e-23
    gene(@)gene               s68   2.785e-08 2.523e-07    4.636e-09      1.291e-14
    gene(@)gene               s69   4.533e-05 6.654e-03    1.228e-04      5.541e-07
    gene(@)gene               s70   1.572e-08 3.550e-09    6.522e-11      1.025e-16
    gene(@)gene               s71   1.890e-05 1.459e-05    2.685e-07      5.065e-10
    gene(@)gene               s72   1.182e-12 1.334e-11    2.450e-13      2.897e-23
    gene(@)gene               s73   2.775e-06 1.931e-03    3.549e-05      9.845e-09
    gene(@)gene               s74   3.930e-10 1.098e-08    2.017e-10      7.924e-18
    gene(@)gene               s75   1.841e-07 7.511e-05    1.380e-06      2.539e-11
    gene(@)gene               s76   1.671e-12 1.423e-11    2.614e-13      4.367e-23
    gene(@)gene               s77   1.860e-12 1.201e-11    2.207e-13      4.104e-23
    gene(@)gene               s78   3.135e-05 2.971e-04    5.475e-06      1.711e-08
    gene(@)gene               s79   2.368e-12 1.311e-11    2.409e-13      5.704e-23
    gene(@)gene               s80   2.100e-07 4.058e-08    7.455e-10      1.565e-14
    gene(@)gene               s81   4.765e-08 3.735e-08    6.862e-10      3.269e-15
    gene(@)gene               s82   1.030e-02 2.821e-03    1.047e-04      5.339e-05
    gene(@)gene               s83   9.729e-03 8.581e-04    3.095e-05      1.533e-05
    gene(@)gene               s84   9.647e-09 4.581e-08    8.417e-10      8.118e-16
    gene(@)gene               s85   8.054e-13 1.546e-11    2.841e-13      2.288e-23
    gene(@)gene               s86   4.139e-12 1.732e-11    3.182e-13      1.317e-22
    gene(@)gene               s87   3.423e-07 3.495e-05    6.421e-07      2.197e-11
    gene(@)gene               s88   1.903e-09 3.459e-09    6.354e-11      1.209e-17
    gene(@)gene               s89   3.114e-07 3.264e-06    5.997e-08      1.867e-12
    gene(@)gene               s90   8.952e-06 4.810e-03    8.844e-05      7.909e-08
    gene(@)gene               s91   3.471e-12 1.527e-09    2.806e-11      9.739e-21
    gene(@)gene               s92   2.461e-05 8.630e-04    1.590e-05      3.902e-08
    gene(@)gene               s93   1.496e-08 3.349e-08    6.152e-10      9.204e-16
    gene(@)gene               s94   1.732e-08 6.789e-09    1.247e-10      2.159e-16
    gene(@)gene               s95   3.997e-12 3.922e-11    7.206e-13      2.880e-22
    gene(@)gene               s96   2.456e-10 1.854e-09    3.406e-11      8.365e-19
    gene(@)gene               s97   1.221e-08 1.748e-06    3.212e-08      3.920e-14
    gene(@)gene               s98   8.575e-11 1.326e-10    2.435e-12      2.088e-20
    gene(@)gene               s99   7.891e-12 3.462e-11    6.361e-13      5.018e-22
    gene(@)gene              s100   5.572e-09 2.202e-08    4.046e-10      2.254e-16
    gene(@)gene              s101   9.500e-13 1.308e-11    2.403e-13      2.283e-23
    gene(@)gene              s102   2.314e-11 6.911e-11    1.270e-12      2.938e-21
    gene(@)gene              s103   2.906e-02 2.275e-01    1.620e-02      1.214e-02
    gene(@)gene              s104   1.292e-10 2.883e-10    5.297e-12      6.842e-20
    gene(@)gene              s105   9.503e-01 5.610e-01    9.798e-01      9.793e-01
    gene(@)gene              s106   8.078e-13 1.531e-11    2.813e-13      2.272e-23
    gene(@)gene              s107   7.523e-13 1.393e-11    2.560e-13      1.926e-23
    gene(@)gene              s108   1.284e-05 2.103e-03    3.869e-05      4.960e-08
    gene(@)gene              s109   4.068e-05 1.127e-01    2.078e-03      8.419e-06
    gene(@)gene              s110   5.222e-11 1.283e-10    2.358e-12      1.231e-20
    gene(@)gene              s111   8.192e-10 3.825e-10    7.028e-12      5.756e-19
    gene(@)gene              s112   2.189e-04 8.443e-03    1.585e-04      3.395e-06
    gene(@)gene              s113   2.432e-06 6.482e-05    1.191e-06      2.896e-10
    gene(@)gene              s114   1.208e-12 1.602e-11    2.944e-13      3.555e-23
    gene(@)gene              s115   1.295e-06 3.171e-07    5.826e-09      7.541e-13
    gene(@)gene              s116   8.720e-05 5.675e-02    1.052e-03      9.090e-06
    gene(@)gene              s117   1.445e-11 5.639e-11    1.036e-12      1.496e-21
    gene(@)gene              s118   1.013e-07 2.028e-06    3.727e-08      3.776e-13
    gene(@)gene              s119   6.924e-10 1.666e-08    3.061e-10      2.119e-17
    gene(@)gene              s120   1.083e-05 2.256e-03    4.149e-05      4.489e-08
    gene(@)gene              s121   4.017e-07 7.222e-06    1.327e-07      5.329e-12
    gene(@)gene              s122   8.476e-10 2.519e-06    4.629e-08      3.923e-15
    gene(@)gene              s123   9.063e-12 4.077e-11    7.490e-13      6.787e-22
    gene(@)gene              s124   1.032e-04 4.644e-06    8.619e-08      8.800e-10
    gene(@)gene              s125   1.193e-06 2.812e-03    5.167e-05      6.163e-09
    gene(@)gene              s126   8.228e-08 3.457e-07    6.351e-09      5.225e-14
    gene(@)gene              s127   8.256e-13 1.215e-11    2.232e-13      1.842e-23
    gene(@)gene              s128   7.042e-12 8.557e-11    1.572e-12      1.107e-21
    gene(@)gene              s129   4.701e-10 9.771e-09    1.795e-10      8.438e-18
    gene(@)gene              s130   4.981e-10 3.934e-07    7.227e-09      3.599e-16
    gene(@)gene              s131   8.004e-13 1.431e-11    2.628e-13      2.103e-23
    gene(@)gene              s132   1.752e-08 7.706e-08    1.416e-09      2.481e-15
    gene(@)gene              s133   1.414e-06 1.151e-07    2.116e-09      2.991e-13
    gene(@)gene              s134   7.452e-13 1.254e-11    2.304e-13      1.717e-23
    gene(@)gene              s135   6.014e-11 3.316e-09    6.093e-11      3.664e-19
    gene(@)gene              s136   8.186e-13 1.393e-11    2.559e-13      2.095e-23
    gene(@)gene              s137   3.049e-09 4.430e-07    8.139e-09      2.481e-15
    gene(@)gene              s138   7.468e-07 2.791e-05    5.129e-07      3.829e-11
    gene(@)gene              s139   1.624e-07 3.139e-06    5.768e-08      9.362e-13
    gene(@)gene              s140   8.946e-13 1.898e-11    3.486e-13      3.118e-23
    gene(@)gene              s141   7.490e-09 2.300e-07    4.227e-09      3.165e-15
    gene(@)gene              s142   4.747e-08 1.017e-05    1.868e-07      8.865e-13
    gene(@)gene              s143   1.015e-12 1.372e-11    2.521e-13      2.558e-23
    gene(@)gene              s144   2.433e-10 8.072e-09    1.483e-10      3.607e-18
    gene(@)gene              s145   1.507e-11 2.174e-10    3.995e-12      6.019e-21
    gene(@)gene              s146   8.172e-13 1.238e-11    2.275e-13      1.859e-23
    gene(@)gene              s147   1.815e-07 1.058e-04    1.945e-06      3.530e-11
    gene(@)gene              s148   2.368e-11 1.087e-10    1.997e-12      4.728e-21
    gene(@)gene              s149   5.836e-08 1.774e-05    3.259e-07      1.902e-12
    gene(@)gene              s150   8.085e-10 3.042e-09    5.588e-11      4.517e-18
    gene(@)gene              s151   5.148e-08 1.121e-08    2.060e-10      1.061e-15
    gene(@)gene              s152   2.301e-11 6.357e-10    1.168e-11      2.687e-20
    gene(@)gene              s153   3.536e-12 1.117e-10    2.053e-12      7.258e-22
    gene(@)gene              s154   8.700e-13 1.431e-11    2.630e-13      2.287e-23
    gene(@)gene              s155   1.688e-12 1.198e-11    2.202e-13      3.716e-23
    gene(@)gene              s156   3.205e-08 2.101e-04    3.860e-06      1.237e-11
    gene(@)gene              s157   1.884e-07 3.878e-05    7.124e-07      1.342e-11
    gene(@)gene              s158   9.231e-09 1.195e-04    2.195e-06      2.026e-12
    gene(@)gene              s159   3.277e-11 7.359e-09    1.352e-10      4.430e-19
    gene(@)gene              s160   2.445e-09 2.934e-09    5.391e-11      1.318e-17
    gene(@)gene              s161   1.922e-12 4.549e-11    8.358e-13      1.606e-22
    gene(@)gene              s162   8.488e-08 2.187e-04    4.017e-06      3.409e-11
    gene(@)gene              s163   8.563e-13 1.396e-11    2.565e-13      2.196e-23
    gene(@)gene              s164   1.324e-12 1.269e-11    2.332e-13      3.086e-23
    gene(@)gene              s165   2.011e-11 2.511e-08    4.613e-10      9.276e-19
    gene(@)gene              s166   1.691e-09 8.456e-09    1.554e-10      2.627e-17
    gene(@)gene              s167   5.093e-11 1.460e-08    2.682e-10      1.366e-18
    gene(@)gene              s168   1.933e-12 2.171e-11    3.990e-13      7.710e-23
    gene(@)gene              s169   1.931e-12 5.503e-11    1.011e-12      1.952e-22
    gene(@)gene              s170   1.760e-12 1.349e-11    2.478e-13      4.360e-23
    gene(@)gene              s171   9.425e-11 3.136e-09    5.762e-11      5.430e-19
    gene(@)gene              s172   2.292e-12 1.258e-08    2.312e-10      5.299e-20
    gene(@)gene              s173   1.728e-12 2.803e-11    5.151e-13      8.898e-23
    gene(@)gene              s174   2.008e-08 1.397e-06    2.567e-08      5.155e-14
    gene(@)gene              s175   3.688e-10 2.870e-08    5.273e-10      1.944e-17
    gene(@)gene              s176   7.650e-10 2.684e-08    4.931e-10      3.771e-17
    gene(@)gene              s177   1.102e-12 1.512e-11    2.779e-13      3.062e-23
    gene(@)gene              s178   5.918e-12 1.723e-08    3.165e-10      1.873e-19
    gene(@)gene              s179   1.530e-10 1.149e-07    2.111e-09      3.230e-17
    gene(@)gene              s180   6.787e-08 6.903e-07    1.268e-08      8.606e-14
    gene(@)gene              s181   3.351e-12 7.573e-09    1.391e-10      4.661e-20
    gene(@)gene              s182   1.674e-09 1.716e-07    3.153e-09      5.277e-16
    gene(@)gene              s183   1.059e-12 2.074e-11    3.811e-13      4.035e-23
    gene(@)gene              s184   2.436e-09 2.319e-08    4.261e-10      1.038e-16
    gene(@)gene              s185   1.929e-08 9.378e-08    1.723e-09      3.324e-15
    gene(@)gene              s186   4.942e-10 7.642e-08    1.404e-09      6.937e-17
    gene(@)gene              s187   9.811e-13 1.611e-11    2.960e-13      2.904e-23
    gene(@)gene              s188   8.957e-08 1.773e-07    3.257e-09      2.917e-14
    gene(@)gene              s189   3.165e-12 6.457e-10    1.186e-11      3.753e-21
    gene(@)gene              s190   1.496e-11 1.759e-09    3.232e-11      4.833e-20
    gene(@)gene              s191   1.535e-12 2.236e-09    4.108e-11      6.306e-21
    gene(@)gene              s192   7.757e-08 2.539e-06    4.665e-08      3.618e-13
    gene(@)gene              s193   5.578e-09 5.969e-07    1.097e-08      6.116e-15
    gene(@)gene              s194   9.809e-11 6.378e-10    1.172e-11      1.149e-19
    gene(@)gene              s195   9.930e-11 7.617e-08    1.400e-09      1.389e-17
    gene(@)gene              s196   1.052e-10 3.351e-09    6.156e-11      6.475e-19
    gene(@)gene              s197   2.074e-09 1.074e-07    1.973e-09      4.090e-16
    gene(@)gene              s198   9.216e-13 1.536e-11    2.821e-13      2.599e-23
    gene(@)gene              s199   2.499e-10 1.137e-07    2.089e-09      5.218e-17
    gene(@)gene              s200   9.222e-13 1.421e-11    2.611e-13      2.408e-23
    gene(@)gene              s201   3.605e-09 6.530e-08    1.200e-09      4.325e-16
    gene(@)gene              s202   5.141e-10 4.331e-09    7.958e-11      4.090e-18
    gene(@)gene              s203   1.148e-12 1.842e-10    3.385e-12      3.884e-22
    gene(@)gene              s204   2.890e-11 2.364e-09    4.343e-11      1.255e-19
    gene(@)gene              s205   1.874e-11 5.003e-09    9.191e-11      1.722e-19
    gene(@)gene              s206   1.199e-12 1.895e-10    3.481e-12      4.173e-22
    gene(@)gene              s207   1.478e-12 2.723e-10    5.003e-12      7.393e-22
    gene(@)gene              s208   9.111e-13 1.537e-10    2.824e-12      2.573e-22
    gene(@)gene              s209   8.777e-13 1.246e-10    2.290e-12      2.009e-22
    gene(@)gene              s210   3.694e-09 1.080e-08    1.984e-10      7.329e-17
    gene(@)gene              s211   1.449e-10 7.565e-09    1.390e-10      2.013e-18
    gene(@)gene              s212   7.210e-08 1.061e-08    1.949e-10      1.405e-15
    gene(@)gene              s213   9.808e-13 4.307e-11    7.914e-13      7.761e-23
    gene(@)gene              s214   9.552e-11 3.306e-09    6.074e-11      5.800e-19
    gene(@)gene              s215   2.354e-11 2.861e-10    5.257e-12      1.237e-20
    gene(@)gene              s216   5.044e-12 2.801e-10    5.146e-12      2.595e-21
    gene(@)gene              s217   2.664e-08 4.471e-08    8.214e-10      2.188e-15
    gene(@)gene              s218   1.231e-12 3.582e-10    6.581e-12      8.100e-22
    gene(@)gene              s219   1.464e-12 3.576e-10    6.569e-12      9.612e-22
    gene(@)gene              s220   1.450e-11 1.481e-08    2.721e-10      3.946e-19
    gene(@)gene              s221   1.285e-08 5.488e-08    1.008e-09      1.295e-15
    gene(@)gene              s222   2.596e-12 2.259e-09    4.150e-11      1.077e-20
    gene(@)gene              s223   7.696e-13 1.381e-11    2.538e-13      1.953e-23
    gene(@)gene              s224   1.021e-10 1.444e-07    2.653e-09      2.708e-17
    gene(@)gene              s225   1.297e-12 9.862e-11    1.812e-12      2.350e-22
    gene(@)gene              s226   5.845e-12 5.331e-10    9.794e-12      5.723e-21
    gene(@)gene              s227   1.455e-12 9.545e-11    1.754e-12      2.551e-22
    gene(@)gene              s228   3.739e-09 5.252e-08    9.650e-10      3.608e-16
    gene(@)gene              s229   1.901e-10 2.836e-07    5.210e-09      9.902e-17
    gene(@)gene              s230   8.333e-13 1.376e-11    2.529e-13      2.107e-23
    gene(@)gene              s231   4.658e-10 8.134e-08    1.494e-09      6.959e-17
    gene(@)gene              s232   7.949e-13 1.383e-11    2.542e-13      2.020e-23
    gene(@)gene              s233   1.257e-12 1.459e-10    2.680e-12      3.369e-22
    gene(@)gene              s234   4.226e-11 4.093e-09    7.520e-11      3.177e-19
    gene(@)gene              s235   5.481e-11 3.060e-09    5.621e-11      3.080e-19
    gene(@)gene              s236   1.160e-09 4.664e-09    8.569e-11      9.942e-18
    gene(@)gene              s237   1.468e-11 1.470e-09    2.700e-11      3.962e-20
    gene(@)gene              s238   8.956e-12 4.434e-08    8.147e-10      7.295e-19
    gene(@)gene              s239   2.100e-10 3.022e-09    5.553e-11      1.166e-18
    gene(@)gene              s240   5.430e-11 2.248e-08    4.130e-10      2.242e-18
    gene(@)gene              s241   2.903e-12 8.163e-10    1.500e-11      4.353e-21
    gene(@)gene              s242   1.375e-12 2.141e-11    3.933e-13      5.409e-23
    gene(@)gene              s243   1.417e-12 3.597e-11    6.610e-13      9.361e-23
    gene(@)gene              s244   6.195e-12 4.692e-09    8.620e-11      5.340e-20
    gene(@)gene              s245   2.327e-12 7.196e-11    1.322e-12      3.075e-22
    gene(@)gene              s246   3.425e-11 4.606e-08    8.463e-10      2.898e-18
    gene(@)gene              s247   3.345e-12 1.670e-10    3.067e-12      1.026e-21
    gene(@)gene              s248   2.850e-12 6.387e-10    1.173e-11      3.343e-21
    gene(@)gene              s249   1.419e-10 5.121e-08    9.409e-10      1.335e-17
    gene(@)gene              s250   6.699e-12 8.256e-11    1.517e-12      1.016e-21
    gene(@)gene              s251   1.228e-10 8.442e-08    1.551e-09      1.904e-17
    gene(@)gene              s252   1.799e-10 1.014e-07    1.862e-09      3.350e-17
    gene(@)gene              s253   3.856e-12 1.648e-10    3.029e-12      1.168e-21
    gene(@)gene              s254   1.650e-11 5.326e-08    9.786e-10      1.614e-18
    gene(@)gene              s255   1.353e-12 5.407e-11    9.934e-13      1.344e-22
    gene(@)gene              s256   9.323e-13 1.749e-11    3.213e-13      2.995e-23
    gene(@)gene              s257   2.662e-12 1.089e-08    2.001e-10      5.326e-20
    gene(@)gene              s258   2.908e-12 1.171e-08    2.151e-10      6.253e-20
    gene(@)gene              s259   1.907e-11 3.716e-08    6.827e-10      1.301e-18
    gene(@)gene              s260   1.739e-12 2.003e-10    3.680e-12      6.398e-22
    gene(@)gene              s261   1.508e-12 3.298e-11    6.059e-13      9.134e-23
    gene(@)gene              s262   6.309e-11 7.790e-08    1.431e-09      9.027e-18
    gene(@)gene              s263   2.058e-12 1.619e-09    2.974e-11      6.121e-21
    gene(@)gene              s264   4.992e-11 2.836e-08    5.210e-10      2.601e-18
    gene(@)gene              s265   1.047e-12 2.228e-11    4.093e-13      4.286e-23
    gene(@)gene              s266   8.644e-13 1.584e-11    2.910e-13      2.515e-23
    gene(@)gene              s267   1.781e-11 9.547e-08    1.754e-09      3.123e-18
    gene(@)gene              s268   9.090e-13 2.296e-11    4.218e-13      3.833e-23
    gene(@)gene              s269   9.838e-13 1.649e-11    3.030e-13      2.980e-23
    gene(@)gene              s270   8.547e-13 1.595e-11    2.930e-13      2.504e-23
    gene(@)gene              s271   6.285e-12 1.212e-09    2.227e-11      1.399e-20
    gene(@)gene              s272   8.407e-13 1.498e-11    2.752e-13      2.313e-23
    gene(@)gene              s273   8.556e-13 1.659e-11    3.048e-13      2.607e-23
    gene(@)gene              s274   9.342e-13 4.709e-10    8.651e-12      8.081e-22
    gene(@)gene              s275   7.459e-12 2.064e-07    3.791e-09      2.827e-18
    gene(@)gene              s276   1.090e-12 1.502e-11    2.759e-13      3.007e-23
    gene(@)gene              s277   8.399e-13 4.526e-11    8.315e-13      6.982e-23
    gene(@)gene              s278   5.467e-12 3.207e-08    5.893e-10      3.221e-19
    gene(@)gene              s279   8.964e-13 5.024e-10    9.231e-12      8.274e-22
    gene(@)gene              s280   8.323e-12 1.609e-07    2.956e-09      2.460e-18
    gene(@)gene              s281   7.213e-13 2.208e-11    4.057e-13      2.926e-23
    gene(@)gene              s282   2.719e-12 1.454e-07    2.671e-09      7.261e-19
    gene(@)gene              s283   7.228e-12 4.227e-09    7.767e-11      5.613e-20
    gene(@)gene              s284   5.775e-12 2.490e-07    4.575e-09      2.642e-18
    gene(@)gene              s285   8.019e-13 4.852e-10    8.913e-12      7.147e-22
    gene(@)gene              s286   2.869e-11 3.870e-08    7.110e-10      2.039e-18
    gene(@)gene              s287   1.468e-11 6.290e-09    1.156e-10      1.696e-19
    gene(@)gene              s288   2.281e-12 9.384e-09    1.724e-10      3.932e-20
    gene(@)gene              s289   8.693e-13 2.034e-11    3.737e-13      3.248e-23
    gene(@)gene              s290   2.168e-12 2.364e-08    4.343e-10      9.417e-20
    gene(@)gene              s291   3.662e-12 2.703e-08    4.967e-10      1.818e-19
    gene(@)gene              s292   3.462e-12 1.525e-08    2.801e-10      9.695e-20
    gene(@)gene              s293   9.415e-13 1.499e-11    2.754e-13      2.593e-23
    gene(@)gene              s294   1.958e-12 2.062e-11    3.789e-13      7.417e-23
    gene(@)gene              s295   1.616e-12 1.857e-11    3.412e-13      5.513e-23
    gene(@)gene              s296   2.837e-12 1.293e-09    2.376e-11      6.741e-21
    gene(@)gene              s297   9.508e-13 2.140e-11    3.932e-13      3.738e-23
    gene(@)gene              s298   6.461e-13 1.317e-11    2.420e-13      1.563e-23
    gene(@)gene              s299   2.715e-12 7.019e-08    1.289e-09      3.500e-19
    gene(@)gene              s300   8.114e-13 2.052e-11    3.769e-13      3.058e-23
    gene(@)gene              s301   6.762e-13 2.092e-11    3.844e-13      2.599e-23
    gene(@)gene              s302   1.360e-12 3.460e-10    6.356e-12      8.644e-22
    gene(@)gene              s303   1.302e-12 1.832e-09    3.365e-11      4.379e-21
    gene(@)gene              s304   1.605e-12 1.465e-10    2.691e-12      4.317e-22
    gene(@)gene              s305   1.188e-12 8.423e-10    1.548e-11      1.839e-21
    gene(@)gene              s306   3.613e-12 1.643e-10    3.018e-12      1.090e-21
    gene(@)gene              s307   8.524e-13 4.096e-10    7.526e-12      6.413e-22
    gene(@)gene              s308   6.367e-13 2.877e-11    5.286e-13      3.365e-23
    gene(@)gene              s309   1.248e-12 1.992e-10    3.660e-12      4.565e-22
    gene(@)gene              s310   7.682e-13 1.689e-11    3.103e-13      2.383e-23
    gene(@)gene              s311   2.806e-12 1.546e-09    2.841e-11      7.969e-21
    gene(@)gene              s312   8.915e-13 4.209e-11    7.733e-13      6.892e-23
    gene(@)gene              s313   1.039e-12 6.871e-10    1.262e-11      1.311e-21
    gene(@)gene              s314   9.265e-13 8.204e-11    1.507e-12      1.396e-22
    gene(@)gene              s315   1.122e-12 3.939e-10    7.237e-12      8.120e-22
    gene(@)gene              s316   5.972e-13 3.477e-10    6.388e-12      3.814e-22
    gene(@)gene              s317   6.715e-13 1.323e-11    2.431e-13      1.632e-23
    gene(@)gene              s318   7.819e-13 8.298e-11    1.525e-12      1.192e-22
    gene(@)gene              s319   1.658e-12 1.379e-08    2.533e-10      4.198e-20
    gene(@)gene              s320   1.541e-12 1.240e-08    2.278e-10      3.511e-20
    gene(@)gene              s321   9.064e-13 4.000e-11    7.349e-13      6.659e-23
    gene(@)gene              s322   1.751e-12 5.350e-09    9.829e-11      1.721e-20
    gene(@)gene              s323   2.743e-12 9.763e-10    1.794e-11      4.920e-21
    gene(@)gene              s324   1.264e-12 3.493e-10    6.417e-12      8.112e-22
    gene(@)gene              s325   7.982e-13 1.943e-11    3.569e-13      2.848e-23
    gene(@)gene              s326   7.098e-13 1.319e-09    2.424e-11      1.720e-21
    gene(@)gene              s327   2.698e-12 3.583e-09    6.582e-11      1.775e-20
    gene(@)gene              s328   7.290e-13 1.152e-09    2.116e-11      1.542e-21
    gene(@)gene              s329   1.152e-12 8.239e-11    1.514e-12      1.744e-22
    gene(@)gene              s330   7.279e-13 2.015e-09    3.703e-11      2.695e-21
    gene(@)gene              s331   1.729e-12 2.411e-11    4.429e-13      7.654e-23
    gene(@)gene              s332   7.849e-13 1.825e-09    3.353e-11      2.632e-21
    gene(@)gene              s333   7.226e-13 1.485e-11    2.729e-13      1.972e-23
    gene(@)gene              s334   1.482e-12 6.181e-10    1.136e-11      1.683e-21
    gene(@)gene              s335   1.186e-12 1.376e-10    2.527e-12      2.996e-22
    gene(@)gene              s336   1.161e-12 3.552e-10    6.526e-12      7.573e-22
    gene(@)gene              s337   8.715e-13 2.910e-11    5.346e-13      4.659e-23
    gene(@)gene              s338   8.150e-13 1.258e-09    2.311e-11      1.883e-21
    gene(@)gene              s339   9.854e-13 2.636e-11    4.844e-13      4.772e-23
    gene(@)gene              s340   1.320e-12 8.458e-09    1.554e-10      2.051e-20
    gene(@)gene              s341   1.173e-12 3.476e-10    6.386e-12      7.489e-22
    gene(@)gene              s342   9.586e-13 1.437e-11    2.640e-13      2.530e-23
    gene(@)gene              s343   6.347e-13 2.442e-11    4.486e-13      2.847e-23
    gene(@)gene              s344   9.462e-13 1.265e-09    2.323e-11      2.198e-21
    gene(@)gene              s345   9.289e-13 1.201e-09    2.206e-11      2.049e-21
    gene(@)gene              s346   8.744e-13 8.648e-10    1.589e-11      1.389e-21
    gene(@)gene              s347   8.015e-13 1.390e-11    2.554e-13      2.046e-23
    gene(@)gene              s348   1.767e-12 7.109e-09    1.306e-10      2.307e-20
    gene(@)gene              s349   1.244e-12 2.447e-09    4.496e-11      5.591e-21
    gene(@)gene              s350   7.586e-13 1.266e-11    2.326e-13      1.764e-23
    gene(@)gene              s351   8.412e-13 1.301e-11    2.389e-13      2.009e-23
    gene(@)gene              s352   8.841e-13 3.088e-11    5.673e-13      5.014e-23
    gene(@)gene              s353   1.262e-12 1.101e-09    2.023e-11      2.552e-21
    gene(@)gene              s354   1.010e-12 1.969e-11    3.618e-13      3.653e-23
    gene(@)gene              s355   8.060e-13 1.080e-10    1.984e-12      1.599e-22
    gene(@)gene              s356   8.454e-13 6.826e-11    1.254e-12      1.060e-22
    gene(@)gene              s357   2.665e-12 2.691e-10    4.945e-12      1.317e-21
    gene(@)gene              s358   9.571e-13 1.790e-11    3.290e-13      3.148e-23
    gene(@)gene              s359   1.743e-12 4.906e-10    9.014e-12      1.571e-21
    gene(@)gene              s360   8.473e-13 2.207e-11    4.054e-13      3.434e-23
    gene(@)gene              s361   1.167e-12 2.589e-11    4.757e-13      5.552e-23
    gene(@)gene              s362   8.221e-13 1.037e-09    1.905e-11      1.566e-21
    gene(@)gene              s363   6.905e-13 3.340e-11    6.137e-13      4.237e-23
    gene(@)gene              s364   7.890e-13 1.768e-11    3.248e-13      2.562e-23
    gene(@)gene              s365   1.216e-12 2.206e-11    4.052e-13      4.927e-23
    gene(@)gene              s366   8.580e-13 2.065e-11    3.793e-13      3.254e-23
    gene(@)gene              s367   1.142e-12 8.857e-10    1.627e-11      1.858e-21
    gene(@)gene              s368   1.156e-12 1.587e-11    2.915e-13      3.371e-23
    gene(@)gene              s369   1.061e-12 8.181e-11    1.503e-12      1.594e-22
    gene(@)gene              s370   2.597e-12 1.885e-10    3.462e-12      8.991e-22
    gene(@)gene              s371   1.062e-12 1.519e-11    2.791e-13      2.964e-23
    gene(@)gene              s372   1.063e-12 9.124e-11    1.676e-12      1.782e-22
    gene(@)gene              s373   8.237e-13 1.802e-11    3.311e-13      2.727e-23
    gene(@)gene              s374   8.667e-13 1.621e-11    2.979e-13      2.581e-23
    gene(@)gene              s375   9.938e-13 2.175e-10    3.996e-12      3.970e-22
    gene(@)gene              s376   9.550e-13 1.545e-11    2.838e-13      2.710e-23
    gene(@)gene              s377   8.923e-13 8.548e-10    1.571e-11      1.401e-21
    gene(@)gene              s378   8.720e-13 5.282e-10    9.704e-12      8.460e-22
    gene(@)gene              s379   1.345e-12 5.619e-11    1.032e-12      1.388e-22
    gene(@)gene              s380   8.099e-13 1.864e-11    3.424e-13      2.772e-23
    gene(@)gene              s381   5.801e-12 6.210e-11    1.141e-12      6.617e-22
    gene(@)gene              s382   1.136e-12 4.701e-10    8.637e-12      9.812e-22
    gene(@)gene              s383   1.480e-12 1.377e-10    2.530e-12      3.744e-22
    gene(@)gene              s384   4.051e-12 4.302e-10    7.904e-12      3.201e-21
    gene(@)gene              s385   7.570e-13 1.275e-11    2.342e-13      1.772e-23
    gene(@)gene              s386   1.135e-12 1.250e-10    2.297e-12      2.607e-22
    gene(@)gene              s387   1.185e-11 3.393e-11    6.234e-13      7.384e-22
    gene(@)gene              s388   6.951e-13 2.040e-11    3.747e-13      2.604e-23
    gene(@)gene              s389   7.153e-13 1.531e-11    2.813e-13      2.012e-23
    gene(@)gene              s390   6.498e-13 6.709e-10    1.233e-11      8.008e-22
    gene(@)gene              s391   9.090e-13 1.159e-10    2.130e-12      1.936e-22
    gene(@)gene              s392   1.216e-12 1.406e-11    2.584e-13      3.140e-23
    gene(@)gene              s393   8.831e-13 1.450e-11    2.663e-13      2.351e-23
    gene(@)gene              s394   7.662e-13 1.278e-11    2.349e-13      1.799e-23
    gene(@)gene              s395   6.866e-13 1.315e-11    2.415e-13      1.658e-23
    gene(@)gene              s396   2.360e-12 1.187e-10    2.181e-12      5.145e-22
    gene(@)gene              s397   7.062e-13 4.808e-10    8.833e-12      6.237e-22
    gene(@)gene              s398   7.201e-13 1.825e-11    3.353e-13      2.414e-23
    gene(@)gene              s399   7.541e-13 1.467e-11    2.694e-13      2.031e-23
    gene(@)gene              s400   2.481e-12 3.844e-11    7.062e-13      1.752e-22
    gene(@)gene              s401   7.853e-13 1.642e-11    3.017e-13      2.369e-23
    gene(@)gene              s402   6.270e-13 8.092e-11    1.487e-12      9.320e-23
    gene(@)gene              s403   9.245e-13 3.859e-11    7.090e-13      6.554e-23
    gene(@)gene              s404   1.715e-12 1.535e-10    2.820e-12      4.834e-22
    gene(@)gene              s405   1.374e-12 5.367e-11    9.861e-13      1.355e-22
    gene(@)gene              s406   2.302e-12 1.931e-10    3.549e-12      8.169e-22
    gene(@)gene              s407   7.923e-13 1.548e-11    2.845e-13      2.253e-23
    gene(@)gene              s408   2.925e-12 1.238e-10    2.274e-12      6.649e-22
    gene(@)gene              s409   3.091e-12 1.161e-10    2.134e-12      6.594e-22
    gene(@)gene              s410   1.592e-12 6.455e-11    1.186e-12      1.888e-22
    gene(@)gene              s411   4.504e-13 8.585e-11    1.577e-12      7.102e-23
    gene(@)gene              s412   8.193e-13 1.320e-10    2.425e-12      1.987e-22
    gene(@)gene              s413   8.628e-13 2.468e-10    4.534e-12      3.911e-22
    gene(@)gene              s414   2.235e-12 1.799e-10    3.305e-12      7.384e-22
    gene(@)gene              s415   2.373e-12 9.795e-10    1.800e-11      4.270e-21
    gene(@)gene              s416   2.536e-12 8.507e-10    1.563e-11      3.962e-21
    gene(@)gene              s417   1.264e-12 1.143e-09    2.099e-11      2.652e-21
    gene(@)gene              s418   8.681e-13 1.403e-11    2.578e-13      2.238e-23
    gene(@)gene              s419   8.060e-13 4.873e-11    8.953e-13      7.215e-23
    gene(@)gene              s420   5.650e-13 5.263e-11    9.670e-13      5.462e-23
    gene(@)gene              s421   1.100e-12 3.088e-11    5.673e-13      6.241e-23
    gene(@)gene              s422   6.460e-13 1.247e-11    2.291e-13      1.480e-23
    gene(@)gene              s423   6.404e-13 1.427e-11    2.621e-13      1.678e-23
    gene(@)gene              s424   6.712e-13 6.888e-11    1.265e-12      8.491e-23
    gene(@)gene              s425   8.433e-13 1.149e-10    2.110e-12      1.779e-22
    gene(@)gene              s426   6.867e-13 2.087e-11    3.834e-13      2.633e-23
    gene(@)gene              s427   5.933e-13 7.782e-11    1.430e-12      8.481e-23
    gene(@)gene              s428   6.975e-13 1.146e-11    2.105e-13      1.468e-23
    gene(@)gene              s429   6.615e-13 3.420e-10    6.284e-12      4.156e-22
    gene(@)gene              s430   1.637e-12 1.645e-11    3.021e-13      4.944e-23
    gene(@)gene              s431   5.518e-13 3.011e-11    5.532e-13      3.052e-23
    gene(@)gene              s432   7.147e-13 1.167e-11    2.144e-13      1.532e-23
    gene(@)gene              s433   6.537e-13 1.243e-11    2.284e-13      1.493e-23
    gene(@)gene              s434   8.478e-13 3.122e-11    5.735e-13      4.862e-23
    gene(@)gene              s435   1.367e-12 1.072e-10    1.970e-12      2.692e-22
    gene(@)gene              s436   1.589e-12 6.962e-11    1.279e-12      2.032e-22
    gene(@)gene              s437   6.368e-13 1.040e-11    1.911e-13      1.216e-23
    gene(@)gene              s438   7.275e-13 1.171e-11    2.152e-13      1.565e-23
    gene(@)gene              s439   7.925e-13 1.409e-11    2.589e-13      2.051e-23
    gene(@)gene              s440   9.979e-13 1.813e-11    3.332e-13      3.324e-23
    gene(@)gene              s441   7.393e-13 5.499e-11    1.010e-12      7.467e-23
    gene(@)gene              s442   8.062e-13 1.538e-11    2.826e-13      2.278e-23
    gene(@)gene              s443   4.445e-13 8.613e-10    1.582e-11      7.033e-22
    gene(@)gene              s444   1.043e-12 1.075e-10    1.976e-12      2.061e-22
    gene(@)gene              s445   5.880e-13 2.514e-11    4.619e-13      2.715e-23
    gene(@)gene              s446   7.782e-13 1.292e-11    2.373e-13      1.847e-23
    gene(@)gene              s447   5.456e-13 2.684e-11    4.930e-13      2.689e-23
    gene(@)gene              s448   9.316e-13 8.017e-11    1.473e-12      1.372e-22
    gene(@)gene              s449   7.895e-13 1.632e-11    2.999e-13      2.367e-23
    gene(@)gene              s450   6.130e-13 1.161e-11    2.134e-13      1.308e-23
    gene(@)gene              s451   7.170e-13 1.125e-11    2.067e-13      1.482e-23
    gene(@)gene              s452   4.616e-13 6.651e-11    1.222e-12      5.639e-23
    gene(@)gene              s453   8.721e-13 1.472e-11    2.705e-13      2.359e-23
    gene(@)gene              s454   1.179e-12 3.778e-11    6.941e-13      8.184e-23
    gene(@)gene              s455   8.905e-13 5.768e-11    1.060e-12      9.435e-23
    gene(@)gene              s456   6.293e-13 1.386e-11    2.546e-13      1.602e-23
    gene(@)gene              s457   6.832e-13 9.978e-12    1.833e-13      1.252e-23
    gene(@)gene              s458   4.851e-13 7.815e-11    1.436e-12      6.964e-23
    gene(@)gene              s459   6.404e-13 1.048e-11    1.925e-13      1.233e-23
    gene(@)gene              s460   5.548e-13 2.728e-11    5.012e-13      2.780e-23
    gene(@)gene              s461   6.960e-13 1.219e-11    2.239e-13      1.558e-23
    gene(@)gene              s462   4.739e-13 1.319e-10    2.423e-12      1.148e-22
    gene(@)gene              s463   8.059e-13 1.314e-11    2.414e-13      1.945e-23
    gene(@)gene              s464   5.353e-13 2.130e-11    3.914e-13      2.095e-23
    gene(@)gene              s465   4.584e-13 9.273e-11    1.704e-12      7.808e-23
    gene(@)gene              s466   9.968e-13 1.814e-11    3.332e-13      3.321e-23
    gene(@)gene              s467   4.951e-13 8.564e-11    1.573e-12      7.788e-23
    gene(@)gene              s468   4.652e-13 2.897e-11    5.322e-13      2.475e-23
    gene(@)gene              s469   9.460e-13 2.811e-11    5.165e-13      4.884e-23
    gene(@)gene              s470   4.536e-13 4.858e-11    8.925e-13      4.048e-23
    gene(@)gene              s471   4.762e-13 5.222e-11    9.594e-13      4.568e-23
    gene(@)gene              s472   8.407e-13 1.100e-11    2.021e-13      1.699e-23
    gene(@)gene              s473   4.771e-13 3.571e-11    6.561e-13      3.130e-23
    gene(@)gene              s474   4.706e-13 9.244e-11    1.698e-12      7.991e-23
    gene(@)gene              s475   7.181e-13 1.143e-11    2.099e-13      1.507e-23
    gene(@)gene              s476   4.550e-13 3.971e-11    7.296e-13      3.319e-23
    gene(@)gene              s477   5.189e-13 2.166e-11    3.979e-13      2.064e-23
    gene(@)gene              s478   6.285e-13 2.705e-11    4.970e-13      3.123e-23
    gene(@)gene              s479   5.517e-13 9.274e-12    1.704e-13      9.399e-24
    gene(@)gene              s480   4.831e-13 1.098e-10    2.017e-12      9.740e-23
    gene(@)gene              s481   5.502e-13 1.164e-11    2.138e-13      1.176e-23
    gene(@)gene              s482   5.495e-13 1.042e-11    1.914e-13      1.052e-23
    gene(@)gene              s483   8.361e-13 1.318e-11    2.421e-13      2.024e-23
    gene(@)gene              s484   4.442e-13 9.407e-11    1.728e-12      7.675e-23
    gene(@)gene              s485   4.472e-13 8.989e-11    1.652e-12      7.384e-23
    gene(@)gene              s486   4.474e-13 9.432e-11    1.733e-12      7.752e-23
    gene(@)gene              s487   7.756e-13 1.186e-11    2.179e-13      1.689e-23
    gene(@)gene              s488   5.830e-13 1.090e-11    2.003e-13      1.167e-23
    gene(@)gene              s489   4.609e-13 2.664e-10    4.895e-12      2.255e-22
    gene(@)gene              s490   8.645e-13 2.114e-11    3.885e-13      3.358e-23
    gene(@)gene              s491   5.187e-13 1.026e-10    1.886e-12      9.780e-23
    gene(@)gene              s492   6.367e-13 1.500e-11    2.755e-13      1.754e-23
    gene(@)gene              s493   6.229e-13 1.498e-11    2.752e-13      1.714e-23
    gene(@)gene              s494   6.925e-13 1.205e-11    2.214e-13      1.533e-23
    gene(@)gene              s495   4.649e-13 2.178e-10    4.001e-12      1.860e-22
    gene(@)gene              s496   5.614e-13 1.427e-11    2.622e-13      1.472e-23
    gene(@)gene              s497   6.662e-13 1.141e-11    2.097e-13      1.396e-23
    gene(@)gene              s498   4.541e-13 7.816e-11    1.436e-12      6.520e-23
    gene(@)gene              s499   7.163e-13 1.146e-11    2.105e-13      1.508e-23
    gene(@)gene              s500   8.209e-13 1.141e-11    2.097e-13      1.721e-23
