Gene		GRCP	GLCP
ENSG00000006837		1.517e-09	1.629e-09
ENSG00000011083		1.200e-08	1.515e-08
ENSG00000013561		2.599e-09	2.708e-09
ENSG00000015479		5.345e-09	6.122e-09
ENSG00000016082		5.826e-09	1.142e-08
ENSG00000019582		1.065e-08	1.074e-08
ENSG00000027847		6.455e-09	6.715e-09
ENSG00000028310		1.087e-08	1.276e-08
ENSG00000031003		5.222e-09	7.658e-09
ENSG00000035499		5.791e-09	5.933e-09
ENSG00000037241		1.040e-08	1.493e-08
ENSG00000037280		2.340e-09	3.005e-09
ENSG00000037474		5.310e-09	5.697e-09
ENSG00000037749		3.089e-09	6.473e-09
ENSG00000038274		1.041e-08	1.558e-08
ENSG00000038382		5.335e-09	5.448e-09
ENSG00000038427		1.042e-08	1.119e-08
ENSG00000039123		5.030e-09	5.721e-09
ENSG00000039139		9.656e-03	9.763e-03
ENSG00000039319		5.288e-09	6.599e-09
ENSG00000039537		7.084e-09	8.848e-09
ENSG00000039560		6.867e-10	8.464e-10
ENSG00000039600		5.878e-09	6.331e-09
ENSG00000040275		6.199e-09	9.197e-09
ENSG00000043143		5.651e-09	5.773e-09
ENSG00000043462		5.184e-09	5.185e-09
ENSG00000044115		1.043e-08	1.257e-08
ENSG00000047188		5.409e-09	7.450e-09
ENSG00000048140		5.347e-09	5.356e-09
ENSG00000048162		5.368e-09	5.563e-09
ENSG00000049167		3.434e-09	5.507e-09
ENSG00000049192		5.397e-09	5.567e-09
ENSG00000049656		7.411e-10	9.361e-10
ENSG00000049860		5.153e-09	5.534e-09
ENSG00000049883		6.697e-09	8.423e-09
ENSG00000050748		2.175e-09	2.344e-09
ENSG00000050767		3.809e-01	4.339e-01
ENSG00000051596		6.898e-09	7.427e-09
ENSG00000053108		3.262e-03	4.451e-03
ENSG00000055147		5.570e-10	5.976e-10
ENSG00000055163		5.051e-09	5.318e-09
ENSG00000056097		1.417e-09	2.163e-09
ENSG00000058729		5.335e-09	7.137e-09
ENSG00000061455		1.040e-08	1.057e-08
ENSG00000062194		1.079e-08	1.129e-08
ENSG00000063438		1.374e-09	1.671e-09
ENSG00000064651		9.601e-09	1.207e-08
ENSG00000064652		8.590e-09	1.066e-08
ENSG00000064692		8.313e-10	9.352e-10
ENSG00000066230		1.086e-08	1.178e-08
ENSG00000066583		5.391e-09	5.977e-09
ENSG00000067113		1.897e-10	2.093e-10
ENSG00000067248		5.237e-09	5.348e-09
ENSG00000068796		5.617e-09	5.887e-09
ENSG00000069011		5.223e-09	5.498e-09
ENSG00000069020		5.214e-09	5.819e-09
ENSG00000070193		5.109e-09	1.624e-08
ENSG00000070614		1.509e-10	1.579e-10
ENSG00000070808		4.786e-10	5.174e-10
ENSG00000070814		5.414e-09	5.471e-09
ENSG00000071539		1.248e-09	2.921e-09
ENSG00000072364		1.114e-08	1.361e-08
ENSG00000072571		8.458e-02	1.795e-01
ENSG00000072682		4.978e-09	1.023e-08
ENSG00000072786		4.376e-09	8.038e-09
ENSG00000072803		4.801e-09	1.316e-08
ENSG00000073578		5.800e-09	5.830e-09
ENSG00000074276		2.217e-09	2.732e-09
ENSG00000074317		6.267e-09	6.433e-09
ENSG00000078295		1.798e-04	1.798e-04
ENSG00000078795		3.293e-06	3.293e-06
ENSG00000079215		1.041e-08	1.344e-08
ENSG00000080709		5.229e-09	7.860e-09
ENSG00000081059		5.171e-09	5.984e-09
ENSG00000081189		7.361e-09	1.748e-08
ENSG00000081791		1.075e-08	1.672e-08
ENSG00000081818		1.043e-08	1.706e-08
ENSG00000081842		5.235e-09	6.054e-09
ENSG00000081853		5.540e-09	9.040e-09
ENSG00000082068		5.211e-09	5.211e-09
ENSG00000082074		1.013e-08	1.145e-08
ENSG00000082196		1.034e-08	1.915e-08
ENSG00000082213		1.049e-10	1.082e-10
ENSG00000082515		5.792e-09	9.201e-09
ENSG00000082516		5.203e-09	5.478e-09
ENSG00000083312		4.441e-09	7.334e-09
ENSG00000083720		6.663e-09	1.078e-08
ENSG00000085231		8.340e-09	1.129e-08
ENSG00000085365		5.320e-09	5.358e-09
ENSG00000086189		1.108e-08	1.456e-08
ENSG00000086200		5.254e-09	5.255e-09
ENSG00000086570		5.370e-09	5.431e-09
ENSG00000086589		5.195e-09	1.038e-08
ENSG00000087116		5.968e-09	6.031e-09
ENSG00000087206		8.498e-09	1.039e-08
ENSG00000091009		1.096e-08	1.339e-08
ENSG00000091010		1.041e-08	1.212e-08
ENSG00000092421		5.509e-09	6.919e-09
ENSG00000094755		5.218e-09	5.218e-09
ENSG00000094880		1.063e-08	1.108e-08
ENSG00000095015		5.221e-09	6.864e-09
ENSG00000112851		5.213e-09	5.214e-09
ENSG00000112852		6.772e-09	7.026e-09
ENSG00000112855		9.468e-09	1.056e-08
ENSG00000112874		3.841e-02	9.119e-02
ENSG00000112877		1.065e-08	1.071e-08
ENSG00000112893		5.238e-09	5.238e-09
ENSG00000112902		1.043e-08	1.301e-08
ENSG00000112936		5.345e-09	7.764e-09
ENSG00000112941		5.273e-09	5.273e-09
ENSG00000112964		6.034e-10	7.269e-10
ENSG00000112972		5.322e-09	5.607e-09
ENSG00000112977		6.127e-09	7.015e-09
ENSG00000112981		5.471e-09	9.227e-09
ENSG00000112983		6.240e-10	7.939e-10
ENSG00000112984		1.080e-08	1.112e-08
ENSG00000112992		9.720e-09	1.525e-08
ENSG00000112996		5.575e-09	6.938e-09
ENSG00000113013		1.104e-08	1.122e-08
ENSG00000113048		8.086e-09	1.004e-08
ENSG00000113068		8.721e-11	9.018e-11
ENSG00000113070		1.073e-08	1.141e-08
ENSG00000113073		3.109e-11	3.134e-11
ENSG00000113083		5.217e-09	5.382e-09
ENSG00000113088		1.041e-08	1.124e-08
ENSG00000113108		5.208e-09	5.482e-09
ENSG00000113119		1.043e-08	1.196e-08
ENSG00000113140		3.815e-11	3.842e-11
ENSG00000113141		3.300e-05	4.475e-05
ENSG00000113161		5.505e-09	6.317e-09
ENSG00000113163		3.199e-01	3.647e-01
ENSG00000113194		5.354e-09	6.071e-09
ENSG00000113205		1.041e-08	1.085e-08
ENSG00000113209		1.042e-08	1.087e-08
ENSG00000113211		1.036e-08	1.833e-08
ENSG00000113212		9.791e-09	1.208e-08
ENSG00000113231		1.505e-08	1.828e-08
ENSG00000113240		1.520e-08	1.765e-08
ENSG00000113248		6.248e-09	9.868e-09
ENSG00000113249		1.143e-08	1.293e-08
ENSG00000113262		3.872e-09	4.384e-09
ENSG00000113263		2.586e-09	2.951e-09
ENSG00000113269		5.375e-09	7.584e-09
ENSG00000113272		1.498e-10	1.547e-10
ENSG00000113273		5.338e-09	7.882e-09
ENSG00000113282		5.216e-09	5.656e-09
ENSG00000113296		2.404e-10	3.427e-10
ENSG00000113300		9.848e-10	1.269e-09
ENSG00000113302		5.959e-11	6.088e-11
ENSG00000113303		5.472e-09	8.002e-09
ENSG00000113312		4.472e-09	4.888e-09
ENSG00000113318		7.219e-01	7.219e-01
ENSG00000113319		2.002e-09	2.492e-09
ENSG00000113328		1.101e-08	1.244e-08
ENSG00000113356		1.065e-08	1.152e-08
ENSG00000113360		4.108e-10	6.059e-10
ENSG00000113361		1.061e-08	1.220e-08
ENSG00000113368		1.038e-08	1.940e-08
ENSG00000113369		4.925e-09	6.444e-09
ENSG00000113384		5.856e-09	5.907e-09
ENSG00000113387		7.248e-09	8.340e-09
ENSG00000113389		5.128e-09	5.508e-09
ENSG00000113391		3.959e-01	4.516e-01
ENSG00000113396		1.041e-08	1.228e-08
ENSG00000113407		6.002e-09	6.091e-09
ENSG00000113441		5.352e-09	5.352e-09
ENSG00000113448		5.947e-09	6.206e-09
ENSG00000113456		5.713e-11	6.122e-11
ENSG00000113460		5.625e-09	6.428e-09
ENSG00000113494		7.797e-01	8.217e-01
ENSG00000113504		5.033e-09	6.172e-09
ENSG00000113522		5.419e-09	5.610e-09
ENSG00000113532		3.026e-03	3.050e-03
ENSG00000113552		5.198e-09	1.046e-08
ENSG00000113555		4.553e-09	4.788e-09
ENSG00000113558		9.999e-01	9.999e-01
ENSG00000113569		5.587e-10	6.856e-10
ENSG00000113575		2.549e-09	2.888e-09
ENSG00000113578		8.439e-01	8.807e-01
ENSG00000113580		5.226e-09	5.226e-09
ENSG00000113583		6.041e-01	9.804e-01
ENSG00000113593		5.459e-09	6.385e-09
ENSG00000113594		7.140e-09	7.453e-09
ENSG00000113595		5.591e-09	7.697e-09
ENSG00000113597		7.397e-09	7.515e-09
ENSG00000113600		9.232e-01	9.741e-01
ENSG00000113615		1.691e-10	1.885e-10
ENSG00000113621		5.328e-09	5.386e-09
ENSG00000113638		2.526e-09	2.862e-09
ENSG00000113643		1.058e-08	1.198e-08
ENSG00000113645		5.395e-11	5.423e-11
ENSG00000113648		2.937e-09	3.091e-09
ENSG00000113649		5.258e-09	6.613e-09
ENSG00000113657		2.243e-03	2.931e-03
ENSG00000113658		1.515e-09	1.959e-09
ENSG00000113712		5.153e-09	9.148e-09
ENSG00000113716		1.039e-08	1.194e-08
ENSG00000113719		8.951e-09	1.139e-08
ENSG00000113721		6.156e-09	6.248e-09
ENSG00000113722		1.040e-08	1.057e-08
ENSG00000113732		1.042e-08	1.389e-08
ENSG00000113734		5.224e-09	5.334e-09
ENSG00000113739		5.353e-10	7.464e-10
ENSG00000113742		5.262e-09	5.525e-09
ENSG00000113749		1.041e-08	1.052e-08
ENSG00000113758		5.058e-09	5.169e-09
ENSG00000113761		2.308e-10	2.486e-10
ENSG00000113763		1.176e-08	1.294e-08
ENSG00000118322		8.997e-01	9.183e-01
ENSG00000118985		9.331e-01	9.868e-01
ENSG00000119048		3.829e-10	3.883e-10
ENSG00000120129		6.454e-09	7.163e-09
ENSG00000120137		1.007e-08	1.104e-08
ENSG00000120149		9.986e-01	9.986e-01
ENSG00000120306		5.213e-09	5.489e-09
ENSG00000120314		5.358e-09	5.361e-09
ENSG00000120318		5.105e-09	1.101e-08
ENSG00000120322		5.337e-09	6.759e-09
ENSG00000120324		1.042e-08	1.262e-08
ENSG00000120327		5.204e-09	5.313e-09
ENSG00000120328		5.401e-09	5.573e-09
ENSG00000120329		1.072e-08	1.265e-08
ENSG00000120705		1.042e-08	1.334e-08
ENSG00000120708		3.850e-09	3.960e-09
ENSG00000120709		1.043e-08	1.158e-08
ENSG00000120725		6.819e-11	6.990e-11
ENSG00000120727		1.551e-01	1.551e-01
ENSG00000120729		1.053e-08	1.075e-08
ENSG00000120733		1.188e-08	1.596e-08
ENSG00000120738		1.139e-08	1.255e-08
ENSG00000122008		1.270e-09	1.816e-09
ENSG00000122012		5.182e-09	1.127e-08
ENSG00000122203		5.238e-09	5.462e-09
ENSG00000123213		4.853e-10	6.969e-10
ENSG00000123219		8.057e-09	8.676e-09
ENSG00000123643		1.029e-08	1.175e-08
ENSG00000124275		5.947e-09	6.295e-09
ENSG00000124279		5.205e-09	7.241e-09
ENSG00000125347		5.121e-09	1.914e-08
ENSG00000127022		1.735e-03	6.258e-03
ENSG00000127184		5.491e-09	1.176e-08
ENSG00000127743		3.713e-09	5.954e-09
ENSG00000129595		5.251e-09	5.744e-09
ENSG00000129596		5.236e-09	9.286e-09
ENSG00000129625		3.642e-05	5.069e-05
ENSG00000130449		5.383e-09	5.610e-09
ENSG00000131187		5.222e-09	5.222e-09
ENSG00000131188		5.735e-11	5.828e-11
ENSG00000131435		5.090e-09	6.949e-09
ENSG00000131437		2.256e-09	3.087e-09
ENSG00000131446		7.813e-09	9.392e-09
ENSG00000131459		5.133e-09	5.839e-09
ENSG00000131495		1.477e-09	2.076e-09
ENSG00000131503		9.796e-09	9.851e-09
ENSG00000131504		5.614e-09	6.747e-09
ENSG00000131507		8.316e-01	8.316e-01
ENSG00000131508		5.826e-09	6.217e-09
ENSG00000131711		6.784e-09	6.997e-09
ENSG00000131730		1.055e-08	1.215e-08
ENSG00000131732		5.350e-09	6.434e-09
ENSG00000131844		4.644e-09	5.260e-09
ENSG00000132356		5.173e-09	6.314e-09
ENSG00000132357		5.269e-09	5.638e-09
ENSG00000132563		8.558e-09	1.079e-08
ENSG00000132570		5.242e-09	5.243e-09
ENSG00000132837		5.228e-09	5.997e-09
ENSG00000132840		5.268e-09	7.594e-09
ENSG00000132842		1.081e-08	1.098e-08
ENSG00000132846		1.181e-08	1.350e-08
ENSG00000132911		9.903e-09	1.118e-08
ENSG00000132912		6.085e-09	6.527e-09
ENSG00000133302		4.543e-09	9.220e-09
ENSG00000133398		5.043e-09	5.624e-09
ENSG00000133401		3.226e-09	4.356e-09
ENSG00000133706		5.060e-09	5.061e-09
ENSG00000133710		5.209e-09	8.277e-09
ENSG00000133835		1.553e-09	1.747e-09
ENSG00000134056		1.252e-09	1.256e-09
ENSG00000134057		5.380e-09	5.900e-09
ENSG00000134058		5.831e-09	6.102e-09
ENSG00000134061		5.197e-09	5.581e-09
ENSG00000134352		5.209e-09	5.209e-09
ENSG00000134363		2.967e-09	5.135e-09
ENSG00000134480		5.197e-09	7.989e-09
ENSG00000134516		7.394e-09	7.748e-09
ENSG00000134970		9.826e-09	1.182e-08
ENSG00000134982		6.064e-09	6.164e-09
ENSG00000134986		8.091e-03	8.668e-03
ENSG00000134987		5.720e-09	6.819e-09
ENSG00000135074		6.775e-11	7.046e-11
ENSG00000135077		9.881e-09	1.352e-08
ENSG00000135083		5.521e-09	6.246e-09
ENSG00000138829		1.221e-08	1.267e-08
ENSG00000142319		1.135e-10	1.294e-10
ENSG00000145491		9.663e-10	1.135e-09
ENSG00000145494		5.212e-09	5.212e-09
ENSG00000145495		6.081e-09	6.718e-09
ENSG00000145506		4.236e-03	5.645e-03
ENSG00000145536		4.149e-10	6.432e-10
ENSG00000145545		2.100e-09	2.876e-09
ENSG00000145555		1.170e-08	1.397e-08
ENSG00000145569		9.997e-01	1.000e+00
ENSG00000145592		9.883e-09	1.045e-08
ENSG00000145604		5.200e-09	5.911e-09
ENSG00000145623		4.445e-09	6.087e-09
ENSG00000145632		2.170e-02	2.298e-02
ENSG00000145649		5.898e-09	6.004e-09
ENSG00000145675		5.206e-09	5.317e-09
ENSG00000145685		5.213e-09	5.651e-09
ENSG00000145687		5.331e-09	5.825e-09
ENSG00000145692		7.612e-09	7.693e-09
ENSG00000145700		4.451e-09	6.538e-09
ENSG00000145703		5.217e-09	9.658e-09
ENSG00000145708		5.441e-09	7.453e-09
ENSG00000145715		7.914e-01	8.755e-01
ENSG00000145721		7.786e-09	9.438e-09
ENSG00000145723		2.422e-01	2.816e-01
ENSG00000145725		1.560e-08	1.886e-08
ENSG00000145730		9.926e-01	9.999e-01
ENSG00000145734		6.391e-10	6.391e-10
ENSG00000145736		5.327e-09	6.867e-09
ENSG00000145740		1.347e-09	1.362e-09
ENSG00000145741		1.044e-08	1.383e-08
ENSG00000145743		1.066e-08	1.110e-08
ENSG00000145757		9.918e-09	1.131e-08
ENSG00000145777		7.142e-09	8.480e-09
ENSG00000145779		5.032e-09	9.810e-09
ENSG00000145780		3.155e-11	3.214e-11
ENSG00000145781		5.213e-09	5.213e-09
ENSG00000145782		2.692e-01	3.117e-01
ENSG00000145794		5.238e-09	5.512e-09
ENSG00000145817		6.968e-09	1.021e-08
ENSG00000145819		6.197e-09	6.286e-09
ENSG00000145824		3.772e-11	3.772e-11
ENSG00000145833		5.170e-09	5.388e-09
ENSG00000145850		1.714e-09	1.909e-09
ENSG00000145860		1.082e-08	1.322e-08
ENSG00000145861		1.042e-08	1.119e-08
ENSG00000145864		5.223e-09	5.938e-09
ENSG00000145868		5.305e-10	7.408e-10
ENSG00000145882		1.626e-01	2.158e-01
ENSG00000145901		5.373e-09	5.819e-09
ENSG00000145907		5.222e-09	1.086e-08
ENSG00000145908		5.397e-09	5.563e-09
ENSG00000145911		5.697e-09	5.863e-09
ENSG00000145912		1.058e-08	1.323e-08
ENSG00000145916		9.723e-01	9.784e-01
ENSG00000145919		5.520e-09	5.595e-09
ENSG00000145920		5.198e-09	6.679e-09
ENSG00000145934		9.945e-01	1.000e+00
ENSG00000145936		8.844e-01	9.022e-01
ENSG00000146001		5.559e-09	8.415e-09
ENSG00000146005		8.395e-09	1.163e-08
ENSG00000146006		2.830e-01	5.772e-01
ENSG00000146007		1.193e-10	1.310e-10
ENSG00000146013		5.374e-09	5.871e-09
ENSG00000146021		5.191e-09	5.621e-09
ENSG00000146054		1.315e-08	1.473e-08
ENSG00000146063		1.958e-10	2.472e-10
ENSG00000146066		5.571e-09	5.957e-09
ENSG00000146067		1.043e-08	1.043e-08
ENSG00000146083		1.554e-10	1.743e-10
ENSG00000146090		4.941e-09	5.202e-09
ENSG00000146094		9.554e-10	1.035e-09
ENSG00000150712		6.184e-09	7.115e-09
ENSG00000150753		1.042e-08	1.359e-08
ENSG00000150756		4.973e-02	5.996e-02
ENSG00000151292		9.727e-09	1.316e-08
ENSG00000151304		8.279e-10	1.431e-09
ENSG00000151388		4.260e-09	4.652e-09
ENSG00000151422		5.354e-09	5.578e-09
ENSG00000151876		5.362e-09	6.301e-09
ENSG00000151881		5.204e-09	5.971e-09
ENSG00000151882		5.360e-09	5.459e-09
ENSG00000151883		3.625e-11	3.676e-11
ENSG00000152348		5.408e-09	6.109e-09
ENSG00000152359		6.879e-09	7.296e-09
ENSG00000152377		8.294e-11	8.896e-11
ENSG00000152380		5.228e-09	5.404e-09
ENSG00000152409		5.207e-09	7.558e-09
ENSG00000152413		3.263e-09	3.705e-09
ENSG00000152422		1.064e-08	1.128e-08
ENSG00000152495		2.068e-02	3.696e-02
ENSG00000152503		1.041e-08	1.129e-08
ENSG00000152582		5.224e-09	5.664e-09
ENSG00000152611		7.560e-09	8.463e-09
ENSG00000152620		5.215e-09	6.964e-09
ENSG00000152669		1.011e-08	1.387e-08
ENSG00000152684		5.218e-09	5.603e-09
ENSG00000152700		1.045e-08	1.156e-08
ENSG00000152705		1.432e-10	1.523e-10
ENSG00000152931		7.147e-01	7.840e-01
ENSG00000152932		1.425e-09	1.484e-09
ENSG00000152939		6.865e-10	7.950e-10
ENSG00000152942		4.984e-09	7.364e-09
ENSG00000153006		9.977e-01	9.996e-01
ENSG00000153015		7.866e-09	9.257e-09
ENSG00000153037		9.829e-11	1.051e-10
ENSG00000153044		5.254e-09	5.527e-09
ENSG00000153071		4.451e-09	5.154e-09
ENSG00000153113		6.645e-09	7.645e-09
ENSG00000153140		4.248e-10	5.368e-10
ENSG00000153347		5.418e-09	5.866e-09
ENSG00000153395		9.213e-09	1.251e-08
ENSG00000153404		5.158e-09	9.276e-09
ENSG00000153914		5.362e-09	6.216e-09
ENSG00000153922		5.175e-09	6.270e-09
ENSG00000154122		5.362e-09	5.600e-09
ENSG00000154124		1.076e-08	1.110e-08
ENSG00000154153		8.516e-01	9.835e-01
ENSG00000155324		1.085e-08	1.122e-08
ENSG00000155329		5.745e-11	5.933e-11
ENSG00000155506		5.115e-09	6.273e-09
ENSG00000155508		5.171e-09	1.299e-08
ENSG00000155511		7.560e-01	9.592e-01
ENSG00000155542		1.290e-08	1.312e-08
ENSG00000155545		4.255e-10	4.294e-10
ENSG00000155846		8.928e-09	9.412e-09
ENSG00000155850		4.712e-09	5.899e-09
ENSG00000155858		3.635e-10	6.209e-10
ENSG00000155868		1.042e-08	1.245e-08
ENSG00000156427		5.448e-09	5.483e-09
ENSG00000156453		5.225e-09	5.225e-09
ENSG00000156463		1.041e-08	1.118e-08
ENSG00000156475		1.343e-10	2.046e-10
ENSG00000157107		8.710e-09	9.313e-09
ENSG00000157111		8.121e-01	8.121e-01
ENSG00000157510		5.240e-09	5.357e-09
ENSG00000158402		8.937e-09	8.994e-09
ENSG00000158458		5.477e-09	6.065e-09
ENSG00000158985		5.183e-09	8.465e-09
ENSG00000158987		4.938e-09	6.503e-09
ENSG00000160867		5.296e-09	6.068e-09
ENSG00000160883		5.213e-09	6.204e-09
ENSG00000161010		9.738e-09	2.219e-08
ENSG00000161011		6.575e-09	1.579e-08
ENSG00000161013		5.715e-09	5.985e-09
ENSG00000161021		7.841e-09	9.722e-09
ENSG00000161055		5.249e-09	6.759e-09
ENSG00000164151		5.246e-09	5.246e-09
ENSG00000164171		5.942e-09	8.453e-09
ENSG00000164172		9.424e-02	9.628e-02
ENSG00000164175		1.110e-08	1.295e-08
ENSG00000164176		1.041e-08	1.102e-08
ENSG00000164180		7.103e-09	7.524e-09
ENSG00000164181		9.574e-01	9.964e-01
ENSG00000164182		6.962e-10	7.507e-10
ENSG00000164185		8.513e-09	8.895e-09
ENSG00000164187		1.041e-08	1.278e-08
ENSG00000164188		1.058e-08	1.302e-08
ENSG00000164190		5.437e-09	6.263e-09
ENSG00000164197		5.481e-09	6.552e-09
ENSG00000164199		5.340e-09	5.342e-09
ENSG00000164209		1.042e-08	1.526e-08
ENSG00000164211		5.448e-09	9.378e-09
ENSG00000164219		5.509e-03	5.569e-03
ENSG00000164220		1.053e-08	1.584e-08
ENSG00000164221		5.235e-09	5.402e-09
ENSG00000164236		6.720e-09	8.146e-09
ENSG00000164237		1.612e-03	1.612e-03
ENSG00000164241		1.138e-02	1.431e-02
ENSG00000164244		9.854e-01	9.979e-01
ENSG00000164251		2.281e-10	2.281e-10
ENSG00000164252		1.114e-08	1.133e-08
ENSG00000164253		1.034e-08	1.546e-08
ENSG00000164258		7.204e-10	8.586e-10
ENSG00000164265		1.125e-10	1.137e-10
ENSG00000164266		8.877e-09	9.530e-09
ENSG00000164283		1.040e-08	1.200e-08
ENSG00000164284		1.051e-08	1.161e-08
ENSG00000164291		1.042e-08	1.532e-08
ENSG00000164292		9.996e-01	9.996e-01
ENSG00000164294		1.149e-08	1.303e-08
ENSG00000164296		3.956e-11	4.119e-11
ENSG00000164300		5.490e-09	7.213e-09
ENSG00000164307		5.296e-09	7.591e-09
ENSG00000164308		5.181e-09	7.259e-09
ENSG00000164309		8.242e-01	9.951e-01
ENSG00000164318		1.700e-09	2.660e-09
ENSG00000164325		7.475e-09	9.322e-09
ENSG00000164326		5.430e-09	7.108e-09
ENSG00000164327		1.333e-08	1.646e-08
ENSG00000164329		5.522e-11	5.886e-11
ENSG00000164330		5.440e-09	5.502e-09
ENSG00000164331		8.459e-01	8.494e-01
ENSG00000164332		1.056e-08	1.163e-08
ENSG00000164334		7.382e-09	8.267e-09
ENSG00000164338		1.060e-08	1.397e-08
ENSG00000164346		5.830e-09	7.424e-09
ENSG00000164347		7.946e-09	9.828e-09
ENSG00000164366		4.363e-09	5.441e-09
ENSG00000164398		5.525e-09	9.999e-09
ENSG00000164402		1.243e-09	1.343e-09
ENSG00000164403		6.631e-10	6.701e-10
ENSG00000164404		6.181e-09	6.887e-09
ENSG00000164405		1.196e-08	1.719e-08
ENSG00000164406		8.541e-09	9.066e-09
ENSG00000164463		2.831e-11	2.874e-11
ENSG00000164466		8.300e-09	8.944e-09
ENSG00000164512		1.019e-08	2.928e-08
ENSG00000164574		8.156e-09	1.252e-08
ENSG00000164576		2.230e-09	2.278e-09
ENSG00000164587		1.191e-09	1.302e-09
ENSG00000164591		7.062e-01	7.062e-01
ENSG00000164609		6.974e-10	7.230e-10
ENSG00000164611		1.058e-08	1.103e-08
ENSG00000164615		1.257e-09	1.360e-09
ENSG00000164616		5.949e-09	7.203e-09
ENSG00000164620		1.218e-10	1.270e-10
ENSG00000164902		1.054e-08	1.137e-08
ENSG00000164904		7.097e-10	8.422e-10
ENSG00000165671		1.971e-09	2.812e-09
ENSG00000165810		1.225e-08	1.311e-08
ENSG00000168246		1.073e-09	1.510e-09
ENSG00000168685		1.042e-08	1.113e-08
ENSG00000168724		4.865e-09	5.019e-09
ENSG00000168903		5.566e-09	6.418e-09
ENSG00000168916		4.612e-09	5.175e-09
ENSG00000168938		5.499e-09	5.512e-09
ENSG00000168944		5.390e-09	7.757e-09
ENSG00000169045		4.941e-09	5.564e-09
ENSG00000169131		5.325e-09	5.331e-09
ENSG00000169220		5.524e-09	5.634e-09
ENSG00000169223		7.180e-10	8.252e-10
ENSG00000169228		2.183e-09	2.184e-09
ENSG00000169230		4.605e-11	4.605e-11
ENSG00000169247		5.371e-09	8.578e-09
ENSG00000169252		6.097e-09	6.397e-09
ENSG00000169258		6.260e-09	6.371e-09
ENSG00000169271		1.041e-08	1.090e-08
ENSG00000169302		9.615e-09	1.081e-08
ENSG00000169567		1.839e-10	1.855e-10
ENSG00000169570		1.056e-08	1.638e-08
ENSG00000169777		1.163e-08	1.467e-08
ENSG00000169862		1.299e-08	1.561e-08
ENSG00000170074		8.394e-11	8.394e-11
ENSG00000170085		2.490e-09	4.025e-09
ENSG00000170089		5.215e-09	5.435e-09
ENSG00000170091		5.321e-09	8.251e-09
ENSG00000170214		1.082e-08	1.158e-08
ENSG00000170231		1.108e-09	1.431e-09
ENSG00000170234		9.300e-01	9.550e-01
ENSG00000170271		8.476e-09	9.847e-09
ENSG00000170445		5.276e-09	5.874e-09
ENSG00000170458		7.957e-09	1.023e-08
ENSG00000170464		5.256e-09	5.594e-09
ENSG00000170469		1.060e-08	1.225e-08
ENSG00000170476		5.218e-09	6.370e-09
ENSG00000170482		1.275e-10	1.286e-10
ENSG00000170549		5.748e-09	5.753e-09
ENSG00000170561		1.005e-08	1.182e-08
ENSG00000170571		5.401e-09	9.322e-09
ENSG00000170584		2.762e-09	4.472e-09
ENSG00000170606		1.207e-08	1.368e-08
ENSG00000170624		1.043e-08	1.412e-08
ENSG00000171368		7.272e-09	1.015e-08
ENSG00000171421		4.085e-09	6.572e-09
ENSG00000171444		5.333e-09	7.094e-09
ENSG00000171522		1.052e-08	1.301e-08
ENSG00000171530		3.961e-09	4.295e-09
ENSG00000171604		1.024e-08	1.351e-08
ENSG00000171617		5.238e-09	6.975e-09
ENSG00000171643		4.789e-09	7.682e-09
ENSG00000171720		5.148e-09	7.317e-09
ENSG00000171992		1.110e-08	1.424e-08
ENSG00000172058		5.222e-09	5.276e-09
ENSG00000172062		5.130e-10	6.863e-10
ENSG00000172239		5.198e-09	6.612e-09
ENSG00000172244		6.482e-09	6.551e-09
ENSG00000172262		9.481e-09	1.233e-08
ENSG00000172548		5.394e-09	6.052e-09
ENSG00000172568		1.196e-08	1.334e-08
ENSG00000172795		1.526e-10	1.724e-10
ENSG00000172869		1.059e-08	1.154e-08
ENSG00000172901		6.020e-09	6.335e-09
ENSG00000173210		2.068e-09	7.096e-09
ENSG00000173221		4.840e-10	4.906e-10
ENSG00000173261		8.951e-01	8.953e-01
ENSG00000173545		5.683e-09	6.638e-09
ENSG00000173926		5.405e-09	5.575e-09
ENSG00000173930		1.023e-08	1.727e-08
ENSG00000174132		5.191e-09	5.465e-09
ENSG00000174136		2.885e-03	3.671e-03
ENSG00000174695		5.656e-09	5.922e-09
ENSG00000174705		1.042e-08	1.042e-08
ENSG00000175309		5.954e-09	6.810e-09
ENSG00000175414		5.215e-09	6.809e-09
ENSG00000175416		1.162e-08	1.267e-08
ENSG00000175426		8.673e-01	8.673e-01
ENSG00000175449		8.854e-09	1.025e-08
ENSG00000175471		1.520e-10	1.650e-10
ENSG00000175745		4.917e-05	1.260e-04
ENSG00000175749		1.146e-08	1.312e-08
ENSG00000175857		5.803e-09	6.179e-09
ENSG00000176018		9.517e-01	9.616e-01
ENSG00000176049		5.216e-09	6.415e-09
ENSG00000176055		5.247e-09	5.301e-09
ENSG00000176087		5.203e-09	6.027e-09
ENSG00000176783		6.980e-01	7.203e-01
ENSG00000176788		6.536e-09	7.853e-09
ENSG00000176857		5.220e-09	7.074e-09
ENSG00000176928		5.214e-09	5.214e-09
ENSG00000177034		8.427e-11	9.023e-11
ENSG00000177058		8.576e-09	1.203e-08
ENSG00000177453		5.245e-09	5.248e-09
ENSG00000177556		3.695e-09	4.500e-09
ENSG00000177721		2.162e-09	3.322e-09
ENSG00000177733		3.966e-10	7.439e-10
ENSG00000177738		9.002e-09	1.818e-08
ENSG00000177839		5.195e-09	8.161e-09
ENSG00000177879		1.064e-08	1.803e-08
ENSG00000177932		1.442e-08	1.499e-08
ENSG00000178015		2.129e-09	2.924e-09
ENSG00000178175		1.046e-09	1.671e-09
ENSG00000178187		6.685e-09	6.953e-09
ENSG00000178338		3.769e-10	4.030e-10
ENSG00000178722		5.115e-09	5.649e-09
ENSG00000178776		5.253e-09	5.424e-09
ENSG00000178913		6.822e-09	7.131e-09
ENSG00000178996		2.352e-09	4.260e-09
ENSG00000180104		5.251e-09	5.252e-09
ENSG00000181104		3.751e-04	9.967e-04
ENSG00000181163		1.052e-08	1.152e-08
ENSG00000181751		2.611e-09	5.744e-09
ENSG00000181904		5.229e-09	5.229e-09
ENSG00000182132		2.369e-09	3.307e-09
ENSG00000182230		9.187e-10	9.279e-10
ENSG00000182578		1.679e-10	1.679e-10
ENSG00000182700		3.314e-09	5.585e-09
ENSG00000182836		3.816e-10	3.816e-10
ENSG00000183072		5.242e-11	5.325e-11
ENSG00000183111		5.225e-09	6.927e-09
ENSG00000183258		5.510e-09	6.061e-09
ENSG00000183323		1.227e-09	1.445e-09
ENSG00000183474		5.784e-09	6.716e-09
ENSG00000183580		1.238e-10	1.254e-10
ENSG00000183666		5.455e-09	6.162e-09
ENSG00000183718		2.538e-09	2.664e-09
ENSG00000183775		1.041e-08	1.151e-08
ENSG00000183876		1.320e-01	1.728e-01
ENSG00000184347		4.554e-09	4.576e-09
ENSG00000184349		2.131e-10	3.626e-10
ENSG00000184584		5.584e-09	5.860e-09
ENSG00000184838		8.282e-02	1.122e-01
ENSG00000184840		5.595e-10	7.208e-10
ENSG00000184845		6.914e-09	7.078e-09
ENSG00000185056		7.696e-09	7.845e-09
ENSG00000185129		1.042e-08	1.458e-08
ENSG00000185261		8.856e-09	1.139e-08
ENSG00000185305		4.369e-09	1.230e-08
ENSG00000185372		1.056e-08	1.085e-08
ENSG00000185641		3.410e-09	7.002e-09
ENSG00000185986		1.057e-08	1.487e-08
ENSG00000186105		5.302e-09	6.865e-09
ENSG00000186314		5.430e-09	6.520e-09
ENSG00000186468		1.226e-08	1.301e-08
ENSG00000186479		1.040e-08	1.277e-08
ENSG00000186493		9.557e-01	9.557e-01
ENSG00000186687		5.181e-09	6.105e-09
ENSG00000186952		1.022e-08	1.342e-08
ENSG00000187372		5.863e-09	7.921e-09
ENSG00000187678		7.577e-09	9.008e-09
ENSG00000188002		3.210e-01	3.327e-01
ENSG00000188242		9.036e-09	1.424e-08
ENSG00000188573		5.330e-09	5.393e-09
ENSG00000188725		5.422e-09	5.807e-09
ENSG00000188818		5.243e-09	1.120e-08
ENSG00000189045		1.055e-08	1.265e-08
ENSG00000196670		9.152e-09	1.145e-08
ENSG00000196743		4.757e-09	5.074e-09
ENSG00000196923		6.814e-09	7.684e-09
ENSG00000197043		3.722e-09	4.463e-09
ENSG00000197083		2.902e-10	3.048e-10
ENSG00000197208		3.124e-09	9.989e-09
ENSG00000197226		5.129e-09	5.510e-09
ENSG00000197375		8.606e-09	1.893e-08
ENSG00000197451		5.537e-09	6.653e-09
ENSG00000197479		2.533e-10	2.839e-10
ENSG00000197536		3.913e-09	4.201e-09
ENSG00000197603		9.332e-02	1.693e-01
ENSG00000197744		1.041e-08	1.300e-08
ENSG00000197822		5.255e-09	5.257e-09
ENSG00000197860		6.380e-09	7.813e-09
ENSG00000197948		5.174e-09	5.717e-09
ENSG00000198055		1.088e-08	1.179e-08
ENSG00000198108		5.124e-09	7.544e-09
ENSG00000198237		9.531e-09	1.316e-08
ENSG00000198624		1.063e-08	1.099e-08
ENSG00000198677		2.092e-09	2.247e-09
ENSG00000198780		6.018e-09	6.788e-09
ENSG00000198865		5.710e-09	1.067e-08
ENSG00000198868		1.035e-08	1.096e-08
ENSG00000198939		4.822e-09	6.344e-09
ENSG00000198944		5.219e-09	7.610e-09
ENSG00000198961		5.204e-09	5.261e-09
ENSG00000202533		5.063e-09	6.705e-09
ENSG00000204628		5.338e-09	5.374e-09
ENSG00000204659		1.069e-08	1.169e-08
ENSG00000204677		6.595e-09	6.631e-09
ENSG00000204758		5.486e-09	7.237e-09
ENSG00000204764		1.025e-08	1.102e-08
ENSG00000204767		1.072e-10	1.082e-10
ENSG00000204928		5.185e-09	5.293e-09
ENSG00000204956		8.503e-11	1.061e-10
ENSG00000204962		5.465e-09	5.494e-09
ENSG00000204963		5.092e-09	8.859e-09
ENSG00000204965		1.001e-08	1.030e-08
ENSG00000204967		5.031e-09	5.084e-09
ENSG00000204969		1.202e-09	1.214e-09
ENSG00000204970		5.152e-09	7.875e-09
ENSG00000205089		5.098e-09	1.013e-08
ENSG00000205302		5.164e-09	7.573e-09
ENSG00000205464		1.140e-08	1.141e-08
ENSG00000205572		5.365e-09	9.063e-09
ENSG00000205765		3.824e-10	4.900e-10
ENSG00000205838		5.224e-09	6.271e-09
ENSG00000206077		4.983e-09	7.323e-09
ENSG00000207129		5.591e-09	5.840e-09
ENSG00000211445		5.689e-09	5.860e-09
ENSG00000212643		6.951e-03	6.951e-03
ENSG00000213328		2.070e-10	2.450e-10
ENSG00000213347		9.493e-09	1.026e-08
ENSG00000213430		1.041e-08	1.113e-08
ENSG00000213433		3.494e-01	6.016e-01
ENSG00000213523		4.176e-02	4.423e-02
ENSG00000213585		1.042e-08	1.311e-08
ENSG00000213757		3.200e-09	3.299e-09
ENSG00000213763		3.569e-10	4.559e-10
ENSG00000213830		9.210e-10	9.685e-10
ENSG00000213891		5.170e-09	5.718e-09
ENSG00000213949		2.934e-03	3.061e-03
ENSG00000214357		4.039e-09	4.271e-09
ENSG00000214485		5.208e-09	5.469e-09
ENSG00000214510		2.021e-02	1.824e-01
ENSG00000214784		1.339e-10	1.390e-10
ENSG00000214944		1.052e-08	1.599e-08
ENSG00000215006		4.608e-09	6.130e-09
ENSG00000215068		4.906e-09	6.772e-09
ENSG00000215156		5.194e-09	5.962e-09
ENSG00000215158		5.159e-09	8.413e-09
ENSG00000215196		8.846e-09	1.027e-08
ENSG00000215217		1.043e-08	1.509e-08
ENSG00000215218		1.042e-08	1.092e-08
ENSG00000215246		5.074e-09	1.122e-08
ENSG00000215325		5.240e-09	5.294e-09
ENSG00000215630		4.865e-09	1.279e-08
ENSG00000217128		3.844e-10	4.357e-10
ENSG00000218227		5.148e-09	5.674e-09
ENSG00000221886		5.986e-11	7.314e-11
ENSG00000221990		1.214e-08	1.240e-08
ENSG00000222448		6.362e-09	7.358e-09
ENSG00000223361		5.413e-09	6.676e-09
ENSG00000223652		9.134e-09	1.339e-08
ENSG00000224032		5.953e-09	6.024e-09
ENSG00000224186		9.853e-01	1.000e+00
ENSG00000224431		1.013e-08	1.846e-08
ENSG00000224993		5.954e-09	7.007e-09
ENSG00000225051		1.044e-08	1.049e-08
ENSG00000225138		6.910e-09	7.692e-09
ENSG00000225940		1.544e-10	1.858e-10
ENSG00000226040		1.489e-02	4.614e-02
ENSG00000226221		5.884e-09	1.118e-08
ENSG00000226306		6.410e-09	7.524e-09
ENSG00000226432		1.057e-08	1.156e-08
ENSG00000227908		5.210e-09	6.972e-09
ENSG00000228212		5.955e-09	6.081e-09
ENSG00000228650		7.846e-09	1.157e-08
ENSG00000228672		5.572e-09	6.737e-09
ENSG00000228716		6.865e-10	9.046e-10
ENSG00000228737		5.099e-09	5.690e-09
ENSG00000229119		8.844e-09	9.675e-09
ENSG00000229666		9.459e-01	9.553e-01
ENSG00000230561		5.214e-09	5.214e-09
ENSG00000230612		5.415e-09	1.129e-08
ENSG00000230847		5.223e-09	5.224e-09
ENSG00000231185		5.326e-09	6.318e-09
ENSG00000232517		5.254e-09	5.255e-09
ENSG00000232578		1.389e-10	1.548e-10
ENSG00000232615		8.744e-01	9.851e-01
ENSG00000233006		1.064e-08	1.731e-08
ENSG00000233913		4.698e-09	5.193e-09
ENSG00000233937		5.132e-09	5.242e-09
ENSG00000233974		5.091e-09	5.738e-09
ENSG00000234284		4.860e-10	5.635e-10
ENSG00000234290		4.469e-10	5.541e-10
ENSG00000234292		6.417e-10	7.591e-10
ENSG00000234511		4.622e-09	5.250e-09
ENSG00000234553		5.093e-09	1.302e-08
ENSG00000234602		1.386e-09	1.386e-09
ENSG00000235172		7.745e-09	9.655e-09
ENSG00000235253		9.145e-09	1.056e-08
ENSG00000235558		8.475e-09	1.382e-08
ENSG00000236714		5.430e-09	5.545e-09
ENSG00000236882		5.186e-09	5.624e-09
ENSG00000237187		5.407e-09	5.448e-09
ENSG00000237190		7.904e-01	8.085e-01
ENSG00000237693		1.195e-08	1.237e-08
ENSG00000238000		5.887e-09	1.982e-08
ENSG00000238035		5.491e-09	6.099e-09
ENSG00000238363		2.956e-09	5.010e-09
ENSG00000239389		3.928e-10	4.046e-10
ENSG00000239528		1.281e-03	1.300e-03
ENSG00000239642		7.326e-09	1.582e-08
ENSG00000240184		6.142e-02	7.717e-02
ENSG00000240376		5.300e-09	6.464e-09
ENSG00000240729		1.204e-08	1.620e-08
ENSG00000240764		5.139e-09	5.247e-09
ENSG00000241112		5.224e-09	6.867e-09
ENSG00000241809		1.000e+00	1.000e+00
ENSG00000241907		6.719e-09	8.351e-09
ENSG00000242110		5.967e-01	6.620e-01
ENSG00000242198		1.052e-08	1.135e-08
ENSG00000242419		5.380e-09	5.656e-09
ENSG00000242477		5.357e-09	6.731e-09
ENSG00000242814		6.074e-09	7.048e-09
ENSG00000243056		5.296e-09	5.523e-09
ENSG00000243232		5.178e-09	5.779e-09
ENSG00000243304		1.042e-08	1.075e-08
ENSG00000243414		4.650e-09	6.056e-09
ENSG00000243859		5.331e-09	1.021e-08
ENSG00000244061		6.211e-09	8.911e-09
ENSG00000244073		5.702e-09	6.441e-09
ENSG00000244245		5.215e-09	5.215e-09
ENSG00000244363		5.219e-09	5.384e-09
ENSG00000244921		8.941e-11	9.401e-11
ENSG00000244945		7.837e-09	1.014e-08
ENSG00000244968		5.361e-09	5.723e-09
ENSG00000245060		2.316e-09	2.792e-09
ENSG00000245146		5.735e-01	7.095e-01
ENSG00000245275		5.637e-09	7.289e-09
ENSG00000245317		7.270e-09	1.269e-08
ENSG00000245556		5.182e-09	5.453e-09
ENSG00000245688		4.391e-09	5.718e-09
ENSG00000245711		1.081e-08	1.299e-08
ENSG00000245812		5.499e-09	5.786e-09
ENSG00000245937		5.113e-09	7.590e-09
ENSG00000246214		1.039e-08	1.220e-08
ENSG00000246323		5.225e-09	5.280e-09
ENSG00000246334		9.029e-09	1.026e-08
ENSG00000246422		1.066e-08	1.152e-08
ENSG00000246596		3.498e-10	3.575e-10
ENSG00000246763		5.208e-09	9.097e-09
ENSG00000246859		5.815e-10	1.147e-09
ENSG00000247049		1.068e-08	1.074e-08
ENSG00000247121		5.248e-09	5.577e-09
ENSG00000247199		9.999e-01	9.999e-01
ENSG00000247311		6.621e-09	7.697e-09
ENSG00000247516		6.743e-09	9.240e-09
ENSG00000247572		7.436e-09	1.334e-08
ENSG00000247627		5.208e-09	5.208e-09
ENSG00000247679		5.553e-09	5.577e-09
ENSG00000247796		1.042e-08	1.114e-08
ENSG00000247828		5.668e-09	7.303e-09
ENSG00000248092		1.985e-10	2.399e-10
ENSG00000248103		5.217e-09	6.423e-09
ENSG00000248126		2.347e-09	2.813e-09
ENSG00000248222		7.127e-03	7.931e-03
ENSG00000248240		8.135e-09	9.582e-09
ENSG00000248275		5.834e-01	7.018e-01
ENSG00000248309		7.574e-09	1.543e-08
ENSG00000248323		1.042e-08	1.165e-08
ENSG00000248367		5.245e-09	5.247e-09
ENSG00000248383		5.330e-09	6.671e-09
ENSG00000248445		7.602e-01	8.679e-01
ENSG00000248449		1.043e-08	1.142e-08
ENSG00000248464		4.811e-09	1.417e-08
ENSG00000248469		3.483e-10	3.738e-10
ENSG00000248483		7.000e-09	7.146e-09
ENSG00000248489		7.604e-09	1.007e-08
ENSG00000248514		7.226e-09	7.882e-09
ENSG00000248544		5.269e-09	5.435e-09
ENSG00000248554		5.205e-09	6.143e-09
ENSG00000248559		1.056e-08	1.096e-08
ENSG00000248560		5.196e-09	5.207e-09
ENSG00000248569		5.765e-09	6.559e-09
ENSG00000248596		1.042e-08	1.080e-08
ENSG00000248610		2.893e-02	6.933e-02
ENSG00000248626		5.725e-09	8.605e-09
ENSG00000248648		9.965e-09	1.656e-08
ENSG00000248663		5.014e-09	5.119e-09
ENSG00000248668		6.105e-03	1.387e-02
ENSG00000248677		5.356e-09	7.720e-09
ENSG00000248727		5.303e-09	6.794e-09
ENSG00000248734		4.084e-10	5.497e-10
ENSG00000248791		9.276e-01	9.913e-01
ENSG00000248794		5.435e-10	7.804e-10
ENSG00000248846		9.595e-05	9.670e-05
ENSG00000248874		5.047e-09	5.789e-09
ENSG00000248923		8.889e-09	1.116e-08
ENSG00000248925		5.425e-09	1.040e-08
ENSG00000248927		5.423e-09	5.600e-09
ENSG00000248968		3.325e-10	3.543e-10
ENSG00000248994		5.473e-09	5.758e-09
ENSG00000248996		5.575e-09	6.720e-09
ENSG00000249014		5.344e-09	5.793e-09
ENSG00000249035		5.049e-09	7.968e-09
ENSG00000249042		8.002e-01	8.368e-01
ENSG00000249109		1.039e-08	1.045e-08
ENSG00000249119		1.050e-08	1.117e-08
ENSG00000249129		1.044e-08	1.372e-08
ENSG00000249140		5.393e-09	5.424e-09
ENSG00000249158		4.313e-09	5.852e-09
ENSG00000249167		1.765e-02	2.110e-02
ENSG00000249180		5.202e-09	6.192e-09
ENSG00000249201		9.242e-01	9.564e-01
ENSG00000249238		4.982e-09	6.272e-09
ENSG00000249249		5.206e-09	5.805e-09
ENSG00000249293		4.348e-09	8.009e-09
ENSG00000249295		5.479e-09	5.479e-09
ENSG00000249352		6.956e-11	7.387e-11
ENSG00000249353		1.054e-08	1.071e-08
ENSG00000249363		6.876e-09	1.017e-08
ENSG00000249364		1.052e-08	1.097e-08
ENSG00000249412		5.110e-09	8.927e-09
ENSG00000249437		5.220e-09	6.938e-09
ENSG00000249476		7.744e-09	8.500e-09
ENSG00000249483		3.538e-03	3.575e-03
ENSG00000249485		1.121e-08	1.378e-08
ENSG00000249492		1.038e-08	1.098e-08
ENSG00000249494		1.041e-08	1.531e-08
ENSG00000249572		5.428e-09	7.709e-09
ENSG00000249593		1.063e-08	1.356e-08
ENSG00000249637		5.356e-09	5.511e-09
ENSG00000249655		9.344e-01	9.601e-01
ENSG00000249664		1.057e-08	1.311e-08
ENSG00000249669		5.161e-09	5.325e-09
ENSG00000249684		4.399e-09	4.583e-09
ENSG00000249721		9.366e-09	1.162e-08
ENSG00000249736		9.709e-09	1.095e-08
ENSG00000249740		5.441e-09	5.556e-09
ENSG00000249751		1.057e-08	1.063e-08
ENSG00000249781		5.274e-02	1.921e-01
ENSG00000249797		1.041e-08	1.074e-08
ENSG00000249825		7.671e-10	7.957e-10
ENSG00000249850		4.353e-09	5.802e-09
ENSG00000249855		1.152e-08	1.260e-08
ENSG00000249899		6.132e-09	9.142e-09
ENSG00000249908		1.042e-08	1.542e-08
ENSG00000249915		5.252e-09	1.093e-08
ENSG00000249947		1.533e-08	1.767e-08
ENSG00000249996		1.044e-08	1.061e-08
ENSG00000250048		4.249e-10	6.836e-10
ENSG00000250056		5.222e-09	5.222e-09
ENSG00000250069		1.059e-08	1.303e-08
ENSG00000250101		5.179e-09	5.745e-09
ENSG00000250120		4.526e-09	7.860e-09
ENSG00000250138		1.421e-08	1.460e-08
ENSG00000250155		5.228e-09	5.723e-09
ENSG00000250159		5.067e-09	5.129e-09
ENSG00000250182		1.074e-08	1.349e-08
ENSG00000250222		5.471e-09	5.695e-09
ENSG00000250237		1.947e-10	2.083e-10
ENSG00000250240		5.224e-09	5.280e-09
ENSG00000250320		5.217e-09	6.531e-09
ENSG00000250329		5.045e-11	5.233e-11
ENSG00000250337		5.234e-09	5.454e-09
ENSG00000250343		2.019e-09	3.380e-09
ENSG00000250387		8.361e-11	8.633e-11
ENSG00000250415		5.208e-09	5.263e-09
ENSG00000250427		1.040e-08	1.697e-08
ENSG00000250461		1.054e-08	1.104e-08
ENSG00000250482		5.220e-09	8.131e-09
ENSG00000250490		8.187e-10	9.447e-10
ENSG00000250509		5.225e-09	5.280e-09
ENSG00000250539		4.297e-09	4.888e-09
ENSG00000250579		5.215e-09	5.215e-09
ENSG00000250602		1.043e-08	1.230e-08
ENSG00000250629		1.057e-08	1.085e-08
ENSG00000250669		1.753e-03	1.888e-03
ENSG00000250678		7.422e-09	1.030e-08
ENSG00000250722		5.545e-09	1.097e-08
ENSG00000250764		5.989e-09	6.381e-09
ENSG00000250786		1.043e-08	1.155e-08
ENSG00000250802		1.077e-08	1.246e-08
ENSG00000250848		1.056e-08	1.057e-08
ENSG00000250853		1.039e-08	1.333e-08
ENSG00000250859		1.039e-08	1.369e-08
ENSG00000250882		1.169e-08	1.384e-08
ENSG00000250889		4.684e-09	5.563e-09
ENSG00000250891		2.498e-09	6.361e-09
ENSG00000250900		5.378e-09	5.622e-09
ENSG00000250909		5.065e-10	6.559e-10
ENSG00000250961		1.417e-08	1.607e-08
ENSG00000250999		1.007e-08	1.554e-08
ENSG00000251000		1.042e-08	1.086e-08
ENSG00000251023		1.666e-01	1.857e-01
ENSG00000251050		1.038e-08	1.192e-08
ENSG00000251076		9.639e-09	1.020e-08
ENSG00000251093		1.015e-08	1.110e-08
ENSG00000251102		3.205e-11	3.221e-11
ENSG00000251141		4.905e-09	5.615e-09
ENSG00000251169		2.119e-10	2.429e-10
ENSG00000251187		2.580e-03	4.874e-03
ENSG00000251189		9.985e-01	1.000e+00
ENSG00000251221		5.187e-09	5.517e-09
ENSG00000251257		5.209e-09	7.834e-09
ENSG00000251307		5.024e-09	6.003e-09
ENSG00000251314		1.779e-10	1.833e-10
ENSG00000251330		8.055e-09	1.028e-08
ENSG00000251348		9.657e-09	1.071e-08
ENSG00000251400		3.050e-10	3.080e-10
ENSG00000251405		5.802e-09	6.467e-09
ENSG00000251414		5.190e-09	5.245e-09
ENSG00000251450		1.060e-08	1.447e-08
ENSG00000251493		5.053e-09	5.107e-09
ENSG00000251495		4.353e-09	4.712e-09
ENSG00000251513		1.493e-03	2.345e-03
ENSG00000251532		5.209e-09	9.022e-09
ENSG00000251556		1.747e-02	3.274e-02
ENSG00000251593		5.349e-09	5.626e-09
ENSG00000251613		9.108e-02	1.039e-01
ENSG00000251634		9.076e-09	1.266e-08
ENSG00000251664		5.359e-09	5.359e-09
ENSG00000251666		9.550e-01	9.988e-01
ENSG00000251667		1.259e-09	1.370e-09
ENSG00000251682		1.560e-08	1.626e-08
ENSG00000252464		5.931e-09	7.249e-09
ENSG00000253141		1.052e-08	1.063e-08
ENSG00000253159		1.683e-10	1.909e-10
ENSG00000253163		3.970e-01	4.085e-01
ENSG00000253203		3.837e-09	4.641e-09
ENSG00000253213		5.481e-09	5.666e-09
ENSG00000253251		8.432e-09	9.891e-09
ENSG00000253305		5.228e-09	5.342e-09
ENSG00000253357		1.040e-08	1.237e-08
ENSG00000253404		1.071e-08	1.941e-08
ENSG00000253406		2.201e-10	2.704e-10
ENSG00000253417		4.912e-09	5.170e-09
ENSG00000253439		1.041e-08	1.129e-08
ENSG00000253485		2.396e-09	4.110e-09
ENSG00000253520		4.866e-10	6.719e-10
ENSG00000253522		4.783e-09	7.178e-09
ENSG00000253537		5.158e-09	5.701e-09
ENSG00000253558		1.042e-08	1.240e-08
ENSG00000253618		4.202e-10	7.674e-10
ENSG00000253683		7.013e-09	8.411e-09
ENSG00000253686		9.597e-01	9.597e-01
ENSG00000253731		1.041e-08	1.233e-08
ENSG00000253767		7.116e-02	7.191e-02
ENSG00000253785		6.645e-09	9.987e-09
ENSG00000253846		1.033e-04	1.594e-04
ENSG00000253869		5.193e-09	5.411e-09
ENSG00000253873		5.369e-09	5.384e-09
ENSG00000253908		5.383e-09	5.421e-09
ENSG00000253910		5.021e-09	1.040e-08
ENSG00000253921		1.422e-10	1.854e-10
ENSG00000253953		2.033e-10	2.199e-10
ENSG00000253955		5.311e-09	5.933e-09
ENSG00000253959		5.303e-09	5.429e-09
ENSG00000253966		1.042e-08	1.141e-08
ENSG00000253968		5.234e-09	5.235e-09
ENSG00000253978		5.340e-09	7.762e-09
ENSG00000254035		1.062e-08	1.195e-08
ENSG00000254042		5.195e-09	5.304e-09
ENSG00000254122		6.510e-09	8.626e-09
ENSG00000254164		9.991e-01	9.991e-01
ENSG00000254192		1.078e-08	1.283e-08
ENSG00000254211		1.040e-08	1.156e-08
ENSG00000254221		5.538e-09	9.535e-09
ENSG00000254226		9.954e-01	9.954e-01
ENSG00000254245		9.992e-09	1.312e-08
ENSG00000254298		5.611e-09	5.637e-09
ENSG00000254333		1.375e-03	1.702e-03
ENSG00000254363		4.116e-09	7.909e-09
ENSG00000254373		5.492e-09	5.718e-09
ENSG00000254893		1.022e-08	1.227e-08
ENSG00000255408		5.369e-09	6.141e-09
ENSG00000255622		5.430e-09	1.171e-08
ENSG00000255647		2.371e-01	3.214e-01
ENSG00000255833		2.693e-09	3.792e-09
ENSG00000255883		6.166e-09	9.982e-09
ENSG00000256235		4.512e-09	4.560e-09
ENSG00000259663		5.215e-09	6.807e-09
ENSG00000259802		6.634e-10	7.186e-10
ENSG00000260581		6.034e-09	6.963e-09
ENSG00000260686		4.984e-09	5.403e-09
ENSG00000260761		4.262e-10	5.649e-10
ENSG00000260871		5.210e-09	6.565e-09
ENSG00000261037		8.989e-09	1.387e-08
ENSG00000261269		9.166e-09	1.178e-08
ENSG00000261360		1.073e-08	1.578e-08
ENSG00000261604		5.319e-09	6.201e-09
ENSG00000261757		5.552e-09	5.579e-09
ENSG00000261934		5.342e-09	6.606e-09
ENSG00000262096		5.225e-09	6.925e-09
ENSG00000262209		5.583e-09	7.361e-09
ENSG00000262576		4.220e-09	7.808e-09
ENSG00000263432		1.380e-08	1.499e-08
ENSG00000263597		5.352e-09	1.235e-08
ENSG00000269961		4.607e-09	5.430e-09
ENSG00000270021		5.221e-09	5.221e-09
ENSG00000270067		4.251e-09	8.344e-09
ENSG00000270133		7.120e-09	8.632e-09
ENSG00000270177		5.665e-09	5.889e-09
ENSG00000270225		4.769e-11	4.769e-11
ENSG00000270307		5.327e-09	5.330e-09
ENSG00000270558		1.035e-08	1.069e-08
ENSG00000270706		5.946e-09	9.736e-09
ENSG00000270906		1.057e-08	1.411e-08
ENSG00000271119		1.176e-09	1.250e-09
ENSG00000271207		2.636e-09	3.135e-09
ENSG00000271334		1.043e-08	1.065e-08
ENSG00000271714		9.948e-01	9.948e-01
ENSG00000271737		1.041e-08	1.447e-08
ENSG00000271752		1.098e-08	1.342e-08
ENSG00000271781		5.590e-09	1.192e-08
ENSG00000271788		4.867e-11	5.099e-11
ENSG00000271795		1.042e-08	1.212e-08
ENSG00000271797		1.041e-08	1.085e-08
ENSG00000271815		2.255e-10	2.600e-10
ENSG00000271824		5.438e-09	5.938e-09
ENSG00000271828		6.632e-05	6.856e-04
ENSG00000271849		3.253e-01	6.228e-01
ENSG00000271862		5.098e-09	5.477e-09
ENSG00000271871		8.713e-10	1.876e-09
ENSG00000271874		5.212e-09	6.917e-09
ENSG00000271918		4.105e-02	1.482e-01
ENSG00000271926		1.141e-09	1.797e-09
ENSG00000271980		1.639e-10	1.917e-10
ENSG00000272021		5.550e-09	5.760e-09
ENSG00000272040		5.988e-09	6.129e-09
ENSG00000272049		6.694e-09	7.572e-09
ENSG00000272057		1.042e-08	1.047e-08
ENSG00000272070		1.052e-08	1.212e-08
ENSG00000272081		4.215e-11	4.284e-11
ENSG00000272086		5.663e-10	6.049e-10
ENSG00000272103		6.325e-09	6.700e-09
ENSG00000272108		5.322e-09	5.970e-09
ENSG00000272109		4.942e-09	5.141e-09
ENSG00000272112		8.354e-10	1.683e-09
ENSG00000272123		5.372e-09	6.137e-09
ENSG00000272130		9.481e-01	9.689e-01
ENSG00000272144		3.184e-10	3.393e-10
ENSG00000272234		5.448e-09	6.226e-09
ENSG00000272255		1.043e-08	2.695e-08
ENSG00000272265		4.813e-10	4.841e-10
ENSG00000272308		1.057e-08	1.327e-08
ENSG00000272323		6.226e-10	6.332e-10
ENSG00000272335		1.585e-09	1.651e-09
ENSG00000272347		5.314e-09	1.093e-08
ENSG00000272354		5.180e-09	9.002e-09
ENSG00000272367		2.082e-09	3.383e-09
ENSG00000272370		2.951e-09	3.325e-09
ENSG00000272382		5.146e-09	1.673e-08
ENSG00000272389		6.596e-09	1.235e-08
ENSG00000272416		6.864e-09	7.834e-09
ENSG00000272417		9.971e-10	1.136e-09
ENSG00000272431		1.043e-08	1.044e-08
ENSG00000272459		6.822e-11	6.822e-11
ENSG00000272523		7.294e-09	7.637e-09
ENSG00000272525		2.306e-09	6.228e-09
ENSG00000272674		6.374e-09	8.489e-09
ENSG00000273841		1.160e-08	1.206e-08
ENSG00000274525		1.607e-09	2.328e-09
ENSG00000275506		2.564e-09	2.564e-09
ENSG00000275765		5.086e-09	6.009e-09
ENSG00000276545		7.520e-11	7.855e-11
ENSG00000276547		5.177e-09	7.743e-09
ENSG00000276945		5.219e-09	5.769e-09
ENSG00000277039		1.036e-08	1.396e-08
ENSG00000277795		1.056e-08	1.101e-08
ENSG00000278921		8.384e-09	9.815e-09
ENSG00000278925		5.171e-09	8.171e-09
ENSG00000278970		2.051e-10	2.216e-10
ENSG00000279075		5.116e-09	6.780e-09
ENSG00000279118		4.421e-04	5.495e-04
ENSG00000279130		5.213e-09	6.203e-09
ENSG00000279204		1.094e-08	1.324e-08
ENSG00000279232		7.491e-10	1.553e-09
ENSG00000279370		6.082e-09	9.623e-09
ENSG00000279375		4.948e-09	4.949e-09
ENSG00000279400		6.212e-09	7.510e-09
ENSG00000279469		1.060e-08	1.149e-08
ENSG00000279522		8.962e-09	9.201e-09
ENSG00000279557		1.784e-01	6.091e-01
ENSG00000279584		6.470e-02	1.930e-01
ENSG00000279737		6.573e-10	7.165e-10
ENSG00000279799		9.889e-01	9.889e-01
ENSG00000279821		5.960e-09	6.385e-09
ENSG00000279883		7.332e-01	7.563e-01
ENSG00000279908		2.346e-09	4.149e-09
ENSG00000279923		2.982e-10	3.716e-10
ENSG00000280047		5.209e-09	6.586e-09
ENSG00000280159		4.658e-04	8.224e-04
ENSG00000280161		1.035e-08	1.143e-08
ENSG00000280187		5.225e-09	5.555e-09
ENSG00000280207		6.128e-09	1.033e-08
ENSG00000280338		5.155e-09	5.428e-09
ENSG00000280420		5.266e-09	5.546e-09
ENSG00000281357		1.054e-08	1.203e-08
ENSG00000281398		5.234e-09	7.476e-09
ENSG00000281881		6.645e-09	8.750e-09
ENSG00000283235		5.166e-01	7.614e-01
ENSG00000283498		5.151e-09	6.949e-09
ENSG00000283559		6.300e-11	6.342e-11
ENSG00000283602		5.178e-09	5.892e-09
ENSG00000283897		8.503e-01	9.877e-01
