Signal	Num_SNP	CPIP_qtl	CPIP_gwas_marginal	CPIP_gwas_qtl_prior	RCP	LCP
ENSG00000039139:1(@)ENSG00000039139:2      2  1.000e+00 3.832e-04    9.763e-03      9.656e-03	9.763e-03
ENSG00000050767:2(@)ENSG00000050767:2     10  9.984e-01 1.546e-01    4.340e-01      3.809e-01	4.339e-01
ENSG00000053108:1(@)ENSG00000053108:2     11  9.953e-01 2.234e-03    4.457e-03      3.262e-03	4.451e-03
ENSG00000072571:1(@)ENSG00000072571:1    104  7.619e-01 2.256e-01    2.107e-01      8.458e-02	1.795e-01
ENSG00000078295:3(@)ENSG00000078295:2      1  3.234e-04 1.107e-02    6.316e-03      1.798e-04	1.798e-04
ENSG00000112874:1(@)ENSG00000112874:2    126  9.988e-01 9.596e-02    9.125e-02      3.841e-02	9.119e-02
ENSG00000113163:2(@)ENSG00000113163:2     39  4.167e-01 1.514e-01    2.124e-01      1.362e-01	1.664e-01
ENSG00000113163:1(@)ENSG00000113163:1     15  5.601e-01 1.092e-01    2.604e-01      2.127e-01	2.379e-01
ENSG00000113318:1(@)ENSG00000113318:2      1  9.906e-01 4.801e-02    7.220e-01      7.219e-01	7.219e-01
ENSG00000113391:1(@)ENSG00000113391:1     19  8.546e-01 1.920e-01    4.622e-01      3.959e-01	4.516e-01
ENSG00000113494:1(@)ENSG00000113494:1      6  9.988e-01 3.385e-01    8.218e-01      7.797e-01	8.217e-01
ENSG00000113532:2(@)ENSG00000113532:3      6  7.912e-01 1.291e-04    3.065e-03      3.026e-03	3.050e-03
ENSG00000113558:1(@)ENSG00000113558:2      1  9.956e-01 9.971e-01    9.999e-01      9.999e-01	9.999e-01
ENSG00000113558:2(@)ENSG00000113558:3     11  2.911e-02 1.571e-01    1.212e-01      3.109e-02	3.329e-02
ENSG00000113578:2(@)ENSG00000113578:3      1  5.348e-02 2.865e-02    8.633e-02      7.222e-02	7.222e-02
ENSG00000113578:1(@)ENSG00000113578:2      7  9.968e-01 4.067e-01    8.716e-01      8.318e-01	8.714e-01
ENSG00000113583:1(@)ENSG00000113583:1     75  9.914e-01 9.775e-01    9.839e-01      6.041e-01	9.804e-01
ENSG00000113600:1(@)ENSG00000113600:1     11  9.981e-01 8.033e-01    9.679e-01      9.050e-01	9.677e-01
ENSG00000113600:2(@)ENSG00000113600:3      4  9.900e-01 1.541e-02    1.967e-01      1.918e-01	1.966e-01
ENSG00000113657:3(@)ENSG00000113657:3     33  1.203e-01 1.106e-02    8.342e-03      2.243e-03	2.931e-03
ENSG00000118322:1(@)ENSG00000118322:2      3  9.993e-01 3.843e-01    9.183e-01      8.997e-01	9.183e-01
ENSG00000118985:1(@)ENSG00000118985:2      4  9.142e-01 9.476e-01    9.930e-01      9.331e-01	9.868e-01
ENSG00000120149:1(@)ENSG00000120149:1      1  9.964e-01 9.345e-01    9.986e-01      9.986e-01	9.986e-01
ENSG00000120149:3(@)ENSG00000120149:2      1  1.149e-02 1.674e-02    1.872e-02      9.601e-03	9.601e-03
ENSG00000120727:1(@)ENSG00000120727:2      1  9.981e-01 3.526e-03    1.551e-01      1.551e-01	1.551e-01
ENSG00000127022:2(@)ENSG00000127022:3     73  9.672e-01 8.497e-03    6.418e-03      1.735e-03	6.258e-03
ENSG00000131507:1(@)ENSG00000131507:1      1  9.994e-01 8.676e-02    8.316e-01      8.316e-01	8.316e-01
ENSG00000134986:3(@)ENSG00000134986:1      4  1.462e-02 8.275e-02    5.507e-02      8.091e-03	8.668e-03
ENSG00000145506:1(@)ENSG00000145506:1      2  9.662e-01 2.301e-03    3.468e-03      2.223e-03	3.424e-03
ENSG00000145506:2(@)ENSG00000145506:3     10  7.854e-02 5.569e-03    5.072e-03      2.017e-03	2.229e-03
ENSG00000145569:2(@)ENSG00000145569:2      2  9.948e-01 9.935e-01    9.997e-01      9.817e-01	9.995e-01
ENSG00000145569:1(@)ENSG00000145569:1      4  9.948e-01 9.935e-01    9.997e-01      9.846e-01	9.996e-01
ENSG00000145569:3(@)ENSG00000145569:3      6  1.688e-02 2.116e-02    1.477e-02      3.045e-03	3.204e-03
ENSG00000145632:1(@)ENSG00000145632:2      5  9.480e-01 2.942e-03    2.306e-02      2.170e-02	2.298e-02
ENSG00000145715:1(@)ENSG00000145715:1     26  9.502e-01 5.966e-01    8.805e-01      7.914e-01	8.755e-01
ENSG00000145723:1(@)ENSG00000145723:1     17  8.607e-01 1.111e-01    2.887e-01      2.422e-01	2.816e-01
ENSG00000145730:1(@)ENSG00000145730:2      7  9.992e-01 9.948e-01    9.996e-01      9.719e-01	9.996e-01
ENSG00000145730:2(@)ENSG00000145730:3      5  5.419e-01 6.408e-01    8.635e-01      7.369e-01	8.006e-01
ENSG00000145782:4(@)ENSG00000145782:1      3  7.129e-02 9.895e-02    1.597e-01      1.099e-01	1.123e-01
ENSG00000145782:3(@)ENSG00000145782:2     37  2.987e-01 3.100e-01    3.406e-01      1.790e-01	2.246e-01
ENSG00000145882:3(@)ENSG00000145882:1     36  7.202e-02 9.681e-01    9.528e-01      1.626e-01	2.158e-01
ENSG00000145916:1(@)ENSG00000145916:1      2  9.992e-01 5.797e-01    9.784e-01      9.723e-01	9.784e-01
ENSG00000145934:1(@)ENSG00000145934:1     11  9.999e-01 9.999e-01    1.000e+00      8.043e-01	9.999e-01
ENSG00000145934:2(@)ENSG00000145934:3      1  9.999e-01 3.993e-01    9.719e-01      9.719e-01	9.719e-01
ENSG00000145934:4(@)ENSG00000145934:4      1  2.823e-04 2.766e-02    1.585e-02      3.953e-04	3.953e-04
ENSG00000145936:3(@)ENSG00000145936:2      1  1.021e-02 1.131e-02    1.195e-02      5.775e-03	5.775e-03
ENSG00000145936:1(@)ENSG00000145936:1      3  9.968e-01 3.358e-01    9.017e-01      8.837e-01	9.017e-01
ENSG00000146006:1(@)ENSG00000146006:2    119  9.921e-01 5.635e-01    5.796e-01      2.830e-01	5.772e-01
ENSG00000150756:1(@)ENSG00000150756:3     26  9.998e-01 2.025e-02    5.721e-02      4.695e-02	5.721e-02
ENSG00000150756:4(@)ENSG00000150756:2      2  9.889e-04 7.125e-02    4.339e-02      2.908e-03	2.916e-03
ENSG00000152495:1(@)ENSG00000152495:1     76  4.353e-01 6.942e-02    5.921e-02      2.068e-02	3.696e-02
ENSG00000152931:1(@)ENSG00000152931:2     11  9.836e-01 3.977e-01    7.854e-01      7.147e-01	7.840e-01
ENSG00000153006:2(@)ENSG00000153006:3      3  7.032e-01 3.345e-01    8.681e-01      8.404e-01	8.569e-01
ENSG00000153006:1(@)ENSG00000153006:1      2  9.984e-01 9.419e-01    9.975e-01      9.853e-01	9.974e-01
ENSG00000154153:1(@)ENSG00000154153:2     19  9.982e-01 9.402e-01    9.837e-01      8.516e-01	9.835e-01
ENSG00000155511:1(@)ENSG00000155511:1     34  9.811e-01 9.143e-01    9.634e-01      7.560e-01	9.592e-01
ENSG00000157111:1(@)ENSG00000157111:1      1  9.981e-01 7.690e-02    8.121e-01      8.121e-01	8.121e-01
ENSG00000164172:1(@)ENSG00000164172:2      3  9.980e-01 6.082e-03    9.629e-02      9.424e-02	9.628e-02
ENSG00000164181:1(@)ENSG00000164181:1      5  9.953e-01 9.642e-01    9.967e-01      9.571e-01	9.964e-01
ENSG00000164181:3(@)ENSG00000164181:3      4  6.111e-03 7.128e-02    4.847e-02      8.239e-03	8.389e-03
ENSG00000164219:2(@)ENSG00000164219:2      2  2.030e-02 1.097e-02    1.150e-02      5.509e-03	5.569e-03
ENSG00000164237:3(@)ENSG00000164237:2      1  7.503e-03 4.294e-03    3.966e-03      1.612e-03	1.612e-03
ENSG00000164241:1(@)ENSG00000164241:3     20  9.895e-01 5.631e-03    1.435e-02      1.138e-02	1.431e-02
ENSG00000164244:1(@)ENSG00000164244:1     29  9.999e-01 9.032e-01    9.622e-01      7.755e-01	9.621e-01
ENSG00000164244:2(@)ENSG00000164244:3      2  9.999e-01 4.014e-01    9.452e-01      9.348e-01	9.452e-01
ENSG00000164292:1(@)ENSG00000164292:1      1  9.951e-01 9.808e-01    9.996e-01      9.996e-01	9.996e-01
ENSG00000164309:1(@)ENSG00000164309:1     19  9.963e-01 9.873e-01    9.958e-01      8.242e-01	9.951e-01
ENSG00000164331:1(@)ENSG00000164331:2      2  9.881e-01 1.326e-01    8.496e-01      8.459e-01	8.494e-01
ENSG00000164591:1(@)ENSG00000164591:1      1  9.957e-01 4.437e-02    7.062e-01      7.062e-01	7.062e-01
ENSG00000170234:1(@)ENSG00000170234:1      4  9.878e-01 5.901e-01    9.555e-01      9.300e-01	9.550e-01
ENSG00000173261:3(@)ENSG00000173261:2     19  1.961e-02 2.031e-01    1.373e-01      1.608e-02	1.820e-02
ENSG00000173261:1(@)ENSG00000173261:2      1  9.911e-01 1.399e-01    8.934e-01      8.933e-01	8.933e-01
ENSG00000174136:1(@)ENSG00000174136:1     16  5.511e-01 2.738e-03    4.363e-03      2.885e-03	3.671e-03
ENSG00000175426:1(@)ENSG00000175426:1      1  9.993e-01 1.117e-01    8.673e-01      8.673e-01	8.673e-01
ENSG00000175745:1(@)ENSG00000175745:3     14  5.726e-01 2.489e-04    1.860e-04      4.917e-05	1.260e-04
ENSG00000176018:1(@)ENSG00000176018:1      3  9.843e-01 4.910e-01    9.619e-01      9.517e-01	9.616e-01
ENSG00000176783:2(@)ENSG00000176783:3      4  9.999e-01 1.614e-02    1.989e-01      1.937e-01	1.989e-01
ENSG00000176783:1(@)ENSG00000176783:2     10  9.999e-01 1.426e-01    6.509e-01      6.254e-01	6.508e-01
ENSG00000181104:1(@)ENSG00000181104:1     90  1.670e-01 6.993e-03    4.243e-03      3.751e-04	9.967e-04
ENSG00000183876:1(@)ENSG00000183876:2     32  9.995e-01 8.457e-02    1.728e-01      1.320e-01	1.728e-01
ENSG00000184838:1(@)ENSG00000184838:2     34  9.844e-01 5.908e-02    1.127e-01      8.282e-02	1.122e-01
ENSG00000186493:1(@)ENSG00000186493:2      1  9.978e-01 2.939e-01    9.557e-01      9.557e-01	9.557e-01
ENSG00000188002:1(@)ENSG00000188002:2      5  9.553e-01 4.131e-02    3.334e-01      3.210e-01	3.327e-01
ENSG00000197603:3(@)ENSG00000197603:1     36  9.186e-02 9.757e-01    9.609e-01      9.332e-02	1.693e-01
ENSG00000212643:2(@)ENSG00000212643:2      1  2.189e-02 6.370e-03    1.038e-02      6.951e-03	6.951e-03
ENSG00000213433:1(@)ENSG00000213433:2     40  9.948e-01 5.400e-01    6.022e-01      3.482e-01	6.008e-01
ENSG00000213433:2(@)ENSG00000213433:3      1  6.911e-03 5.278e-03    4.721e-03      1.825e-03	1.825e-03
ENSG00000213523:1(@)ENSG00000213523:2     13  9.993e-01 5.496e-03    4.423e-02      4.176e-02	4.423e-02
ENSG00000213949:1(@)ENSG00000213949:3      7  9.985e-01 2.884e-04    3.062e-03      2.934e-03	3.061e-03
ENSG00000214510:3(@)ENSG00000214510:1     77  1.729e-01 9.947e-01    9.906e-01      2.021e-02	1.824e-01
ENSG00000224186:1(@)ENSG00000224186:1      3  1.000e+00 9.981e-01    9.999e-01      9.764e-01	9.999e-01
ENSG00000224186:2(@)ENSG00000224186:2     97  9.839e-01 6.512e-01    6.928e-01      3.801e-01	6.875e-01
ENSG00000226040:1(@)ENSG00000226040:2    114  9.855e-01 5.712e-02    4.662e-02      1.489e-02	4.614e-02
ENSG00000229666:1(@)ENSG00000229666:1      2  9.989e-01 4.419e-01    9.553e-01      9.459e-01	9.553e-01
ENSG00000232615:1(@)ENSG00000232615:2     18  9.930e-01 9.398e-01    9.860e-01      8.744e-01	9.851e-01
ENSG00000237190:1(@)ENSG00000237190:2      3  9.998e-01 1.987e-01    8.080e-01      7.901e-01	8.080e-01
ENSG00000237190:2(@)ENSG00000237190:3     22  9.998e-01 1.959e-03    2.578e-03      1.513e-03	2.578e-03
ENSG00000239528:2(@)ENSG00000239528:1      2  6.538e-03 9.183e-03    6.352e-03      1.281e-03	1.300e-03
ENSG00000240184:1(@)ENSG00000240184:1     55  2.029e-01 1.499e-01    1.441e-01      6.139e-02	7.713e-02
ENSG00000241809:1(@)ENSG00000241809:1      1  9.999e-01 9.988e-01    1.000e+00      1.000e+00	1.000e+00
ENSG00000242110:1(@)ENSG00000242110:2     14  9.935e-01 2.790e-01    6.625e-01      5.967e-01	6.620e-01
ENSG00000245146:2(@)ENSG00000245146:1     16  9.999e-01 4.697e-01    7.095e-01      5.735e-01	7.095e-01
ENSG00000247199:1(@)ENSG00000247199:1      1  9.962e-01 9.967e-01    9.999e-01      9.999e-01	9.999e-01
ENSG00000248222:2(@)ENSG00000248222:1      8  2.886e-02 5.631e-02    3.871e-02      7.127e-03	7.931e-03
ENSG00000248275:1(@)ENSG00000248275:2     20  9.981e-01 4.314e-01    7.020e-01      5.834e-01	7.018e-01
ENSG00000248445:1(@)ENSG00000248445:2     17  9.992e-01 6.139e-01    8.680e-01      7.602e-01	8.679e-01
ENSG00000248610:1(@)ENSG00000248610:1    120  9.942e-01 7.384e-02    6.957e-02      2.893e-02	6.933e-02
ENSG00000248668:2(@)ENSG00000248668:1     45  4.887e-01 2.942e-02    2.240e-02      6.105e-03	1.387e-02
ENSG00000248791:1(@)ENSG00000248791:1     12  1.000e+00 9.344e-01    9.898e-01      9.191e-01	9.898e-01
ENSG00000248791:2(@)ENSG00000248791:2     64  1.000e+00 8.730e-02    1.377e-01      9.312e-02	1.377e-01
ENSG00000248791:3(@)ENSG00000248791:3     25  1.507e-01 1.232e-02    1.984e-02      1.323e-02	1.407e-02
ENSG00000249042:1(@)ENSG00000249042:1      7  9.988e-01 3.336e-01    8.368e-01      8.002e-01	8.368e-01
ENSG00000249167:2(@)ENSG00000249167:3     20  9.351e-01 7.169e-03    2.136e-02      1.765e-02	2.110e-02
ENSG00000249201:1(@)ENSG00000249201:1      7  9.973e-01 6.371e-01    9.565e-01      9.242e-01	9.564e-01
ENSG00000249483:3(@)ENSG00000249483:2      2  2.845e-02 4.975e-03    6.243e-03      3.538e-03	3.575e-03
ENSG00000249655:2(@)ENSG00000249655:3      1  9.987e-01 3.108e-02    6.248e-01      6.248e-01	6.248e-01
ENSG00000249655:1(@)ENSG00000249655:1      7  9.997e-01 5.677e-01    8.934e-01      8.249e-01	8.934e-01
ENSG00000249655:3(@)ENSG00000249655:4      2  2.830e-02 9.026e-04    1.609e-03      1.123e-03	1.125e-03
ENSG00000249781:2(@)ENSG00000249781:1     60  1.527e-01 9.999e-01    9.998e-01      5.274e-02	1.921e-01
ENSG00000250669:3(@)ENSG00000250669:3     14  2.737e-01 1.047e-03    2.312e-03      1.753e-03	1.888e-03
ENSG00000251023:2(@)ENSG00000251023:2     12  9.997e-01 4.419e-02    1.857e-01      1.666e-01	1.857e-01
ENSG00000251187:1(@)ENSG00000251187:1     32  6.083e-02 6.968e-02    4.216e-02      2.580e-03	4.874e-03
ENSG00000251189:1(@)ENSG00000251189:1      5  9.996e-01 9.946e-01    9.997e-01      9.781e-01	9.997e-01
ENSG00000251189:2(@)ENSG00000251189:2     13  9.996e-01 9.999e-01    1.000e+00      9.062e-01	9.999e-01
ENSG00000251189:3(@)ENSG00000251189:4     15  3.508e-01 1.318e-01    3.151e-01      2.604e-01	2.773e-01
ENSG00000251513:2(@)ENSG00000251513:3    113  9.987e-02 1.623e-02    1.049e-02      1.493e-03	2.345e-03
ENSG00000251556:1(@)ENSG00000251556:5     80  9.511e-01 2.961e-02    3.357e-02      1.747e-02	3.274e-02
ENSG00000251613:1(@)ENSG00000251613:2      9  9.785e-01 2.768e-02    1.042e-01      9.108e-02	1.039e-01
ENSG00000251666:1(@)ENSG00000251666:1      7  9.967e-01 9.897e-01    9.990e-01      9.550e-01	9.988e-01
ENSG00000253163:1(@)ENSG00000253163:2      3  3.648e-01 1.242e-01    4.369e-01      3.970e-01	4.085e-01
ENSG00000253686:1(@)ENSG00000253686:2      1  9.840e-01 3.184e-01    9.598e-01      9.597e-01	9.597e-01
ENSG00000253767:1(@)ENSG00000253767:2      2  9.962e-01 2.952e-03    7.192e-02      7.116e-02	7.191e-02
ENSG00000253846:2(@)ENSG00000253846:3     45  9.960e-01 1.040e-04    1.596e-04      1.033e-04	1.594e-04
ENSG00000254164:1(@)ENSG00000254164:1      1  9.986e-01 9.575e-01    9.991e-01      9.991e-01	9.991e-01
ENSG00000254226:1(@)ENSG00000254226:1      1  9.989e-01 8.080e-01    9.954e-01      9.954e-01	9.954e-01
ENSG00000254333:3(@)ENSG00000254333:2     13  4.321e-02 1.480e-02    9.573e-03      1.375e-03	1.702e-03
ENSG00000255647:2(@)ENSG00000255647:1     26  2.210e-01 6.708e-01    6.398e-01      2.371e-01	3.214e-01
ENSG00000271714:1(@)ENSG00000271714:1      1  9.935e-01 7.887e-01    9.948e-01      9.948e-01	9.948e-01
ENSG00000271828:3(@)ENSG00000271828:1     53  1.258e-01 9.198e-03    5.164e-03      6.631e-05	6.856e-04
ENSG00000271849:1(@)ENSG00000271849:2    121  9.871e-01 5.970e-01    6.269e-01      3.253e-01	6.228e-01
ENSG00000271918:2(@)ENSG00000271918:1     88  1.165e-01 9.982e-01    9.969e-01      4.105e-02	1.482e-01
ENSG00000272130:2(@)ENSG00000272130:1     11  9.994e-01 6.180e-01    9.566e-01      9.276e-01	9.565e-01
ENSG00000272130:1(@)ENSG00000272130:1      1  9.994e-01 7.559e-03    2.836e-01      2.836e-01	2.836e-01
ENSG00000279118:2(@)ENSG00000279118:2      6  4.422e-02 4.759e-03    3.069e-03      4.421e-04	5.495e-04
ENSG00000279557:2(@)ENSG00000279557:1    161  5.418e-01 9.929e-01    9.895e-01      1.784e-01	6.091e-01
ENSG00000279584:1(@)ENSG00000279584:2    194  9.946e-01 2.257e-01    1.937e-01      6.470e-02	1.930e-01
ENSG00000279799:2(@)ENSG00000279799:2      1  9.999e-01 3.916e-02    6.794e-01      6.794e-01	6.794e-01
ENSG00000279799:1(@)ENSG00000279799:1      1  9.999e-01 3.486e-01    9.653e-01      9.653e-01	9.653e-01
ENSG00000279883:1(@)ENSG00000279883:1      4  9.931e-01 1.879e-01    7.565e-01      7.332e-01	7.563e-01
ENSG00000280159:2(@)ENSG00000280159:1     20  3.155e-01 2.132e-03    1.638e-03      4.658e-04	8.224e-04
ENSG00000283235:1(@)ENSG00000283235:2     50  9.911e-01 6.596e-01    7.638e-01      5.166e-01	7.614e-01
ENSG00000283897:1(@)ENSG00000283897:1     23  9.987e-01 9.565e-01    9.879e-01      8.503e-01	9.877e-01
